{"/media/nathan/Seagate Hub/Projects/lens/src/core/ast-cache.ts": {"path":"/media/nathan/Seagate Hub/Projects/lens/src/core/ast-cache.ts","all":false,"statementMap":{"0":{"start":{"line":1,"column":0},"end":{"line":1,"column":3}},"1":{"start":{"line":2,"column":0},"end":{"line":2,"column":44}},"2":{"start":{"line":3,"column":0},"end":{"line":3,"column":51}},"3":{"start":{"line":4,"column":0},"end":{"line":4,"column":86}},"4":{"start":{"line":5,"column":0},"end":{"line":5,"column":3}},"5":{"start":{"line":6,"column":0},"end":{"line":6,"column":0}},"6":{"start":{"line":7,"column":0},"end":{"line":7,"column":37}},"7":{"start":{"line":8,"column":0},"end":{"line":8,"column":33}},"8":{"start":{"line":9,"column":0},"end":{"line":9,"column":0}},"9":{"start":{"line":10,"column":0},"end":{"line":10,"column":28}},"10":{"start":{"line":11,"column":0},"end":{"line":11,"column":19}},"11":{"start":{"line":12,"column":0},"end":{"line":12,"column":20}},"12":{"start":{"line":13,"column":0},"end":{"line":13,"column":23}},"13":{"start":{"line":14,"column":0},"end":{"line":14,"column":51}},"14":{"start":{"line":15,"column":0},"end":{"line":15,"column":22}},"15":{"start":{"line":16,"column":0},"end":{"line":16,"column":59}},"16":{"start":{"line":17,"column":0},"end":{"line":17,"column":12}},"17":{"start":{"line":18,"column":0},"end":{"line":18,"column":86}},"18":{"start":{"line":19,"column":0},"end":{"line":19,"column":105}},"19":{"start":{"line":20,"column":0},"end":{"line":20,"column":87}},"20":{"start":{"line":21,"column":0},"end":{"line":21,"column":82}},"21":{"start":{"line":22,"column":0},"end":{"line":22,"column":85}},"22":{"start":{"line":23,"column":0},"end":{"line":23,"column":4}},"23":{"start":{"line":24,"column":0},"end":{"line":24,"column":1}},"24":{"start":{"line":25,"column":0},"end":{"line":25,"column":0}},"25":{"start":{"line":26,"column":0},"end":{"line":26,"column":23}},"26":{"start":{"line":27,"column":0},"end":{"line":27,"column":45}},"27":{"start":{"line":28,"column":0},"end":{"line":28,"column":52}},"28":{"start":{"line":29,"column":0},"end":{"line":29,"column":23}},"29":{"start":{"line":30,"column":0},"end":{"line":30,"column":24}},"30":{"start":{"line":31,"column":0},"end":{"line":31,"column":2}},"31":{"start":{"line":32,"column":0},"end":{"line":32,"column":38}},"32":{"start":{"line":33,"column":0},"end":{"line":33,"column":50}},"33":{"start":{"line":34,"column":0},"end":{"line":34,"column":20}},"34":{"start":{"line":35,"column":0},"end":{"line":35,"column":40}},"35":{"start":{"line":36,"column":0},"end":{"line":36,"column":7}},"36":{"start":{"line":37,"column":0},"end":{"line":37,"column":3}},"37":{"start":{"line":38,"column":0},"end":{"line":38,"column":0}},"38":{"start":{"line":39,"column":0},"end":{"line":39,"column":5}},"39":{"start":{"line":40,"column":0},"end":{"line":40,"column":65}},"40":{"start":{"line":41,"column":0},"end":{"line":41,"column":5}},"41":{"start":{"line":42,"column":0},"end":{"line":42,"column":104}},"42":{"start":{"line":43,"column":0},"end":{"line":43,"column":56}},"43":{"start":{"line":44,"column":0},"end":{"line":44,"column":44}},"44":{"start":{"line":45,"column":0},"end":{"line":45,"column":0}},"45":{"start":{"line":46,"column":0},"end":{"line":46,"column":50}},"46":{"start":{"line":47,"column":0},"end":{"line":47,"column":49}},"47":{"start":{"line":48,"column":0},"end":{"line":48,"column":39}},"48":{"start":{"line":49,"column":0},"end":{"line":49,"column":22}},"49":{"start":{"line":50,"column":0},"end":{"line":50,"column":93}},"50":{"start":{"line":51,"column":0},"end":{"line":51,"column":20}},"51":{"start":{"line":52,"column":0},"end":{"line":52,"column":5}},"52":{"start":{"line":53,"column":0},"end":{"line":53,"column":0}},"53":{"start":{"line":54,"column":0},"end":{"line":54,"column":34}},"54":{"start":{"line":55,"column":0},"end":{"line":55,"column":21}},"55":{"start":{"line":56,"column":0},"end":{"line":56,"column":66}},"56":{"start":{"line":57,"column":0},"end":{"line":57,"column":4}},"57":{"start":{"line":58,"column":0},"end":{"line":58,"column":34}},"58":{"start":{"line":59,"column":0},"end":{"line":59,"column":66}},"59":{"start":{"line":60,"column":0},"end":{"line":60,"column":46}},"60":{"start":{"line":61,"column":0},"end":{"line":61,"column":0}},"61":{"start":{"line":62,"column":0},"end":{"line":62,"column":34}},"62":{"start":{"line":63,"column":0},"end":{"line":63,"column":15}},"63":{"start":{"line":64,"column":0},"end":{"line":64,"column":16}},"64":{"start":{"line":65,"column":0},"end":{"line":65,"column":31}},"65":{"start":{"line":66,"column":0},"end":{"line":66,"column":15}},"66":{"start":{"line":67,"column":0},"end":{"line":67,"column":104}},"67":{"start":{"line":68,"column":0},"end":{"line":68,"column":19}},"68":{"start":{"line":69,"column":0},"end":{"line":69,"column":6}},"69":{"start":{"line":70,"column":0},"end":{"line":70,"column":0}},"70":{"start":{"line":71,"column":0},"end":{"line":71,"column":40}},"71":{"start":{"line":72,"column":0},"end":{"line":72,"column":99}},"72":{"start":{"line":73,"column":0},"end":{"line":73,"column":4}},"73":{"start":{"line":74,"column":0},"end":{"line":74,"column":21}},"74":{"start":{"line":75,"column":0},"end":{"line":75,"column":3}},"75":{"start":{"line":76,"column":0},"end":{"line":76,"column":0}},"76":{"start":{"line":77,"column":0},"end":{"line":77,"column":5}},"77":{"start":{"line":78,"column":0},"end":{"line":78,"column":48}},"78":{"start":{"line":79,"column":0},"end":{"line":79,"column":5}},"79":{"start":{"line":80,"column":0},"end":{"line":80,"column":14}},"80":{"start":{"line":81,"column":0},"end":{"line":81,"column":49}},"81":{"start":{"line":82,"column":0},"end":{"line":82,"column":12}},"82":{"start":{"line":83,"column":0},"end":{"line":83,"column":33}},"83":{"start":{"line":84,"column":0},"end":{"line":84,"column":30}},"84":{"start":{"line":85,"column":0},"end":{"line":85,"column":32}},"85":{"start":{"line":86,"column":0},"end":{"line":86,"column":73}},"86":{"start":{"line":87,"column":0},"end":{"line":87,"column":27}},"87":{"start":{"line":88,"column":0},"end":{"line":88,"column":6}},"88":{"start":{"line":89,"column":0},"end":{"line":89,"column":3}},"89":{"start":{"line":90,"column":0},"end":{"line":90,"column":0}},"90":{"start":{"line":91,"column":0},"end":{"line":91,"column":5}},"91":{"start":{"line":92,"column":0},"end":{"line":92,"column":55}},"92":{"start":{"line":93,"column":0},"end":{"line":93,"column":5}},"93":{"start":{"line":94,"column":0},"end":{"line":94,"column":42}},"94":{"start":{"line":95,"column":0},"end":{"line":95,"column":110}},"95":{"start":{"line":96,"column":0},"end":{"line":96,"column":93}},"96":{"start":{"line":97,"column":0},"end":{"line":97,"column":4}},"97":{"start":{"line":98,"column":0},"end":{"line":98,"column":12}},"98":{"start":{"line":99,"column":0},"end":{"line":99,"column":19}},"99":{"start":{"line":100,"column":0},"end":{"line":100,"column":20}},"100":{"start":{"line":101,"column":0},"end":{"line":101,"column":35}},"101":{"start":{"line":102,"column":0},"end":{"line":102,"column":100}},"102":{"start":{"line":103,"column":0},"end":{"line":103,"column":6}},"103":{"start":{"line":104,"column":0},"end":{"line":104,"column":3}},"104":{"start":{"line":105,"column":0},"end":{"line":105,"column":0}},"105":{"start":{"line":106,"column":0},"end":{"line":106,"column":5}},"106":{"start":{"line":107,"column":0},"end":{"line":107,"column":77}},"107":{"start":{"line":108,"column":0},"end":{"line":108,"column":5}},"108":{"start":{"line":109,"column":0},"end":{"line":109,"column":108}},"109":{"start":{"line":110,"column":0},"end":{"line":110,"column":32}},"110":{"start":{"line":111,"column":0},"end":{"line":111,"column":52}},"111":{"start":{"line":112,"column":0},"end":{"line":112,"column":3}},"112":{"start":{"line":113,"column":0},"end":{"line":113,"column":0}},"113":{"start":{"line":114,"column":0},"end":{"line":114,"column":5}},"114":{"start":{"line":115,"column":0},"end":{"line":115,"column":16}},"115":{"start":{"line":116,"column":0},"end":{"line":116,"column":5}},"116":{"start":{"line":117,"column":0},"end":{"line":117,"column":11}},"117":{"start":{"line":118,"column":0},"end":{"line":118,"column":23}},"118":{"start":{"line":119,"column":0},"end":{"line":119,"column":31}},"119":{"start":{"line":120,"column":0},"end":{"line":120,"column":22}},"120":{"start":{"line":121,"column":0},"end":{"line":121,"column":23}},"121":{"start":{"line":122,"column":0},"end":{"line":122,"column":3}},"122":{"start":{"line":123,"column":0},"end":{"line":123,"column":0}},"123":{"start":{"line":124,"column":0},"end":{"line":124,"column":5}},"124":{"start":{"line":125,"column":0},"end":{"line":125,"column":56}},"125":{"start":{"line":126,"column":0},"end":{"line":126,"column":5}},"126":{"start":{"line":127,"column":0},"end":{"line":127,"column":57}},"127":{"start":{"line":128,"column":0},"end":{"line":128,"column":86}},"128":{"start":{"line":129,"column":0},"end":{"line":129,"column":3}},"129":{"start":{"line":130,"column":0},"end":{"line":130,"column":0}},"130":{"start":{"line":131,"column":0},"end":{"line":131,"column":5}},"131":{"start":{"line":132,"column":0},"end":{"line":132,"column":58}},"132":{"start":{"line":133,"column":0},"end":{"line":133,"column":61}},"133":{"start":{"line":134,"column":0},"end":{"line":134,"column":5}},"134":{"start":{"line":135,"column":0},"end":{"line":135,"column":26}},"135":{"start":{"line":136,"column":0},"end":{"line":136,"column":21}},"136":{"start":{"line":137,"column":0},"end":{"line":137,"column":37}},"137":{"start":{"line":138,"column":0},"end":{"line":138,"column":20}},"138":{"start":{"line":139,"column":0},"end":{"line":139,"column":36}},"139":{"start":{"line":140,"column":0},"end":{"line":140,"column":38}},"140":{"start":{"line":141,"column":0},"end":{"line":141,"column":39}},"141":{"start":{"line":142,"column":0},"end":{"line":142,"column":20}},"142":{"start":{"line":143,"column":0},"end":{"line":143,"column":18}},"143":{"start":{"line":144,"column":0},"end":{"line":144,"column":21}},"144":{"start":{"line":145,"column":0},"end":{"line":145,"column":16}},"145":{"start":{"line":146,"column":0},"end":{"line":146,"column":18}},"146":{"start":{"line":147,"column":0},"end":{"line":147,"column":6}},"147":{"start":{"line":148,"column":0},"end":{"line":148,"column":0}},"148":{"start":{"line":149,"column":0},"end":{"line":149,"column":36}},"149":{"start":{"line":150,"column":0},"end":{"line":150,"column":65}},"150":{"start":{"line":151,"column":0},"end":{"line":151,"column":58}},"151":{"start":{"line":152,"column":0},"end":{"line":152,"column":5}},"152":{"start":{"line":153,"column":0},"end":{"line":153,"column":21}},"153":{"start":{"line":154,"column":0},"end":{"line":154,"column":37}},"154":{"start":{"line":155,"column":0},"end":{"line":155,"column":54}},"155":{"start":{"line":156,"column":0},"end":{"line":156,"column":5}},"156":{"start":{"line":157,"column":0},"end":{"line":157,"column":0}},"157":{"start":{"line":158,"column":0},"end":{"line":158,"column":15}},"158":{"start":{"line":159,"column":0},"end":{"line":159,"column":3}},"159":{"start":{"line":160,"column":0},"end":{"line":160,"column":0}},"160":{"start":{"line":161,"column":0},"end":{"line":161,"column":5}},"161":{"start":{"line":162,"column":0},"end":{"line":162,"column":61}},"162":{"start":{"line":163,"column":0},"end":{"line":163,"column":5}},"163":{"start":{"line":164,"column":0},"end":{"line":164,"column":98}},"164":{"start":{"line":165,"column":0},"end":{"line":165,"column":64}},"165":{"start":{"line":166,"column":0},"end":{"line":166,"column":4}},"166":{"start":{"line":167,"column":0},"end":{"line":167,"column":62}},"167":{"start":{"line":168,"column":0},"end":{"line":168,"column":129}},"168":{"start":{"line":169,"column":0},"end":{"line":169,"column":38}},"169":{"start":{"line":170,"column":0},"end":{"line":170,"column":4}},"170":{"start":{"line":171,"column":0},"end":{"line":171,"column":62}},"171":{"start":{"line":172,"column":0},"end":{"line":172,"column":68}},"172":{"start":{"line":173,"column":0},"end":{"line":173,"column":90}},"173":{"start":{"line":174,"column":0},"end":{"line":174,"column":6}},"174":{"start":{"line":175,"column":0},"end":{"line":175,"column":26}},"175":{"start":{"line":176,"column":0},"end":{"line":176,"column":29}},"176":{"start":{"line":177,"column":0},"end":{"line":177,"column":22}},"177":{"start":{"line":178,"column":0},"end":{"line":178,"column":20}},"178":{"start":{"line":179,"column":0},"end":{"line":179,"column":42}},"179":{"start":{"line":180,"column":0},"end":{"line":180,"column":9}},"180":{"start":{"line":181,"column":0},"end":{"line":181,"column":5}},"181":{"start":{"line":182,"column":0},"end":{"line":182,"column":0}},"182":{"start":{"line":183,"column":0},"end":{"line":183,"column":45}},"183":{"start":{"line":184,"column":0},"end":{"line":184,"column":142}},"184":{"start":{"line":185,"column":0},"end":{"line":185,"column":31}},"185":{"start":{"line":186,"column":0},"end":{"line":186,"column":4}},"186":{"start":{"line":187,"column":0},"end":{"line":187,"column":59}},"187":{"start":{"line":188,"column":0},"end":{"line":188,"column":68}},"188":{"start":{"line":189,"column":0},"end":{"line":189,"column":90}},"189":{"start":{"line":190,"column":0},"end":{"line":190,"column":6}},"190":{"start":{"line":191,"column":0},"end":{"line":191,"column":24}},"191":{"start":{"line":192,"column":0},"end":{"line":192,"column":21}},"192":{"start":{"line":193,"column":0},"end":{"line":193,"column":21}},"193":{"start":{"line":194,"column":0},"end":{"line":194,"column":20}},"194":{"start":{"line":195,"column":0},"end":{"line":195,"column":25}},"195":{"start":{"line":196,"column":0},"end":{"line":196,"column":30}},"196":{"start":{"line":197,"column":0},"end":{"line":197,"column":11}},"197":{"start":{"line":198,"column":0},"end":{"line":198,"column":29}},"198":{"start":{"line":199,"column":0},"end":{"line":199,"column":22}},"199":{"start":{"line":200,"column":0},"end":{"line":200,"column":20}},"200":{"start":{"line":201,"column":0},"end":{"line":201,"column":8}},"201":{"start":{"line":202,"column":0},"end":{"line":202,"column":6}},"202":{"start":{"line":203,"column":0},"end":{"line":203,"column":47}},"203":{"start":{"line":204,"column":0},"end":{"line":204,"column":44}},"204":{"start":{"line":205,"column":0},"end":{"line":205,"column":57}},"205":{"start":{"line":206,"column":0},"end":{"line":206,"column":70}},"206":{"start":{"line":207,"column":0},"end":{"line":207,"column":7}},"207":{"start":{"line":208,"column":0},"end":{"line":208,"column":6}},"208":{"start":{"line":209,"column":0},"end":{"line":209,"column":34}},"209":{"start":{"line":210,"column":0},"end":{"line":210,"column":5}},"210":{"start":{"line":211,"column":0},"end":{"line":211,"column":0}},"211":{"start":{"line":212,"column":0},"end":{"line":212,"column":45}},"212":{"start":{"line":213,"column":0},"end":{"line":213,"column":121}},"213":{"start":{"line":214,"column":0},"end":{"line":214,"column":35}},"214":{"start":{"line":215,"column":0},"end":{"line":215,"column":4}},"215":{"start":{"line":216,"column":0},"end":{"line":216,"column":63}},"216":{"start":{"line":217,"column":0},"end":{"line":217,"column":68}},"217":{"start":{"line":218,"column":0},"end":{"line":218,"column":90}},"218":{"start":{"line":219,"column":0},"end":{"line":219,"column":6}},"219":{"start":{"line":220,"column":0},"end":{"line":220,"column":28}},"220":{"start":{"line":221,"column":0},"end":{"line":221,"column":21}},"221":{"start":{"line":222,"column":0},"end":{"line":222,"column":21}},"222":{"start":{"line":223,"column":0},"end":{"line":223,"column":20}},"223":{"start":{"line":224,"column":0},"end":{"line":224,"column":27}},"224":{"start":{"line":225,"column":0},"end":{"line":225,"column":11}},"225":{"start":{"line":226,"column":0},"end":{"line":226,"column":29}},"226":{"start":{"line":227,"column":0},"end":{"line":227,"column":22}},"227":{"start":{"line":228,"column":0},"end":{"line":228,"column":20}},"228":{"start":{"line":229,"column":0},"end":{"line":229,"column":8}},"229":{"start":{"line":230,"column":0},"end":{"line":230,"column":6}},"230":{"start":{"line":231,"column":0},"end":{"line":231,"column":21}},"231":{"start":{"line":232,"column":0},"end":{"line":232,"column":71}},"232":{"start":{"line":233,"column":0},"end":{"line":233,"column":7}},"233":{"start":{"line":234,"column":0},"end":{"line":234,"column":6}},"234":{"start":{"line":235,"column":0},"end":{"line":235,"column":41}},"235":{"start":{"line":236,"column":0},"end":{"line":236,"column":5}},"236":{"start":{"line":237,"column":0},"end":{"line":237,"column":0}},"237":{"start":{"line":238,"column":0},"end":{"line":238,"column":26}},"238":{"start":{"line":239,"column":0},"end":{"line":239,"column":90}},"239":{"start":{"line":240,"column":0},"end":{"line":240,"column":30}},"240":{"start":{"line":241,"column":0},"end":{"line":241,"column":4}},"241":{"start":{"line":242,"column":0},"end":{"line":242,"column":58}},"242":{"start":{"line":243,"column":0},"end":{"line":243,"column":68}},"243":{"start":{"line":244,"column":0},"end":{"line":244,"column":90}},"244":{"start":{"line":245,"column":0},"end":{"line":245,"column":6}},"245":{"start":{"line":246,"column":0},"end":{"line":246,"column":22}},"246":{"start":{"line":247,"column":0},"end":{"line":247,"column":29}},"247":{"start":{"line":248,"column":0},"end":{"line":248,"column":22}},"248":{"start":{"line":249,"column":0},"end":{"line":249,"column":20}},"249":{"start":{"line":250,"column":0},"end":{"line":250,"column":43}},"250":{"start":{"line":251,"column":0},"end":{"line":251,"column":9}},"251":{"start":{"line":252,"column":0},"end":{"line":252,"column":5}},"252":{"start":{"line":253,"column":0},"end":{"line":253,"column":0}},"253":{"start":{"line":254,"column":0},"end":{"line":254,"column":27}},"254":{"start":{"line":255,"column":0},"end":{"line":255,"column":110}},"255":{"start":{"line":256,"column":0},"end":{"line":256,"column":32}},"256":{"start":{"line":257,"column":0},"end":{"line":257,"column":4}},"257":{"start":{"line":258,"column":0},"end":{"line":258,"column":60}},"258":{"start":{"line":259,"column":0},"end":{"line":259,"column":68}},"259":{"start":{"line":260,"column":0},"end":{"line":260,"column":90}},"260":{"start":{"line":261,"column":0},"end":{"line":261,"column":6}},"261":{"start":{"line":262,"column":0},"end":{"line":262,"column":35}},"262":{"start":{"line":263,"column":0},"end":{"line":263,"column":61}},"263":{"start":{"line":264,"column":0},"end":{"line":264,"column":93}},"264":{"start":{"line":265,"column":0},"end":{"line":265,"column":6}},"265":{"start":{"line":266,"column":0},"end":{"line":266,"column":24}},"266":{"start":{"line":267,"column":0},"end":{"line":267,"column":31}},"267":{"start":{"line":268,"column":0},"end":{"line":268,"column":22}},"268":{"start":{"line":269,"column":0},"end":{"line":269,"column":20}},"269":{"start":{"line":270,"column":0},"end":{"line":270,"column":16}},"270":{"start":{"line":271,"column":0},"end":{"line":271,"column":9}},"271":{"start":{"line":272,"column":0},"end":{"line":272,"column":5}},"272":{"start":{"line":273,"column":0},"end":{"line":273,"column":3}},"273":{"start":{"line":274,"column":0},"end":{"line":274,"column":0}},"274":{"start":{"line":275,"column":0},"end":{"line":275,"column":5}},"275":{"start":{"line":276,"column":0},"end":{"line":276,"column":47}},"276":{"start":{"line":277,"column":0},"end":{"line":277,"column":5}},"277":{"start":{"line":278,"column":0},"end":{"line":278,"column":94}},"278":{"start":{"line":279,"column":0},"end":{"line":279,"column":27}},"279":{"start":{"line":280,"column":0},"end":{"line":280,"column":89}},"280":{"start":{"line":281,"column":0},"end":{"line":281,"column":38}},"281":{"start":{"line":282,"column":0},"end":{"line":282,"column":4}},"282":{"start":{"line":283,"column":0},"end":{"line":283,"column":62}},"283":{"start":{"line":284,"column":0},"end":{"line":284,"column":68}},"284":{"start":{"line":285,"column":0},"end":{"line":285,"column":90}},"285":{"start":{"line":286,"column":0},"end":{"line":286,"column":6}},"286":{"start":{"line":287,"column":0},"end":{"line":287,"column":26}},"287":{"start":{"line":288,"column":0},"end":{"line":288,"column":29}},"288":{"start":{"line":289,"column":0},"end":{"line":289,"column":22}},"289":{"start":{"line":290,"column":0},"end":{"line":290,"column":20}},"290":{"start":{"line":291,"column":0},"end":{"line":291,"column":42}},"291":{"start":{"line":292,"column":0},"end":{"line":292,"column":9}},"292":{"start":{"line":293,"column":0},"end":{"line":293,"column":5}},"293":{"start":{"line":294,"column":0},"end":{"line":294,"column":0}},"294":{"start":{"line":295,"column":0},"end":{"line":295,"column":24}},"295":{"start":{"line":296,"column":0},"end":{"line":296,"column":67}},"296":{"start":{"line":297,"column":0},"end":{"line":297,"column":31}},"297":{"start":{"line":298,"column":0},"end":{"line":298,"column":4}},"298":{"start":{"line":299,"column":0},"end":{"line":299,"column":59}},"299":{"start":{"line":300,"column":0},"end":{"line":300,"column":68}},"300":{"start":{"line":301,"column":0},"end":{"line":301,"column":90}},"301":{"start":{"line":302,"column":0},"end":{"line":302,"column":6}},"302":{"start":{"line":303,"column":0},"end":{"line":303,"column":24}},"303":{"start":{"line":304,"column":0},"end":{"line":304,"column":29}},"304":{"start":{"line":305,"column":0},"end":{"line":305,"column":22}},"305":{"start":{"line":306,"column":0},"end":{"line":306,"column":20}},"306":{"start":{"line":307,"column":0},"end":{"line":307,"column":9}},"307":{"start":{"line":308,"column":0},"end":{"line":308,"column":5}},"308":{"start":{"line":309,"column":0},"end":{"line":309,"column":3}},"309":{"start":{"line":310,"column":0},"end":{"line":310,"column":0}},"310":{"start":{"line":311,"column":0},"end":{"line":311,"column":5}},"311":{"start":{"line":312,"column":0},"end":{"line":312,"column":52}},"312":{"start":{"line":313,"column":0},"end":{"line":313,"column":5}},"313":{"start":{"line":314,"column":0},"end":{"line":314,"column":65}},"314":{"start":{"line":315,"column":0},"end":{"line":315,"column":58}},"315":{"start":{"line":316,"column":0},"end":{"line":316,"column":3}},"316":{"start":{"line":317,"column":0},"end":{"line":317,"column":1}}},"s":{"0":1,"1":1,"2":1,"3":1,"4":1,"5":1,"6":1,"7":1,"8":1,"9":1,"10":1,"11":1,"12":1,"13":1,"14":1,"15":1,"16":1,"17":1,"18":1,"19":1,"20":1,"21":1,"22":1,"23":1,"24":1,"25":1,"26":28,"27":28,"28":28,"29":28,"30":28,"31":28,"32":28,"33":28,"34":28,"35":28,"36":28,"37":28,"38":28,"39":28,"40":28,"41":28,"42":39,"43":39,"44":39,"45":39,"46":39,"47":5,"48":5,"49":5,"50":5,"51":5,"52":34,"53":34,"54":34,"55":34,"56":34,"57":34,"58":34,"59":34,"60":34,"61":34,"62":34,"63":34,"64":34,"65":34,"66":34,"67":34,"68":34,"69":34,"70":34,"71":34,"72":34,"73":34,"74":39,"75":28,"76":28,"77":28,"78":28,"79":28,"80":19,"81":19,"82":19,"83":19,"84":19,"85":19,"86":19,"87":19,"88":19,"89":28,"90":28,"91":28,"92":28,"93":28,"94":2,"95":2,"96":2,"97":2,"98":2,"99":2,"100":2,"101":2,"102":2,"103":2,"104":28,"105":28,"106":28,"107":28,"108":28,"109":1,"110":1,"111":1,"112":28,"113":28,"114":28,"115":28,"116":28,"117":1,"118":1,"119":1,"120":1,"121":1,"122":28,"123":28,"124":28,"125":28,"126":28,"127":39,"128":39,"129":28,"130":28,"131":28,"132":28,"133":28,"134":28,"135":34,"136":34,"137":34,"138":34,"139":34,"140":34,"141":34,"142":34,"143":34,"144":34,"145":34,"146":34,"147":34,"148":34,"149":34,"150":33,"151":33,"152":1,"153":1,"154":1,"155":1,"156":34,"157":34,"158":34,"159":28,"160":28,"161":28,"162":28,"163":28,"164":33,"165":33,"166":33,"167":33,"168":33,"169":33,"170":33,"171":1027,"172":1027,"173":1027,"174":1027,"175":1027,"176":1027,"177":1027,"178":1027,"179":1027,"180":1027,"181":33,"182":33,"183":33,"184":33,"185":33,"186":33,"187":4,"188":4,"189":4,"190":4,"191":4,"192":4,"193":4,"194":4,"195":4,"196":4,"197":4,"198":4,"199":4,"200":4,"201":4,"202":4,"203":1,"204":4,"205":0,"206":0,"207":4,"208":4,"209":4,"210":33,"211":33,"212":33,"213":33,"214":33,"215":33,"216":3,"217":3,"218":3,"219":3,"220":3,"221":3,"222":3,"223":3,"224":3,"225":3,"226":3,"227":3,"228":3,"229":3,"230":3,"231":2,"232":2,"233":3,"234":3,"235":3,"236":33,"237":33,"238":33,"239":33,"240":33,"241":33,"242":3,"243":3,"244":3,"245":3,"246":3,"247":3,"248":3,"249":3,"250":3,"251":3,"252":33,"253":33,"254":33,"255":33,"256":33,"257":33,"258":3,"259":3,"260":3,"261":3,"262":3,"263":3,"264":3,"265":3,"266":3,"267":3,"268":3,"269":3,"270":3,"271":3,"272":33,"273":28,"274":28,"275":28,"276":28,"277":28,"278":1,"279":1,"280":1,"281":1,"282":1,"283":3,"284":3,"285":3,"286":3,"287":3,"288":3,"289":3,"290":3,"291":3,"292":3,"293":1,"294":1,"295":1,"296":1,"297":1,"298":1,"299":1,"300":1,"301":1,"302":1,"303":1,"304":1,"305":1,"306":1,"307":1,"308":1,"309":28,"310":28,"311":28,"312":28,"313":28,"314":1044,"315":1044,"316":28},"branchMap":{"0":{"type":"branch","line":26,"loc":{"start":{"line":26,"column":7},"end":{"line":317,"column":1}},"locations":[{"start":{"line":26,"column":7},"end":{"line":317,"column":1}}]},"1":{"type":"branch","line":32,"loc":{"start":{"line":32,"column":2},"end":{"line":37,"column":3}},"locations":[{"start":{"line":32,"column":2},"end":{"line":37,"column":3}}]},"2":{"type":"branch","line":42,"loc":{"start":{"line":42,"column":2},"end":{"line":75,"column":3}},"locations":[{"start":{"line":42,"column":2},"end":{"line":75,"column":3}}]},"3":{"type":"branch","line":47,"loc":{"start":{"line":47,"column":8},"end":{"line":47,"column":48}},"locations":[{"start":{"line":47,"column":8},"end":{"line":47,"column":48}}]},"4":{"type":"branch","line":47,"loc":{"start":{"line":47,"column":48},"end":{"line":52,"column":5}},"locations":[{"start":{"line":47,"column":48},"end":{"line":52,"column":5}}]},"5":{"type":"branch","line":52,"loc":{"start":{"line":52,"column":4},"end":{"line":74,"column":21}},"locations":[{"start":{"line":52,"column":4},"end":{"line":74,"column":21}}]},"6":{"type":"branch","line":80,"loc":{"start":{"line":80,"column":2},"end":{"line":89,"column":3}},"locations":[{"start":{"line":80,"column":2},"end":{"line":89,"column":3}}]},"7":{"type":"branch","line":86,"loc":{"start":{"line":86,"column":23},"end":{"line":86,"column":71}},"locations":[{"start":{"line":86,"column":23},"end":{"line":86,"column":71}}]},"8":{"type":"branch","line":86,"loc":{"start":{"line":86,"column":67},"end":{"line":86,"column":73}},"locations":[{"start":{"line":86,"column":67},"end":{"line":86,"column":73}}]},"9":{"type":"branch","line":94,"loc":{"start":{"line":94,"column":2},"end":{"line":104,"column":3}},"locations":[{"start":{"line":94,"column":2},"end":{"line":104,"column":3}}]},"10":{"type":"branch","line":96,"loc":{"start":{"line":96,"column":36},"end":{"line":96,"column":91}},"locations":[{"start":{"line":96,"column":36},"end":{"line":96,"column":91}}]},"11":{"type":"branch","line":96,"loc":{"start":{"line":96,"column":87},"end":{"line":96,"column":93}},"locations":[{"start":{"line":96,"column":87},"end":{"line":96,"column":93}}]},"12":{"type":"branch","line":95,"loc":{"start":{"line":95,"column":65},"end":{"line":95,"column":101}},"locations":[{"start":{"line":95,"column":65},"end":{"line":95,"column":101}}]},"13":{"type":"branch","line":102,"loc":{"start":{"line":102,"column":60},"end":{"line":102,"column":97}},"locations":[{"start":{"line":102,"column":60},"end":{"line":102,"column":97}}]},"14":{"type":"branch","line":109,"loc":{"start":{"line":109,"column":2},"end":{"line":112,"column":3}},"locations":[{"start":{"line":109,"column":2},"end":{"line":112,"column":3}}]},"15":{"type":"branch","line":117,"loc":{"start":{"line":117,"column":2},"end":{"line":122,"column":3}},"locations":[{"start":{"line":117,"column":2},"end":{"line":122,"column":3}}]},"16":{"type":"branch","line":127,"loc":{"start":{"line":127,"column":10},"end":{"line":129,"column":3}},"locations":[{"start":{"line":127,"column":10},"end":{"line":129,"column":3}}]},"17":{"type":"branch","line":135,"loc":{"start":{"line":135,"column":2},"end":{"line":159,"column":3}},"locations":[{"start":{"line":135,"column":2},"end":{"line":159,"column":3}}]},"18":{"type":"branch","line":150,"loc":{"start":{"line":150,"column":21},"end":{"line":150,"column":64}},"locations":[{"start":{"line":150,"column":21},"end":{"line":150,"column":64}}]},"19":{"type":"branch","line":150,"loc":{"start":{"line":150,"column":64},"end":{"line":152,"column":5}},"locations":[{"start":{"line":150,"column":64},"end":{"line":152,"column":5}}]},"20":{"type":"branch","line":152,"loc":{"start":{"line":152,"column":4},"end":{"line":156,"column":5}},"locations":[{"start":{"line":152,"column":4},"end":{"line":156,"column":5}}]},"21":{"type":"branch","line":164,"loc":{"start":{"line":164,"column":2},"end":{"line":273,"column":3}},"locations":[{"start":{"line":164,"column":2},"end":{"line":273,"column":3}}]},"22":{"type":"branch","line":171,"loc":{"start":{"line":171,"column":61},"end":{"line":181,"column":5}},"locations":[{"start":{"line":171,"column":61},"end":{"line":181,"column":5}}]},"23":{"type":"branch","line":172,"loc":{"start":{"line":172,"column":56},"end":{"line":172,"column":66}},"locations":[{"start":{"line":172,"column":56},"end":{"line":172,"column":66}}]},"24":{"type":"branch","line":173,"loc":{"start":{"line":173,"column":28},"end":{"line":173,"column":42}},"locations":[{"start":{"line":173,"column":28},"end":{"line":173,"column":42}}]},"25":{"type":"branch","line":173,"loc":{"start":{"line":173,"column":74},"end":{"line":173,"column":84}},"locations":[{"start":{"line":173,"column":74},"end":{"line":173,"column":84}}]},"26":{"type":"branch","line":176,"loc":{"start":{"line":176,"column":21},"end":{"line":176,"column":29}},"locations":[{"start":{"line":176,"column":21},"end":{"line":176,"column":29}}]},"27":{"type":"branch","line":179,"loc":{"start":{"line":179,"column":34},"end":{"line":179,"column":42}},"locations":[{"start":{"line":179,"column":34},"end":{"line":179,"column":42}}]},"28":{"type":"branch","line":187,"loc":{"start":{"line":187,"column":58},"end":{"line":210,"column":5}},"locations":[{"start":{"line":187,"column":58},"end":{"line":210,"column":5}}]},"29":{"type":"branch","line":188,"loc":{"start":{"line":188,"column":56},"end":{"line":188,"column":66}},"locations":[{"start":{"line":188,"column":56},"end":{"line":188,"column":66}}]},"30":{"type":"branch","line":189,"loc":{"start":{"line":189,"column":28},"end":{"line":189,"column":42}},"locations":[{"start":{"line":189,"column":28},"end":{"line":189,"column":42}}]},"31":{"type":"branch","line":189,"loc":{"start":{"line":189,"column":74},"end":{"line":189,"column":84}},"locations":[{"start":{"line":189,"column":74},"end":{"line":189,"column":84}}]},"32":{"type":"branch","line":198,"loc":{"start":{"line":198,"column":21},"end":{"line":198,"column":29}},"locations":[{"start":{"line":198,"column":21},"end":{"line":198,"column":29}}]},"33":{"type":"branch","line":203,"loc":{"start":{"line":203,"column":23},"end":{"line":203,"column":46}},"locations":[{"start":{"line":203,"column":23},"end":{"line":203,"column":46}}]},"34":{"type":"branch","line":203,"loc":{"start":{"line":203,"column":46},"end":{"line":205,"column":17}},"locations":[{"start":{"line":203,"column":46},"end":{"line":205,"column":17}}]},"35":{"type":"branch","line":205,"loc":{"start":{"line":205,"column":6},"end":{"line":207,"column":7}},"locations":[{"start":{"line":205,"column":6},"end":{"line":207,"column":7}}]},"36":{"type":"branch","line":205,"loc":{"start":{"line":205,"column":30},"end":{"line":205,"column":56}},"locations":[{"start":{"line":205,"column":30},"end":{"line":205,"column":56}}]},"37":{"type":"branch","line":205,"loc":{"start":{"line":205,"column":56},"end":{"line":207,"column":7}},"locations":[{"start":{"line":205,"column":56},"end":{"line":207,"column":7}}]},"38":{"type":"branch","line":216,"loc":{"start":{"line":216,"column":62},"end":{"line":236,"column":5}},"locations":[{"start":{"line":216,"column":62},"end":{"line":236,"column":5}}]},"39":{"type":"branch","line":217,"loc":{"start":{"line":217,"column":56},"end":{"line":217,"column":66}},"locations":[{"start":{"line":217,"column":56},"end":{"line":217,"column":66}}]},"40":{"type":"branch","line":218,"loc":{"start":{"line":218,"column":28},"end":{"line":218,"column":42}},"locations":[{"start":{"line":218,"column":28},"end":{"line":218,"column":42}}]},"41":{"type":"branch","line":218,"loc":{"start":{"line":218,"column":74},"end":{"line":218,"column":84}},"locations":[{"start":{"line":218,"column":74},"end":{"line":218,"column":84}}]},"42":{"type":"branch","line":226,"loc":{"start":{"line":226,"column":21},"end":{"line":226,"column":29}},"locations":[{"start":{"line":226,"column":21},"end":{"line":226,"column":29}}]},"43":{"type":"branch","line":231,"loc":{"start":{"line":231,"column":20},"end":{"line":233,"column":7}},"locations":[{"start":{"line":231,"column":20},"end":{"line":233,"column":7}}]},"44":{"type":"branch","line":242,"loc":{"start":{"line":242,"column":57},"end":{"line":252,"column":5}},"locations":[{"start":{"line":242,"column":57},"end":{"line":252,"column":5}}]},"45":{"type":"branch","line":243,"loc":{"start":{"line":243,"column":56},"end":{"line":243,"column":66}},"locations":[{"start":{"line":243,"column":56},"end":{"line":243,"column":66}}]},"46":{"type":"branch","line":244,"loc":{"start":{"line":244,"column":28},"end":{"line":244,"column":42}},"locations":[{"start":{"line":244,"column":28},"end":{"line":244,"column":42}}]},"47":{"type":"branch","line":244,"loc":{"start":{"line":244,"column":74},"end":{"line":244,"column":84}},"locations":[{"start":{"line":244,"column":74},"end":{"line":244,"column":84}}]},"48":{"type":"branch","line":247,"loc":{"start":{"line":247,"column":21},"end":{"line":247,"column":29}},"locations":[{"start":{"line":247,"column":21},"end":{"line":247,"column":29}}]},"49":{"type":"branch","line":250,"loc":{"start":{"line":250,"column":35},"end":{"line":250,"column":43}},"locations":[{"start":{"line":250,"column":35},"end":{"line":250,"column":43}}]},"50":{"type":"branch","line":258,"loc":{"start":{"line":258,"column":59},"end":{"line":272,"column":5}},"locations":[{"start":{"line":258,"column":59},"end":{"line":272,"column":5}}]},"51":{"type":"branch","line":259,"loc":{"start":{"line":259,"column":56},"end":{"line":259,"column":66}},"locations":[{"start":{"line":259,"column":56},"end":{"line":259,"column":66}}]},"52":{"type":"branch","line":260,"loc":{"start":{"line":260,"column":28},"end":{"line":260,"column":42}},"locations":[{"start":{"line":260,"column":28},"end":{"line":260,"column":42}}]},"53":{"type":"branch","line":260,"loc":{"start":{"line":260,"column":74},"end":{"line":260,"column":84}},"locations":[{"start":{"line":260,"column":74},"end":{"line":260,"column":84}}]},"54":{"type":"branch","line":263,"loc":{"start":{"line":263,"column":20},"end":{"line":263,"column":61}},"locations":[{"start":{"line":263,"column":20},"end":{"line":263,"column":61}}]},"55":{"type":"branch","line":264,"loc":{"start":{"line":264,"column":20},"end":{"line":264,"column":93}},"locations":[{"start":{"line":264,"column":20},"end":{"line":264,"column":93}}]},"56":{"type":"branch","line":267,"loc":{"start":{"line":267,"column":23},"end":{"line":267,"column":31}},"locations":[{"start":{"line":267,"column":23},"end":{"line":267,"column":31}}]},"57":{"type":"branch","line":232,"loc":{"start":{"line":232,"column":56},"end":{"line":232,"column":69}},"locations":[{"start":{"line":232,"column":56},"end":{"line":232,"column":69}}]},"58":{"type":"branch","line":264,"loc":{"start":{"line":264,"column":60},"end":{"line":264,"column":73}},"locations":[{"start":{"line":264,"column":60},"end":{"line":264,"column":73}}]},"59":{"type":"branch","line":278,"loc":{"start":{"line":278,"column":2},"end":{"line":309,"column":3}},"locations":[{"start":{"line":278,"column":2},"end":{"line":309,"column":3}}]},"60":{"type":"branch","line":283,"loc":{"start":{"line":283,"column":61},"end":{"line":293,"column":5}},"locations":[{"start":{"line":283,"column":61},"end":{"line":293,"column":5}}]},"61":{"type":"branch","line":284,"loc":{"start":{"line":284,"column":56},"end":{"line":284,"column":66}},"locations":[{"start":{"line":284,"column":56},"end":{"line":284,"column":66}}]},"62":{"type":"branch","line":285,"loc":{"start":{"line":285,"column":28},"end":{"line":285,"column":42}},"locations":[{"start":{"line":285,"column":28},"end":{"line":285,"column":42}}]},"63":{"type":"branch","line":285,"loc":{"start":{"line":285,"column":74},"end":{"line":285,"column":84}},"locations":[{"start":{"line":285,"column":74},"end":{"line":285,"column":84}}]},"64":{"type":"branch","line":288,"loc":{"start":{"line":288,"column":21},"end":{"line":288,"column":29}},"locations":[{"start":{"line":288,"column":21},"end":{"line":288,"column":29}}]},"65":{"type":"branch","line":291,"loc":{"start":{"line":291,"column":34},"end":{"line":291,"column":42}},"locations":[{"start":{"line":291,"column":34},"end":{"line":291,"column":42}}]},"66":{"type":"branch","line":300,"loc":{"start":{"line":300,"column":56},"end":{"line":300,"column":66}},"locations":[{"start":{"line":300,"column":56},"end":{"line":300,"column":66}}]},"67":{"type":"branch","line":301,"loc":{"start":{"line":301,"column":28},"end":{"line":301,"column":42}},"locations":[{"start":{"line":301,"column":28},"end":{"line":301,"column":42}}]},"68":{"type":"branch","line":301,"loc":{"start":{"line":301,"column":74},"end":{"line":301,"column":84}},"locations":[{"start":{"line":301,"column":74},"end":{"line":301,"column":84}}]},"69":{"type":"branch","line":304,"loc":{"start":{"line":304,"column":21},"end":{"line":304,"column":29}},"locations":[{"start":{"line":304,"column":21},"end":{"line":304,"column":29}}]},"70":{"type":"branch","line":314,"loc":{"start":{"line":314,"column":10},"end":{"line":316,"column":3}},"locations":[{"start":{"line":314,"column":10},"end":{"line":316,"column":3}}]}},"b":{"0":[28],"1":[28],"2":[39],"3":[6],"4":[5],"5":[34],"6":[19],"7":[17],"8":[2],"9":[2],"10":[1],"11":[1],"12":[3],"13":[3],"14":[1],"15":[1],"16":[39],"17":[34],"18":[3],"19":[33],"20":[1],"21":[33],"22":[1027],"23":[26],"24":[26],"25":[26],"26":[0],"27":[0],"28":[4],"29":[2],"30":[2],"31":[2],"32":[0],"33":[1],"34":[1],"35":[3],"36":[0],"37":[0],"38":[3],"39":[1],"40":[1],"41":[1],"42":[0],"43":[2],"44":[3],"45":[1],"46":[1],"47":[1],"48":[0],"49":[0],"50":[3],"51":[1],"52":[1],"53":[1],"54":[1],"55":[2],"56":[0],"57":[3],"58":[3],"59":[1],"60":[3],"61":[1],"62":[1],"63":[1],"64":[0],"65":[0],"66":[0],"67":[0],"68":[0],"69":[0],"70":[1044]},"fnMap":{"0":{"name":"<instance_members_initializer>","decl":{"start":{"line":26,"column":7},"end":{"line":317,"column":1}},"loc":{"start":{"line":26,"column":7},"end":{"line":317,"column":1}},"line":26},"1":{"name":"ASTCache","decl":{"start":{"line":32,"column":2},"end":{"line":37,"column":3}},"loc":{"start":{"line":32,"column":2},"end":{"line":37,"column":3}},"line":32},"2":{"name":"getAST","decl":{"start":{"line":42,"column":2},"end":{"line":75,"column":3}},"loc":{"start":{"line":42,"column":2},"end":{"line":75,"column":3}},"line":42},"3":{"name":"getStats","decl":{"start":{"line":80,"column":2},"end":{"line":89,"column":3}},"loc":{"start":{"line":80,"column":2},"end":{"line":89,"column":3}},"line":80},"4":{"name":"getCoverageStats","decl":{"start":{"line":94,"column":2},"end":{"line":104,"column":3}},"loc":{"start":{"line":94,"column":2},"end":{"line":104,"column":3}},"line":94},"5":{"name":"refreshAST","decl":{"start":{"line":109,"column":2},"end":{"line":112,"column":3}},"loc":{"start":{"line":109,"column":2},"end":{"line":112,"column":3}},"line":109},"6":{"name":"clear","decl":{"start":{"line":117,"column":2},"end":{"line":122,"column":3}},"loc":{"start":{"line":117,"column":2},"end":{"line":122,"column":3}},"line":117},"7":{"name":"calculateContentHash","decl":{"start":{"line":127,"column":10},"end":{"line":129,"column":3}},"loc":{"start":{"line":127,"column":10},"end":{"line":129,"column":3}},"line":127},"8":{"name":"parseFile","decl":{"start":{"line":135,"column":2},"end":{"line":159,"column":3}},"loc":{"start":{"line":135,"column":2},"end":{"line":159,"column":3}},"line":135},"9":{"name":"parseTypeScriptFile","decl":{"start":{"line":164,"column":2},"end":{"line":273,"column":3}},"loc":{"start":{"line":164,"column":2},"end":{"line":273,"column":3}},"line":164},"10":{"name":"parsePythonFile","decl":{"start":{"line":278,"column":2},"end":{"line":309,"column":3}},"loc":{"start":{"line":278,"column":2},"end":{"line":309,"column":3}},"line":278},"11":{"name":"getLineNumber","decl":{"start":{"line":314,"column":10},"end":{"line":316,"column":3}},"loc":{"start":{"line":314,"column":10},"end":{"line":316,"column":3}},"line":314}},"f":{"0":28,"1":28,"2":39,"3":19,"4":2,"5":1,"6":1,"7":39,"8":34,"9":33,"10":1,"11":1044}}
,"/media/nathan/Seagate Hub/Projects/lens/src/indexer/lexical.ts": {"path":"/media/nathan/Seagate Hub/Projects/lens/src/indexer/lexical.ts","all":false,"statementMap":{"0":{"start":{"line":1,"column":0},"end":{"line":1,"column":3}},"1":{"start":{"line":2,"column":0},"end":{"line":2,"column":47}},"2":{"start":{"line":3,"column":0},"end":{"line":3,"column":57}},"3":{"start":{"line":4,"column":0},"end":{"line":4,"column":69}},"4":{"start":{"line":5,"column":0},"end":{"line":5,"column":3}},"5":{"start":{"line":6,"column":0},"end":{"line":6,"column":0}},"6":{"start":{"line":7,"column":0},"end":{"line":7,"column":14}},"7":{"start":{"line":8,"column":0},"end":{"line":8,"column":16}},"8":{"start":{"line":9,"column":0},"end":{"line":9,"column":7}},"9":{"start":{"line":10,"column":0},"end":{"line":10,"column":12}},"10":{"start":{"line":11,"column":0},"end":{"line":11,"column":16}},"11":{"start":{"line":12,"column":0},"end":{"line":12,"column":19}},"12":{"start":{"line":13,"column":0},"end":{"line":13,"column":12}},"13":{"start":{"line":14,"column":0},"end":{"line":14,"column":16}},"14":{"start":{"line":15,"column":0},"end":{"line":15,"column":13}},"15":{"start":{"line":16,"column":0},"end":{"line":16,"column":26}},"16":{"start":{"line":17,"column":0},"end":{"line":17,"column":52}},"17":{"start":{"line":18,"column":0},"end":{"line":18,"column":56}},"18":{"start":{"line":19,"column":0},"end":{"line":19,"column":69}},"19":{"start":{"line":20,"column":0},"end":{"line":20,"column":53}},"20":{"start":{"line":21,"column":0},"end":{"line":21,"column":0}},"21":{"start":{"line":22,"column":0},"end":{"line":22,"column":25}},"22":{"start":{"line":23,"column":0},"end":{"line":23,"column":16}},"23":{"start":{"line":24,"column":0},"end":{"line":24,"column":20}},"24":{"start":{"line":25,"column":0},"end":{"line":25,"column":15}},"25":{"start":{"line":26,"column":0},"end":{"line":26,"column":14}},"26":{"start":{"line":27,"column":0},"end":{"line":27,"column":17}},"27":{"start":{"line":28,"column":0},"end":{"line":28,"column":24}},"28":{"start":{"line":29,"column":0},"end":{"line":29,"column":25}},"29":{"start":{"line":30,"column":0},"end":{"line":30,"column":22}},"30":{"start":{"line":31,"column":0},"end":{"line":31,"column":1}},"31":{"start":{"line":32,"column":0},"end":{"line":32,"column":0}},"32":{"start":{"line":33,"column":0},"end":{"line":33,"column":34}},"33":{"start":{"line":34,"column":0},"end":{"line":34,"column":92}},"34":{"start":{"line":35,"column":0},"end":{"line":35,"column":105}},"35":{"start":{"line":36,"column":0},"end":{"line":36,"column":111}},"36":{"start":{"line":37,"column":0},"end":{"line":37,"column":33}},"37":{"start":{"line":38,"column":0},"end":{"line":38,"column":41}},"38":{"start":{"line":39,"column":0},"end":{"line":39,"column":76}},"39":{"start":{"line":40,"column":0},"end":{"line":40,"column":0}},"40":{"start":{"line":41,"column":0},"end":{"line":41,"column":47}},"41":{"start":{"line":42,"column":0},"end":{"line":42,"column":41}},"42":{"start":{"line":43,"column":0},"end":{"line":43,"column":3}},"43":{"start":{"line":44,"column":0},"end":{"line":44,"column":0}},"44":{"start":{"line":45,"column":0},"end":{"line":45,"column":5}},"45":{"start":{"line":46,"column":0},"end":{"line":46,"column":40}},"46":{"start":{"line":47,"column":0},"end":{"line":47,"column":85}},"47":{"start":{"line":48,"column":0},"end":{"line":48,"column":5}},"48":{"start":{"line":49,"column":0},"end":{"line":49,"column":22}},"49":{"start":{"line":50,"column":0},"end":{"line":50,"column":18}},"50":{"start":{"line":51,"column":0},"end":{"line":51,"column":21}},"51":{"start":{"line":52,"column":0},"end":{"line":52,"column":19}},"52":{"start":{"line":53,"column":0},"end":{"line":53,"column":20}},"53":{"start":{"line":54,"column":0},"end":{"line":54,"column":71}},"54":{"start":{"line":55,"column":0},"end":{"line":55,"column":22}},"55":{"start":{"line":56,"column":0},"end":{"line":56,"column":32}},"56":{"start":{"line":57,"column":0},"end":{"line":57,"column":43}},"57":{"start":{"line":58,"column":0},"end":{"line":58,"column":7}},"58":{"start":{"line":59,"column":0},"end":{"line":59,"column":0}},"59":{"start":{"line":60,"column":0},"end":{"line":60,"column":9}},"60":{"start":{"line":61,"column":0},"end":{"line":61,"column":29}},"61":{"start":{"line":62,"column":0},"end":{"line":62,"column":61}},"62":{"start":{"line":63,"column":0},"end":{"line":63,"column":6}},"63":{"start":{"line":64,"column":0},"end":{"line":64,"column":55}},"64":{"start":{"line":65,"column":0},"end":{"line":65,"column":47}},"65":{"start":{"line":66,"column":0},"end":{"line":66,"column":44}},"66":{"start":{"line":67,"column":0},"end":{"line":67,"column":6}},"67":{"start":{"line":68,"column":0},"end":{"line":68,"column":38}},"68":{"start":{"line":69,"column":0},"end":{"line":69,"column":43}},"69":{"start":{"line":70,"column":0},"end":{"line":70,"column":63}},"70":{"start":{"line":71,"column":0},"end":{"line":71,"column":8}},"71":{"start":{"line":72,"column":0},"end":{"line":72,"column":56}},"72":{"start":{"line":73,"column":0},"end":{"line":73,"column":41}},"73":{"start":{"line":74,"column":0},"end":{"line":74,"column":35}},"74":{"start":{"line":75,"column":0},"end":{"line":75,"column":9}},"75":{"start":{"line":76,"column":0},"end":{"line":76,"column":0}},"76":{"start":{"line":77,"column":0},"end":{"line":77,"column":66}},"77":{"start":{"line":78,"column":0},"end":{"line":78,"column":52}},"78":{"start":{"line":79,"column":0},"end":{"line":79,"column":67}},"79":{"start":{"line":80,"column":0},"end":{"line":80,"column":51}},"80":{"start":{"line":81,"column":0},"end":{"line":81,"column":37}},"81":{"start":{"line":82,"column":0},"end":{"line":82,"column":11}},"82":{"start":{"line":83,"column":0},"end":{"line":83,"column":9}},"83":{"start":{"line":84,"column":0},"end":{"line":84,"column":0}},"84":{"start":{"line":85,"column":0},"end":{"line":85,"column":34}},"85":{"start":{"line":86,"column":0},"end":{"line":86,"column":24}},"86":{"start":{"line":87,"column":0},"end":{"line":87,"column":24}},"87":{"start":{"line":88,"column":0},"end":{"line":88,"column":30}},"88":{"start":{"line":89,"column":0},"end":{"line":89,"column":30}},"89":{"start":{"line":90,"column":0},"end":{"line":90,"column":28}},"90":{"start":{"line":91,"column":0},"end":{"line":91,"column":34}},"91":{"start":{"line":92,"column":0},"end":{"line":92,"column":11}},"92":{"start":{"line":93,"column":0},"end":{"line":93,"column":7}},"93":{"start":{"line":94,"column":0},"end":{"line":94,"column":0}},"94":{"start":{"line":95,"column":0},"end":{"line":95,"column":69}},"95":{"start":{"line":96,"column":0},"end":{"line":96,"column":36}},"96":{"start":{"line":97,"column":0},"end":{"line":97,"column":0}},"97":{"start":{"line":98,"column":0},"end":{"line":98,"column":43}},"98":{"start":{"line":99,"column":0},"end":{"line":99,"column":32}},"99":{"start":{"line":100,"column":0},"end":{"line":100,"column":47}},"100":{"start":{"line":101,"column":0},"end":{"line":101,"column":83}},"101":{"start":{"line":102,"column":0},"end":{"line":102,"column":7}},"102":{"start":{"line":103,"column":0},"end":{"line":103,"column":0}},"103":{"start":{"line":104,"column":0},"end":{"line":104,"column":65}},"104":{"start":{"line":105,"column":0},"end":{"line":105,"column":42}},"105":{"start":{"line":106,"column":0},"end":{"line":106,"column":46}},"106":{"start":{"line":107,"column":0},"end":{"line":107,"column":52}},"107":{"start":{"line":108,"column":0},"end":{"line":108,"column":9}},"108":{"start":{"line":109,"column":0},"end":{"line":109,"column":51}},"109":{"start":{"line":110,"column":0},"end":{"line":110,"column":7}},"110":{"start":{"line":111,"column":0},"end":{"line":111,"column":0}},"111":{"start":{"line":112,"column":0},"end":{"line":112,"column":58}},"112":{"start":{"line":113,"column":0},"end":{"line":113,"column":51}},"113":{"start":{"line":114,"column":0},"end":{"line":114,"column":0}},"114":{"start":{"line":115,"column":0},"end":{"line":115,"column":27}},"115":{"start":{"line":116,"column":0},"end":{"line":116,"column":22}},"116":{"start":{"line":117,"column":0},"end":{"line":117,"column":36}},"117":{"start":{"line":118,"column":0},"end":{"line":118,"column":42}},"118":{"start":{"line":119,"column":0},"end":{"line":119,"column":41}},"119":{"start":{"line":120,"column":0},"end":{"line":120,"column":48}},"120":{"start":{"line":121,"column":0},"end":{"line":121,"column":9}},"121":{"start":{"line":122,"column":0},"end":{"line":122,"column":0}},"122":{"start":{"line":123,"column":0},"end":{"line":123,"column":21}},"123":{"start":{"line":124,"column":0},"end":{"line":124,"column":80}},"124":{"start":{"line":125,"column":0},"end":{"line":125,"column":43}},"125":{"start":{"line":126,"column":0},"end":{"line":126,"column":62}},"126":{"start":{"line":127,"column":0},"end":{"line":127,"column":63}},"127":{"start":{"line":128,"column":0},"end":{"line":128,"column":15}},"128":{"start":{"line":129,"column":0},"end":{"line":129,"column":17}},"129":{"start":{"line":130,"column":0},"end":{"line":130,"column":5}},"130":{"start":{"line":131,"column":0},"end":{"line":131,"column":3}},"131":{"start":{"line":132,"column":0},"end":{"line":132,"column":0}},"132":{"start":{"line":133,"column":0},"end":{"line":133,"column":5}},"133":{"start":{"line":134,"column":0},"end":{"line":134,"column":39}},"134":{"start":{"line":135,"column":0},"end":{"line":135,"column":5}},"135":{"start":{"line":136,"column":0},"end":{"line":136,"column":15}},"136":{"start":{"line":137,"column":0},"end":{"line":137,"column":23}},"137":{"start":{"line":138,"column":0},"end":{"line":138,"column":18}},"138":{"start":{"line":139,"column":0},"end":{"line":139,"column":29}},"139":{"start":{"line":140,"column":0},"end":{"line":140,"column":27}},"140":{"start":{"line":141,"column":0},"end":{"line":141,"column":63}},"141":{"start":{"line":142,"column":0},"end":{"line":142,"column":21}},"142":{"start":{"line":143,"column":0},"end":{"line":143,"column":38}},"143":{"start":{"line":144,"column":0},"end":{"line":144,"column":31}},"144":{"start":{"line":145,"column":0},"end":{"line":145,"column":7}},"145":{"start":{"line":146,"column":0},"end":{"line":146,"column":0}},"146":{"start":{"line":147,"column":0},"end":{"line":147,"column":33}},"147":{"start":{"line":148,"column":0},"end":{"line":148,"column":0}},"148":{"start":{"line":149,"column":0},"end":{"line":149,"column":9}},"149":{"start":{"line":150,"column":0},"end":{"line":150,"column":41}},"150":{"start":{"line":151,"column":0},"end":{"line":151,"column":0}},"151":{"start":{"line":152,"column":0},"end":{"line":152,"column":45}},"152":{"start":{"line":153,"column":0},"end":{"line":153,"column":57}},"153":{"start":{"line":154,"column":0},"end":{"line":154,"column":51}},"154":{"start":{"line":155,"column":0},"end":{"line":155,"column":27}},"155":{"start":{"line":156,"column":0},"end":{"line":156,"column":33}},"156":{"start":{"line":157,"column":0},"end":{"line":157,"column":23}},"157":{"start":{"line":158,"column":0},"end":{"line":158,"column":21}},"158":{"start":{"line":159,"column":0},"end":{"line":159,"column":53}},"159":{"start":{"line":160,"column":0},"end":{"line":160,"column":50}},"160":{"start":{"line":161,"column":0},"end":{"line":161,"column":11}},"161":{"start":{"line":162,"column":0},"end":{"line":162,"column":0}},"162":{"start":{"line":163,"column":0},"end":{"line":163,"column":74}},"163":{"start":{"line":164,"column":0},"end":{"line":164,"column":51}},"164":{"start":{"line":165,"column":0},"end":{"line":165,"column":74}},"165":{"start":{"line":166,"column":0},"end":{"line":166,"column":8}},"166":{"start":{"line":167,"column":0},"end":{"line":167,"column":51}},"167":{"start":{"line":168,"column":0},"end":{"line":168,"column":98}},"168":{"start":{"line":169,"column":0},"end":{"line":169,"column":8}},"169":{"start":{"line":170,"column":0},"end":{"line":170,"column":48}},"170":{"start":{"line":171,"column":0},"end":{"line":171,"column":81}},"171":{"start":{"line":172,"column":0},"end":{"line":172,"column":34}},"172":{"start":{"line":173,"column":0},"end":{"line":173,"column":29}},"173":{"start":{"line":174,"column":0},"end":{"line":174,"column":40}},"174":{"start":{"line":175,"column":0},"end":{"line":175,"column":46}},"175":{"start":{"line":176,"column":0},"end":{"line":176,"column":36}},"176":{"start":{"line":177,"column":0},"end":{"line":177,"column":34}},"177":{"start":{"line":178,"column":0},"end":{"line":178,"column":38}},"178":{"start":{"line":179,"column":0},"end":{"line":179,"column":75}},"179":{"start":{"line":180,"column":0},"end":{"line":180,"column":15}},"180":{"start":{"line":181,"column":0},"end":{"line":181,"column":11}},"181":{"start":{"line":182,"column":0},"end":{"line":182,"column":9}},"182":{"start":{"line":183,"column":0},"end":{"line":183,"column":7}},"183":{"start":{"line":184,"column":0},"end":{"line":184,"column":0}},"184":{"start":{"line":185,"column":0},"end":{"line":185,"column":50}},"185":{"start":{"line":186,"column":0},"end":{"line":186,"column":63}},"186":{"start":{"line":187,"column":0},"end":{"line":187,"column":84}},"187":{"start":{"line":188,"column":0},"end":{"line":188,"column":6}},"188":{"start":{"line":189,"column":0},"end":{"line":189,"column":52}},"189":{"start":{"line":190,"column":0},"end":{"line":190,"column":88}},"190":{"start":{"line":191,"column":0},"end":{"line":191,"column":30}},"191":{"start":{"line":192,"column":0},"end":{"line":192,"column":27}},"192":{"start":{"line":193,"column":0},"end":{"line":193,"column":41}},"193":{"start":{"line":194,"column":0},"end":{"line":194,"column":47}},"194":{"start":{"line":195,"column":0},"end":{"line":195,"column":37}},"195":{"start":{"line":196,"column":0},"end":{"line":196,"column":35}},"196":{"start":{"line":197,"column":0},"end":{"line":197,"column":90}},"197":{"start":{"line":198,"column":0},"end":{"line":198,"column":37}},"198":{"start":{"line":199,"column":0},"end":{"line":199,"column":13}},"199":{"start":{"line":200,"column":0},"end":{"line":200,"column":9}},"200":{"start":{"line":201,"column":0},"end":{"line":201,"column":7}},"201":{"start":{"line":202,"column":0},"end":{"line":202,"column":0}},"202":{"start":{"line":203,"column":0},"end":{"line":203,"column":47}},"203":{"start":{"line":204,"column":0},"end":{"line":204,"column":0}},"204":{"start":{"line":205,"column":0},"end":{"line":205,"column":26}},"205":{"start":{"line":206,"column":0},"end":{"line":206,"column":22}},"206":{"start":{"line":207,"column":0},"end":{"line":207,"column":44}},"207":{"start":{"line":208,"column":0},"end":{"line":208,"column":43}},"208":{"start":{"line":209,"column":0},"end":{"line":209,"column":41}},"209":{"start":{"line":210,"column":0},"end":{"line":210,"column":30}},"210":{"start":{"line":211,"column":0},"end":{"line":211,"column":9}},"211":{"start":{"line":212,"column":0},"end":{"line":212,"column":0}},"212":{"start":{"line":213,"column":0},"end":{"line":213,"column":24}},"213":{"start":{"line":214,"column":0},"end":{"line":214,"column":0}},"214":{"start":{"line":215,"column":0},"end":{"line":215,"column":21}},"215":{"start":{"line":216,"column":0},"end":{"line":216,"column":80}},"216":{"start":{"line":217,"column":0},"end":{"line":217,"column":43}},"217":{"start":{"line":218,"column":0},"end":{"line":218,"column":62}},"218":{"start":{"line":219,"column":0},"end":{"line":219,"column":60}},"219":{"start":{"line":220,"column":0},"end":{"line":220,"column":15}},"220":{"start":{"line":221,"column":0},"end":{"line":221,"column":17}},"221":{"start":{"line":222,"column":0},"end":{"line":222,"column":5}},"222":{"start":{"line":223,"column":0},"end":{"line":223,"column":3}},"223":{"start":{"line":224,"column":0},"end":{"line":224,"column":0}},"224":{"start":{"line":225,"column":0},"end":{"line":225,"column":5}},"225":{"start":{"line":226,"column":0},"end":{"line":226,"column":37}},"226":{"start":{"line":227,"column":0},"end":{"line":227,"column":66}},"227":{"start":{"line":228,"column":0},"end":{"line":228,"column":5}},"228":{"start":{"line":229,"column":0},"end":{"line":229,"column":73}},"229":{"start":{"line":230,"column":0},"end":{"line":230,"column":61}},"230":{"start":{"line":231,"column":0},"end":{"line":231,"column":35}},"231":{"start":{"line":232,"column":0},"end":{"line":232,"column":48}},"232":{"start":{"line":233,"column":0},"end":{"line":233,"column":7}},"233":{"start":{"line":234,"column":0},"end":{"line":234,"column":0}},"234":{"start":{"line":235,"column":0},"end":{"line":235,"column":33}},"235":{"start":{"line":236,"column":0},"end":{"line":236,"column":0}},"236":{"start":{"line":237,"column":0},"end":{"line":237,"column":9}},"237":{"start":{"line":238,"column":0},"end":{"line":238,"column":29}},"238":{"start":{"line":239,"column":0},"end":{"line":239,"column":53}},"239":{"start":{"line":240,"column":0},"end":{"line":240,"column":40}},"240":{"start":{"line":241,"column":0},"end":{"line":241,"column":7}},"241":{"start":{"line":242,"column":0},"end":{"line":242,"column":0}},"242":{"start":{"line":243,"column":0},"end":{"line":243,"column":57}},"243":{"start":{"line":244,"column":0},"end":{"line":244,"column":39}},"244":{"start":{"line":245,"column":0},"end":{"line":245,"column":18}},"245":{"start":{"line":246,"column":0},"end":{"line":246,"column":7}},"246":{"start":{"line":247,"column":0},"end":{"line":247,"column":0}},"247":{"start":{"line":248,"column":0},"end":{"line":248,"column":43}},"248":{"start":{"line":249,"column":0},"end":{"line":249,"column":0}},"249":{"start":{"line":250,"column":0},"end":{"line":250,"column":32}},"250":{"start":{"line":251,"column":0},"end":{"line":251,"column":54}},"251":{"start":{"line":252,"column":0},"end":{"line":252,"column":97}},"252":{"start":{"line":253,"column":0},"end":{"line":253,"column":71}},"253":{"start":{"line":254,"column":0},"end":{"line":254,"column":8}},"254":{"start":{"line":255,"column":0},"end":{"line":255,"column":28}},"255":{"start":{"line":256,"column":0},"end":{"line":256,"column":50}},"256":{"start":{"line":257,"column":0},"end":{"line":257,"column":45}},"257":{"start":{"line":258,"column":0},"end":{"line":258,"column":11}},"258":{"start":{"line":259,"column":0},"end":{"line":259,"column":14}},"259":{"start":{"line":260,"column":0},"end":{"line":260,"column":40}},"260":{"start":{"line":261,"column":0},"end":{"line":261,"column":100}},"261":{"start":{"line":262,"column":0},"end":{"line":262,"column":92}},"262":{"start":{"line":263,"column":0},"end":{"line":263,"column":8}},"263":{"start":{"line":264,"column":0},"end":{"line":264,"column":56}},"264":{"start":{"line":265,"column":0},"end":{"line":265,"column":43}},"265":{"start":{"line":266,"column":0},"end":{"line":266,"column":33}},"266":{"start":{"line":267,"column":0},"end":{"line":267,"column":74}},"267":{"start":{"line":268,"column":0},"end":{"line":268,"column":92}},"268":{"start":{"line":269,"column":0},"end":{"line":269,"column":10}},"269":{"start":{"line":270,"column":0},"end":{"line":270,"column":43}},"270":{"start":{"line":271,"column":0},"end":{"line":271,"column":58}},"271":{"start":{"line":272,"column":0},"end":{"line":272,"column":11}},"272":{"start":{"line":273,"column":0},"end":{"line":273,"column":9}},"273":{"start":{"line":274,"column":0},"end":{"line":274,"column":0}},"274":{"start":{"line":275,"column":0},"end":{"line":275,"column":53}},"275":{"start":{"line":276,"column":0},"end":{"line":276,"column":46}},"276":{"start":{"line":277,"column":0},"end":{"line":277,"column":68}},"277":{"start":{"line":278,"column":0},"end":{"line":278,"column":37}},"278":{"start":{"line":279,"column":0},"end":{"line":279,"column":9}},"279":{"start":{"line":280,"column":0},"end":{"line":280,"column":0}},"280":{"start":{"line":281,"column":0},"end":{"line":281,"column":28}},"281":{"start":{"line":282,"column":0},"end":{"line":282,"column":56}},"282":{"start":{"line":283,"column":0},"end":{"line":283,"column":45}},"283":{"start":{"line":284,"column":0},"end":{"line":284,"column":11}},"284":{"start":{"line":285,"column":0},"end":{"line":285,"column":7}},"285":{"start":{"line":286,"column":0},"end":{"line":286,"column":0}},"286":{"start":{"line":287,"column":0},"end":{"line":287,"column":51}},"287":{"start":{"line":288,"column":0},"end":{"line":288,"column":0}},"288":{"start":{"line":289,"column":0},"end":{"line":289,"column":52}},"289":{"start":{"line":290,"column":0},"end":{"line":290,"column":84}},"290":{"start":{"line":291,"column":0},"end":{"line":291,"column":28}},"291":{"start":{"line":292,"column":0},"end":{"line":292,"column":57}},"292":{"start":{"line":293,"column":0},"end":{"line":293,"column":65}},"293":{"start":{"line":294,"column":0},"end":{"line":294,"column":59}},"294":{"start":{"line":295,"column":0},"end":{"line":295,"column":11}},"295":{"start":{"line":296,"column":0},"end":{"line":296,"column":7}},"296":{"start":{"line":297,"column":0},"end":{"line":297,"column":0}},"297":{"start":{"line":298,"column":0},"end":{"line":298,"column":21}},"298":{"start":{"line":299,"column":0},"end":{"line":299,"column":0}},"299":{"start":{"line":300,"column":0},"end":{"line":300,"column":21}},"300":{"start":{"line":301,"column":0},"end":{"line":301,"column":80}},"301":{"start":{"line":302,"column":0},"end":{"line":302,"column":43}},"302":{"start":{"line":303,"column":0},"end":{"line":303,"column":62}},"303":{"start":{"line":304,"column":0},"end":{"line":304,"column":58}},"304":{"start":{"line":305,"column":0},"end":{"line":305,"column":15}},"305":{"start":{"line":306,"column":0},"end":{"line":306,"column":17}},"306":{"start":{"line":307,"column":0},"end":{"line":307,"column":5}},"307":{"start":{"line":308,"column":0},"end":{"line":308,"column":3}},"308":{"start":{"line":309,"column":0},"end":{"line":309,"column":0}},"309":{"start":{"line":310,"column":0},"end":{"line":310,"column":5}},"310":{"start":{"line":311,"column":0},"end":{"line":311,"column":53}},"311":{"start":{"line":312,"column":0},"end":{"line":312,"column":5}},"312":{"start":{"line":313,"column":0},"end":{"line":313,"column":119}},"313":{"start":{"line":314,"column":0},"end":{"line":314,"column":20}},"314":{"start":{"line":315,"column":0},"end":{"line":315,"column":33}},"315":{"start":{"line":316,"column":0},"end":{"line":316,"column":5}},"316":{"start":{"line":317,"column":0},"end":{"line":317,"column":0}},"317":{"start":{"line":318,"column":0},"end":{"line":318,"column":68}},"318":{"start":{"line":319,"column":0},"end":{"line":319,"column":46}},"319":{"start":{"line":320,"column":0},"end":{"line":320,"column":4}},"320":{"start":{"line":321,"column":0},"end":{"line":321,"column":51}},"321":{"start":{"line":322,"column":0},"end":{"line":322,"column":40}},"322":{"start":{"line":323,"column":0},"end":{"line":323,"column":62}},"323":{"start":{"line":324,"column":0},"end":{"line":324,"column":70}},"324":{"start":{"line":325,"column":0},"end":{"line":325,"column":65}},"325":{"start":{"line":326,"column":0},"end":{"line":326,"column":5}},"326":{"start":{"line":327,"column":0},"end":{"line":327,"column":4}},"327":{"start":{"line":328,"column":0},"end":{"line":328,"column":62}},"328":{"start":{"line":329,"column":0},"end":{"line":329,"column":70}},"329":{"start":{"line":330,"column":0},"end":{"line":330,"column":63}},"330":{"start":{"line":331,"column":0},"end":{"line":331,"column":4}},"331":{"start":{"line":332,"column":0},"end":{"line":332,"column":97}},"332":{"start":{"line":333,"column":0},"end":{"line":333,"column":98}},"333":{"start":{"line":334,"column":0},"end":{"line":334,"column":47}},"334":{"start":{"line":335,"column":0},"end":{"line":335,"column":4}},"335":{"start":{"line":336,"column":0},"end":{"line":336,"column":81}},"336":{"start":{"line":337,"column":0},"end":{"line":337,"column":74}},"337":{"start":{"line":338,"column":0},"end":{"line":338,"column":53}},"338":{"start":{"line":339,"column":0},"end":{"line":339,"column":56}},"339":{"start":{"line":340,"column":0},"end":{"line":340,"column":49}},"340":{"start":{"line":341,"column":0},"end":{"line":341,"column":32}},"341":{"start":{"line":342,"column":0},"end":{"line":342,"column":38}},"342":{"start":{"line":343,"column":0},"end":{"line":343,"column":7}},"343":{"start":{"line":344,"column":0},"end":{"line":344,"column":5}},"344":{"start":{"line":345,"column":0},"end":{"line":345,"column":4}},"345":{"start":{"line":346,"column":0},"end":{"line":346,"column":63}},"346":{"start":{"line":347,"column":0},"end":{"line":347,"column":211}},"347":{"start":{"line":348,"column":0},"end":{"line":348,"column":39}},"348":{"start":{"line":349,"column":0},"end":{"line":349,"column":34}},"349":{"start":{"line":350,"column":0},"end":{"line":350,"column":5}},"350":{"start":{"line":351,"column":0},"end":{"line":351,"column":4}},"351":{"start":{"line":352,"column":0},"end":{"line":352,"column":55}},"352":{"start":{"line":353,"column":0},"end":{"line":353,"column":43}},"353":{"start":{"line":354,"column":0},"end":{"line":354,"column":55}},"354":{"start":{"line":355,"column":0},"end":{"line":355,"column":52}},"355":{"start":{"line":356,"column":0},"end":{"line":356,"column":81}},"356":{"start":{"line":357,"column":0},"end":{"line":357,"column":65}},"357":{"start":{"line":358,"column":0},"end":{"line":358,"column":40}},"358":{"start":{"line":359,"column":0},"end":{"line":359,"column":76}},"359":{"start":{"line":360,"column":0},"end":{"line":360,"column":10}},"360":{"start":{"line":361,"column":0},"end":{"line":361,"column":57}},"361":{"start":{"line":362,"column":0},"end":{"line":362,"column":56}},"362":{"start":{"line":363,"column":0},"end":{"line":363,"column":43}},"363":{"start":{"line":364,"column":0},"end":{"line":364,"column":71}},"364":{"start":{"line":365,"column":0},"end":{"line":365,"column":41}},"365":{"start":{"line":366,"column":0},"end":{"line":366,"column":72}},"366":{"start":{"line":367,"column":0},"end":{"line":367,"column":86}},"367":{"start":{"line":368,"column":0},"end":{"line":368,"column":13}},"368":{"start":{"line":369,"column":0},"end":{"line":369,"column":11}},"369":{"start":{"line":370,"column":0},"end":{"line":370,"column":9}},"370":{"start":{"line":371,"column":0},"end":{"line":371,"column":7}},"371":{"start":{"line":372,"column":0},"end":{"line":372,"column":5}},"372":{"start":{"line":373,"column":0},"end":{"line":373,"column":0}},"373":{"start":{"line":374,"column":0},"end":{"line":374,"column":42}},"374":{"start":{"line":375,"column":0},"end":{"line":375,"column":82}},"375":{"start":{"line":376,"column":0},"end":{"line":376,"column":35}},"376":{"start":{"line":377,"column":0},"end":{"line":377,"column":66}},"377":{"start":{"line":378,"column":0},"end":{"line":378,"column":84}},"378":{"start":{"line":379,"column":0},"end":{"line":379,"column":39}},"379":{"start":{"line":380,"column":0},"end":{"line":380,"column":7}},"380":{"start":{"line":381,"column":0},"end":{"line":381,"column":5}},"381":{"start":{"line":382,"column":0},"end":{"line":382,"column":0}},"382":{"start":{"line":383,"column":0},"end":{"line":383,"column":82}},"383":{"start":{"line":384,"column":0},"end":{"line":384,"column":3}},"384":{"start":{"line":385,"column":0},"end":{"line":385,"column":0}},"385":{"start":{"line":386,"column":0},"end":{"line":386,"column":5}},"386":{"start":{"line":387,"column":0},"end":{"line":387,"column":53}},"387":{"start":{"line":388,"column":0},"end":{"line":388,"column":5}},"388":{"start":{"line":389,"column":0},"end":{"line":389,"column":101}},"389":{"start":{"line":390,"column":0},"end":{"line":390,"column":68}},"390":{"start":{"line":391,"column":0},"end":{"line":391,"column":4}},"391":{"start":{"line":392,"column":0},"end":{"line":392,"column":30}},"392":{"start":{"line":393,"column":0},"end":{"line":393,"column":56}},"393":{"start":{"line":394,"column":0},"end":{"line":394,"column":4}},"394":{"start":{"line":395,"column":0},"end":{"line":395,"column":44}},"395":{"start":{"line":396,"column":0},"end":{"line":396,"column":33}},"396":{"start":{"line":397,"column":0},"end":{"line":397,"column":65}},"397":{"start":{"line":398,"column":0},"end":{"line":398,"column":78}},"398":{"start":{"line":399,"column":0},"end":{"line":399,"column":7}},"399":{"start":{"line":400,"column":0},"end":{"line":400,"column":5}},"400":{"start":{"line":401,"column":0},"end":{"line":401,"column":0}},"401":{"start":{"line":402,"column":0},"end":{"line":402,"column":19}},"402":{"start":{"line":403,"column":0},"end":{"line":403,"column":3}},"403":{"start":{"line":404,"column":0},"end":{"line":404,"column":0}},"404":{"start":{"line":405,"column":0},"end":{"line":405,"column":5}},"405":{"start":{"line":406,"column":0},"end":{"line":406,"column":41}},"406":{"start":{"line":407,"column":0},"end":{"line":407,"column":5}},"407":{"start":{"line":408,"column":0},"end":{"line":408,"column":59}},"408":{"start":{"line":409,"column":0},"end":{"line":409,"column":43}},"409":{"start":{"line":410,"column":0},"end":{"line":410,"column":4}},"410":{"start":{"line":411,"column":0},"end":{"line":411,"column":58}},"411":{"start":{"line":412,"column":0},"end":{"line":412,"column":65}},"412":{"start":{"line":413,"column":0},"end":{"line":413,"column":4}},"413":{"start":{"line":414,"column":0},"end":{"line":414,"column":19}},"414":{"start":{"line":415,"column":0},"end":{"line":415,"column":3}},"415":{"start":{"line":416,"column":0},"end":{"line":416,"column":0}},"416":{"start":{"line":417,"column":0},"end":{"line":417,"column":5}},"417":{"start":{"line":418,"column":0},"end":{"line":418,"column":36}},"418":{"start":{"line":419,"column":0},"end":{"line":419,"column":5}},"419":{"start":{"line":420,"column":0},"end":{"line":420,"column":79}},"420":{"start":{"line":421,"column":0},"end":{"line":421,"column":39}},"421":{"start":{"line":422,"column":0},"end":{"line":422,"column":38}},"422":{"start":{"line":423,"column":0},"end":{"line":423,"column":4}},"423":{"start":{"line":424,"column":0},"end":{"line":424,"column":62}},"424":{"start":{"line":425,"column":0},"end":{"line":425,"column":34}},"425":{"start":{"line":426,"column":0},"end":{"line":426,"column":26}},"426":{"start":{"line":427,"column":0},"end":{"line":427,"column":36}},"427":{"start":{"line":428,"column":0},"end":{"line":428,"column":16}},"428":{"start":{"line":429,"column":0},"end":{"line":429,"column":6}},"429":{"start":{"line":430,"column":0},"end":{"line":430,"column":56}},"430":{"start":{"line":431,"column":0},"end":{"line":431,"column":31}},"431":{"start":{"line":432,"column":0},"end":{"line":432,"column":37}},"432":{"start":{"line":433,"column":0},"end":{"line":433,"column":8}},"433":{"start":{"line":434,"column":0},"end":{"line":434,"column":21}},"434":{"start":{"line":435,"column":0},"end":{"line":435,"column":16}},"435":{"start":{"line":436,"column":0},"end":{"line":436,"column":30}},"436":{"start":{"line":437,"column":0},"end":{"line":437,"column":28}},"437":{"start":{"line":438,"column":0},"end":{"line":438,"column":14}},"438":{"start":{"line":439,"column":0},"end":{"line":439,"column":31}},"439":{"start":{"line":440,"column":0},"end":{"line":440,"column":49}},"440":{"start":{"line":441,"column":0},"end":{"line":441,"column":45}},"441":{"start":{"line":442,"column":0},"end":{"line":442,"column":50}},"442":{"start":{"line":443,"column":0},"end":{"line":443,"column":11}},"443":{"start":{"line":444,"column":0},"end":{"line":444,"column":7}},"444":{"start":{"line":445,"column":0},"end":{"line":445,"column":5}},"445":{"start":{"line":446,"column":0},"end":{"line":446,"column":4}},"446":{"start":{"line":447,"column":0},"end":{"line":447,"column":18}},"447":{"start":{"line":448,"column":0},"end":{"line":448,"column":3}},"448":{"start":{"line":449,"column":0},"end":{"line":449,"column":0}},"449":{"start":{"line":450,"column":0},"end":{"line":450,"column":5}},"450":{"start":{"line":451,"column":0},"end":{"line":451,"column":35}},"451":{"start":{"line":452,"column":0},"end":{"line":452,"column":5}},"452":{"start":{"line":453,"column":0},"end":{"line":453,"column":53}},"453":{"start":{"line":454,"column":0},"end":{"line":454,"column":27}},"454":{"start":{"line":455,"column":0},"end":{"line":455,"column":61}},"455":{"start":{"line":456,"column":0},"end":{"line":456,"column":5}},"456":{"start":{"line":457,"column":0},"end":{"line":457,"column":0}},"457":{"start":{"line":458,"column":0},"end":{"line":458,"column":34}},"458":{"start":{"line":459,"column":0},"end":{"line":459,"column":54}},"459":{"start":{"line":460,"column":0},"end":{"line":460,"column":4}},"460":{"start":{"line":461,"column":0},"end":{"line":461,"column":55}},"461":{"start":{"line":462,"column":0},"end":{"line":462,"column":53}},"462":{"start":{"line":463,"column":0},"end":{"line":463,"column":5}},"463":{"start":{"line":464,"column":0},"end":{"line":464,"column":4}},"464":{"start":{"line":465,"column":0},"end":{"line":465,"column":20}},"465":{"start":{"line":466,"column":0},"end":{"line":466,"column":3}},"466":{"start":{"line":467,"column":0},"end":{"line":467,"column":0}},"467":{"start":{"line":468,"column":0},"end":{"line":468,"column":5}},"468":{"start":{"line":469,"column":0},"end":{"line":469,"column":52}},"469":{"start":{"line":470,"column":0},"end":{"line":470,"column":5}},"470":{"start":{"line":471,"column":0},"end":{"line":471,"column":53}},"471":{"start":{"line":472,"column":0},"end":{"line":472,"column":35}},"472":{"start":{"line":473,"column":0},"end":{"line":473,"column":4}},"473":{"start":{"line":474,"column":0},"end":{"line":474,"column":26}},"474":{"start":{"line":475,"column":0},"end":{"line":475,"column":35}},"475":{"start":{"line":476,"column":0},"end":{"line":476,"column":50}},"476":{"start":{"line":477,"column":0},"end":{"line":477,"column":62}},"477":{"start":{"line":478,"column":0},"end":{"line":478,"column":5}},"478":{"start":{"line":479,"column":0},"end":{"line":479,"column":4}},"479":{"start":{"line":480,"column":0},"end":{"line":480,"column":27}},"480":{"start":{"line":481,"column":0},"end":{"line":481,"column":30}},"481":{"start":{"line":482,"column":0},"end":{"line":482,"column":42}},"482":{"start":{"line":483,"column":0},"end":{"line":483,"column":62}},"483":{"start":{"line":484,"column":0},"end":{"line":484,"column":5}},"484":{"start":{"line":485,"column":0},"end":{"line":485,"column":4}},"485":{"start":{"line":486,"column":0},"end":{"line":486,"column":55}},"486":{"start":{"line":487,"column":0},"end":{"line":487,"column":33}},"487":{"start":{"line":488,"column":0},"end":{"line":488,"column":28}},"488":{"start":{"line":489,"column":0},"end":{"line":489,"column":5}},"489":{"start":{"line":490,"column":0},"end":{"line":490,"column":4}},"490":{"start":{"line":491,"column":0},"end":{"line":491,"column":21}},"491":{"start":{"line":492,"column":0},"end":{"line":492,"column":3}},"492":{"start":{"line":493,"column":0},"end":{"line":493,"column":0}},"493":{"start":{"line":494,"column":0},"end":{"line":494,"column":5}},"494":{"start":{"line":495,"column":0},"end":{"line":495,"column":61}},"495":{"start":{"line":496,"column":0},"end":{"line":496,"column":5}},"496":{"start":{"line":497,"column":0},"end":{"line":497,"column":47}},"497":{"start":{"line":498,"column":0},"end":{"line":498,"column":58}},"498":{"start":{"line":499,"column":0},"end":{"line":499,"column":67}},"499":{"start":{"line":500,"column":0},"end":{"line":500,"column":67}},"500":{"start":{"line":501,"column":0},"end":{"line":501,"column":4}},"501":{"start":{"line":502,"column":0},"end":{"line":502,"column":16}},"502":{"start":{"line":503,"column":0},"end":{"line":503,"column":17}},"503":{"start":{"line":504,"column":0},"end":{"line":504,"column":29}},"504":{"start":{"line":505,"column":0},"end":{"line":505,"column":6}},"505":{"start":{"line":506,"column":0},"end":{"line":506,"column":4}},"506":{"start":{"line":507,"column":0},"end":{"line":507,"column":48}},"507":{"start":{"line":508,"column":0},"end":{"line":508,"column":65}},"508":{"start":{"line":509,"column":0},"end":{"line":509,"column":28}},"509":{"start":{"line":510,"column":0},"end":{"line":510,"column":21}},"510":{"start":{"line":511,"column":0},"end":{"line":511,"column":42}},"511":{"start":{"line":512,"column":0},"end":{"line":512,"column":32}},"512":{"start":{"line":513,"column":0},"end":{"line":513,"column":9}},"513":{"start":{"line":514,"column":0},"end":{"line":514,"column":5}},"514":{"start":{"line":515,"column":0},"end":{"line":515,"column":3}},"515":{"start":{"line":516,"column":0},"end":{"line":516,"column":0}},"516":{"start":{"line":517,"column":0},"end":{"line":517,"column":5}},"517":{"start":{"line":518,"column":0},"end":{"line":518,"column":29}},"518":{"start":{"line":519,"column":0},"end":{"line":519,"column":5}},"519":{"start":{"line":520,"column":0},"end":{"line":520,"column":66}},"520":{"start":{"line":521,"column":0},"end":{"line":521,"column":70}},"521":{"start":{"line":522,"column":0},"end":{"line":522,"column":12}},"522":{"start":{"line":523,"column":0},"end":{"line":523,"column":37}},"523":{"start":{"line":524,"column":0},"end":{"line":524,"column":29}},"524":{"start":{"line":525,"column":0},"end":{"line":525,"column":6}},"525":{"start":{"line":526,"column":0},"end":{"line":526,"column":3}},"526":{"start":{"line":527,"column":0},"end":{"line":527,"column":0}},"527":{"start":{"line":528,"column":0},"end":{"line":528,"column":5}},"528":{"start":{"line":529,"column":0},"end":{"line":529,"column":48}},"529":{"start":{"line":530,"column":0},"end":{"line":530,"column":5}},"530":{"start":{"line":531,"column":0},"end":{"line":531,"column":56}},"531":{"start":{"line":532,"column":0},"end":{"line":532,"column":88}},"532":{"start":{"line":533,"column":0},"end":{"line":533,"column":0}},"533":{"start":{"line":534,"column":0},"end":{"line":534,"column":42}},"534":{"start":{"line":535,"column":0},"end":{"line":535,"column":24}},"535":{"start":{"line":536,"column":0},"end":{"line":536,"column":5}},"536":{"start":{"line":537,"column":0},"end":{"line":537,"column":0}},"537":{"start":{"line":538,"column":0},"end":{"line":538,"column":42}},"538":{"start":{"line":539,"column":0},"end":{"line":539,"column":24}},"539":{"start":{"line":540,"column":0},"end":{"line":540,"column":5}},"540":{"start":{"line":541,"column":0},"end":{"line":541,"column":0}},"541":{"start":{"line":542,"column":0},"end":{"line":542,"column":42}},"542":{"start":{"line":543,"column":0},"end":{"line":543,"column":44}},"543":{"start":{"line":544,"column":0},"end":{"line":544,"column":58}},"544":{"start":{"line":545,"column":0},"end":{"line":545,"column":33}},"545":{"start":{"line":546,"column":0},"end":{"line":546,"column":49}},"546":{"start":{"line":547,"column":0},"end":{"line":547,"column":50}},"547":{"start":{"line":548,"column":0},"end":{"line":548,"column":62}},"548":{"start":{"line":549,"column":0},"end":{"line":549,"column":10}},"549":{"start":{"line":550,"column":0},"end":{"line":550,"column":7}},"550":{"start":{"line":551,"column":0},"end":{"line":551,"column":5}},"551":{"start":{"line":552,"column":0},"end":{"line":552,"column":0}},"552":{"start":{"line":553,"column":0},"end":{"line":553,"column":42}},"553":{"start":{"line":554,"column":0},"end":{"line":554,"column":3}},"554":{"start":{"line":555,"column":0},"end":{"line":555,"column":0}},"555":{"start":{"line":556,"column":0},"end":{"line":556,"column"
[...]
:219,"loc":{"start":{"line":219,"column":47},"end":{"line":221,"column":7}},"locations":[{"start":{"line":219,"column":47},"end":{"line":221,"column":7}}]},"31":{"type":"branch","line":221,"loc":{"start":{"line":221,"column":6},"end":{"line":232,"column":13}},"locations":[{"start":{"line":221,"column":6},"end":{"line":232,"column":13}}]},"32":{"type":"branch","line":232,"loc":{"start":{"line":232,"column":4},"end":{"line":237,"column":6}},"locations":[{"start":{"line":232,"column":4},"end":{"line":237,"column":6}}]},"33":{"type":"branch","line":233,"loc":{"start":{"line":233,"column":54},"end":{"line":233,"column":80}},"locations":[{"start":{"line":233,"column":54},"end":{"line":233,"column":80}}]},"34":{"type":"branch","line":237,"loc":{"start":{"line":237,"column":4},"end":{"line":237,"column":6}},"locations":[{"start":{"line":237,"column":4},"end":{"line":237,"column":6}}]},"35":{"type":"branch","line":245,"loc":{"start":{"line":245,"column":2},"end":{"line":281,"column":3}},"locations":[{"start":{"line":245,"column":2},"end":{"line":281,"column":3}}]},"36":{"type":"branch","line":258,"loc":{"start":{"line":258,"column":20},"end":{"line":260,"column":7}},"locations":[{"start":{"line":258,"column":20},"end":{"line":260,"column":7}}]},"37":{"type":"branch","line":263,"loc":{"start":{"line":263,"column":42},"end":{"line":265,"column":7}},"locations":[{"start":{"line":263,"column":42},"end":{"line":265,"column":7}}]},"38":{"type":"branch","line":265,"loc":{"start":{"line":265,"column":6},"end":{"line":273,"column":13}},"locations":[{"start":{"line":265,"column":6},"end":{"line":273,"column":13}}]},"39":{"type":"branch","line":273,"loc":{"start":{"line":273,"column":4},"end":{"line":278,"column":6}},"locations":[{"start":{"line":273,"column":4},"end":{"line":278,"column":6}}]},"40":{"type":"branch","line":274,"loc":{"start":{"line":274,"column":54},"end":{"line":274,"column":80}},"locations":[{"start":{"line":274,"column":54},"end":{"line":274,"column":80}}]},"41":{"type":"branch","line":278,"loc":{"start":{"line":278,"column":4},"end":{"line":278,"column":6}},"locations":[{"start":{"line":278,"column":4},"end":{"line":278,"column":6}}]},"42":{"type":"branch","line":286,"loc":{"start":{"line":286,"column":2},"end":{"line":334,"column":3}},"locations":[{"start":{"line":286,"column":2},"end":{"line":334,"column":3}}]},"43":{"type":"branch","line":294,"loc":{"start":{"line":294,"column":20},"end":{"line":296,"column":7}},"locations":[{"start":{"line":294,"column":20},"end":{"line":296,"column":7}}]},"44":{"type":"branch","line":298,"loc":{"start":{"line":298,"column":28},"end":{"line":300,"column":7}},"locations":[{"start":{"line":298,"column":28},"end":{"line":300,"column":7}}]},"45":{"type":"branch","line":300,"loc":{"start":{"line":300,"column":6},"end":{"line":306,"column":43}},"locations":[{"start":{"line":300,"column":6},"end":{"line":306,"column":43}}]},"46":{"type":"branch","line":306,"loc":{"start":{"line":306,"column":43},"end":{"line":308,"column":7}},"locations":[{"start":{"line":306,"column":43},"end":{"line":308,"column":7}}]},"47":{"type":"branch","line":308,"loc":{"start":{"line":308,"column":6},"end":{"line":331,"column":6}},"locations":[{"start":{"line":308,"column":6},"end":{"line":331,"column":6}}]},"48":{"type":"branch","line":327,"loc":{"start":{"line":327,"column":54},"end":{"line":327,"column":80}},"locations":[{"start":{"line":327,"column":54},"end":{"line":327,"column":80}}]},"49":{"type":"branch","line":339,"loc":{"start":{"line":339,"column":2},"end":{"line":371,"column":3}},"locations":[{"start":{"line":339,"column":2},"end":{"line":371,"column":3}}]},"50":{"type":"branch","line":346,"loc":{"start":{"line":346,"column":20},"end":{"line":349,"column":7}},"locations":[{"start":{"line":346,"column":20},"end":{"line":349,"column":7}}]},"51":{"type":"branch","line":349,"loc":{"start":{"line":349,"column":6},"end":{"line":353,"column":31}},"locations":[{"start":{"line":349,"column":6},"end":{"line":353,"column":31}}]},"52":{"type":"branch","line":353,"loc":{"start":{"line":353,"column":19},"end":{"line":353,"column":59}},"locations":[{"start":{"line":353,"column":19},"end":{"line":353,"column":59}}]},"53":{"type":"branch","line":353,"loc":{"start":{"line":353,"column":59},"end":{"line":356,"column":7}},"locations":[{"start":{"line":353,"column":59},"end":{"line":356,"column":7}}]},"54":{"type":"branch","line":356,"loc":{"start":{"line":356,"column":6},"end":{"line":363,"column":13}},"locations":[{"start":{"line":356,"column":6},"end":{"line":363,"column":13}}]},"55":{"type":"branch","line":363,"loc":{"start":{"line":363,"column":4},"end":{"line":368,"column":6}},"locations":[{"start":{"line":363,"column":4},"end":{"line":368,"column":6}}]},"56":{"type":"branch","line":368,"loc":{"start":{"line":368,"column":4},"end":{"line":368,"column":6}},"locations":[{"start":{"line":368,"column":4},"end":{"line":368,"column":6}}]},"57":{"type":"branch","line":376,"loc":{"start":{"line":376,"column":2},"end":{"line":382,"column":3}},"locations":[{"start":{"line":376,"column":2},"end":{"line":382,"column":3}}]},"58":{"type":"branch","line":379,"loc":{"start":{"line":379,"column":14},"end":{"line":379,"column":37}},"locations":[{"start":{"line":379,"column":14},"end":{"line":379,"column":37}}]},"59":{"type":"branch","line":380,"loc":{"start":{"line":380,"column":11},"end":{"line":380,"column":31}},"locations":[{"start":{"line":380,"column":11},"end":{"line":380,"column":31}}]},"60":{"type":"branch","line":381,"loc":{"start":{"line":381,"column":14},"end":{"line":381,"column":58}},"locations":[{"start":{"line":381,"column":14},"end":{"line":381,"column":58}}]},"61":{"type":"branch","line":387,"loc":{"start":{"line":387,"column":2},"end":{"line":412,"column":3}},"locations":[{"start":{"line":387,"column":2},"end":{"line":412,"column":3}}]},"62":{"type":"branch","line":391,"loc":{"start":{"line":391,"column":22},"end":{"line":393,"column":5}},"locations":[{"start":{"line":391,"column":22},"end":{"line":393,"column":5}}]},"63":{"type":"branch","line":393,"loc":{"start":{"line":393,"column":4},"end":{"line":411,"column":6}},"locations":[{"start":{"line":393,"column":4},"end":{"line":411,"column":6}}]},"64":{"type":"branch","line":389,"loc":{"start":{"line":389,"column":35},"end":{"line":389,"column":91}},"locations":[{"start":{"line":389,"column":35},"end":{"line":389,"column":91}}]},"65":{"type":"branch","line":389,"loc":{"start":{"line":389,"column":68},"end":{"line":389,"column":91}},"locations":[{"start":{"line":389,"column":68},"end":{"line":389,"column":91}}]},"66":{"type":"branch","line":417,"loc":{"start":{"line":417,"column":2},"end":{"line":447,"column":3}},"locations":[{"start":{"line":417,"column":2},"end":{"line":447,"column":3}}]},"67":{"type":"branch","line":439,"loc":{"start":{"line":439,"column":4},"end":{"line":444,"column":6}},"locations":[{"start":{"line":439,"column":4},"end":{"line":444,"column":6}}]},"68":{"type":"branch","line":452,"loc":{"start":{"line":452,"column":10},"end":{"line":465,"column":3}},"locations":[{"start":{"line":452,"column":10},"end":{"line":465,"column":3}}]},"69":{"type":"branch","line":470,"loc":{"start":{"line":470,"column":10},"end":{"line":484,"column":3}},"locations":[{"start":{"line":470,"column":10},"end":{"line":484,"column":3}}]},"70":{"type":"branch","line":489,"loc":{"start":{"line":489,"column":10},"end":{"line":496,"column":3}},"locations":[{"start":{"line":489,"column":10},"end":{"line":496,"column":3}}]},"71":{"type":"branch","line":490,"loc":{"start":{"line":490,"column":37},"end":{"line":492,"column":5}},"locations":[{"start":{"line":490,"column":37},"end":{"line":492,"column":5}}]},"72":{"type":"branch","line":492,"loc":{"start":{"line":492,"column":4},"end":{"line":493,"column":30}},"locations":[{"start":{"line":492,"column":4},"end":{"line":493,"column":30}}]},"73":{"type":"branch","line":493,"loc":{"start":{"line":493,"column":30},"end":{"line":495,"column":5}},"locations":[{"start":{"line":493,"column":30},"end":{"line":495,"column":5}}]},"74":{"type":"branch","line":501,"loc":{"start":{"line":501,"column":10},"end":{"line":504,"column":3}},"locations":[{"start":{"line":501,"column":10},"end":{"line":504,"column":3}}]},"75":{"type":"branch","line":503,"loc":{"start":{"line":503,"column":21},"end":{"line":503,"column":28}},"locations":[{"start":{"line":503,"column":21},"end":{"line":503,"column":28}}]},"76":{"type":"branch","line":509,"loc":{"start":{"line":509,"column":10},"end":{"line":512,"column":3}},"locations":[{"start":{"line":509,"column":10},"end":{"line":512,"column":3}}]},"77":{"type":"branch","line":511,"loc":{"start":{"line":511,"column":43},"end":{"line":511,"column":74}},"locations":[{"start":{"line":511,"column":43},"end":{"line":511,"column":74}}]},"78":{"type":"branch","line":517,"loc":{"start":{"line":517,"column":2},"end":{"line":521,"column":3}},"locations":[{"start":{"line":517,"column":2},"end":{"line":521,"column":3}}]},"79":{"type":"branch","line":519,"loc":{"start":{"line":519,"column":37},"end":{"line":519,"column":64}},"locations":[{"start":{"line":519,"column":37},"end":{"line":519,"column":64}}]}},"b":{"0":[46],"1":[46],"2":[34],"3":[27],"4":[34],"5":[1],"6":[32],"7":[2],"8":[0],"9":[0],"10":[10],"11":[5],"12":[4],"13":[1],"14":[1],"15":[4],"16":[2],"17":[2],"18":[3],"19":[1],"20":[3],"21":[2],"22":[0],"23":[0],"24":[5],"25":[4],"26":[6],"27":[0],"28":[1],"29":[5],"30":[1],"31":[4],"32":[2],"33":[0],"34":[4],"35":[5],"36":[0],"37":[1],"38":[4],"39":[1],"40":[0],"41":[0],"42":[4],"43":[0],"44":[1],"45":[3],"46":[1],"47":[2],"48":[0],"49":[36],"50":[1],"51":[35],"52":[32],"53":[32],"54":[35],"55":[0],"56":[35],"57":[1],"58":[3],"59":[3],"60":[3],"61":[5],"62":[1],"63":[4],"64":[5],"65":[4],"66":[1],"67":[0],"68":[35],"69":[10],"70":[4],"71":[1],"72":[3],"73":[0],"74":[35],"75":[0],"76":[10],"77":[0],"78":[48],"79":[30]},"fnMap":{"0":{"name":"<instance_members_initializer>","decl":{"start":{"line":22,"column":7},"end":{"line":522,"column":1}},"loc":{"start":{"line":22,"column":7},"end":{"line":522,"column":1}},"line":22},"1":{"name":"SegmentStorage","decl":{"start":{"line":26,"column":2},"end":{"line":29,"column":3}},"loc":{"start":{"line":26,"column":2},"end":{"line":29,"column":3}},"line":26},"2":{"name":"ensureDirectoryExists","decl":{"start":{"line":34,"column":10},"end":{"line":38,"column":3}},"loc":{"start":{"line":34,"column":10},"end":{"line":38,"column":3}},"line":34},"3":{"name":"createSegment","decl":{"start":{"line":43,"column":2},"end":{"line":110,"column":3}},"loc":{"start":{"line":43,"column":2},"end":{"line":110,"column":3}},"line":43},"4":{"name":"openSegment","decl":{"start":{"line":115,"column":2},"end":{"line":192,"column":3}},"loc":{"start":{"line":115,"column":2},"end":{"line":192,"column":3}},"line":115},"5":{"name":"writeToSegment","decl":{"start":{"line":197,"column":2},"end":{"line":240,"column":3}},"loc":{"start":{"line":197,"column":2},"end":{"line":240,"column":3}},"line":197},"6":{"name":"readFromSegment","decl":{"start":{"line":245,"column":2},"end":{"line":281,"column":3}},"loc":{"start":{"line":245,"column":2},"end":{"line":281,"column":3}},"line":245},"7":{"name":"expandSegment","decl":{"start":{"line":286,"column":2},"end":{"line":334,"column":3}},"loc":{"start":{"line":286,"column":2},"end":{"line":334,"column":3}},"line":286},"8":{"name":"closeSegment","decl":{"start":{"line":339,"column":2},"end":{"line":371,"column":3}},"loc":{"start":{"line":339,"column":2},"end":{"line":371,"column":3}},"line":339},"9":{"name":"listSegments","decl":{"start":{"line":376,"column":2},"end":{"line":382,"column":3}},"loc":{"start":{"line":376,"column":2},"end":{"line":382,"column":3}},"line":376},"10":{"name":"getSegmentInfo","decl":{"start":{"line":387,"column":2},"end":{"line":412,"column":3}},"loc":{"start":{"line":387,"column":2},"end":{"line":412,"column":3}},"line":387},"11":{"name":"compactSegment","decl":{"start":{"line":417,"column":2},"end":{"line":447,"column":3}},"loc":{"start":{"line":417,"column":2},"end":{"line":447,"column":3}},"line":417},"12":{"name":"writeHeader","decl":{"start":{"line":452,"column":10},"end":{"line":465,"column":3}},"loc":{"start":{"line":452,"column":10},"end":{"line":465,"column":3}},"line":452},"13":{"name":"readHeader","decl":{"start":{"line":470,"column":10},"end":{"line":484,"column":3}},"loc":{"start":{"line":470,"column":10},"end":{"line":484,"column":3}},"line":470},"14":{"name":"validateHeader","decl":{"start":{"line":489,"column":10},"end":{"line":496,"column":3}},"loc":{"start":{"line":489,"column":10},"end":{"line":496,"column":3}},"line":489},"15":{"name":"typeToNumber","decl":{"start":{"line":501,"column":10},"end":{"line":504,"column":3}},"loc":{"start":{"line":501,"column":10},"end":{"line":504,"column":3}},"line":501},"16":{"name":"numberToType","decl":{"start":{"line":509,"column":10},"end":{"line":512,"column":3}},"loc":{"start":{"line":509,"column":10},"end":{"line":512,"column":3}},"line":509},"17":{"name":"shutdown","decl":{"start":{"line":517,"column":2},"end":{"line":521,"column":3}},"loc":{"start":{"line":517,"column":2},"end":{"line":521,"column":3}},"line":517}},"f":{"0":46,"1":46,"2":34,"3":34,"4":10,"5":6,"6":5,"7":4,"8":36,"9":1,"10":5,"11":1,"12":35,"13":10,"14":4,"15":35,"16":10,"17":48}}
,"/media/nathan/Seagate Hub/Projects/lens/src/types/config.ts": {"path":"/media/nathan/Seagate Hub/Projects/lens/src/types/config.ts","all":false,"statementMap":{"0":{"start":{"line":1,"column":0},"end":{"line":1,"column":3}},"1":{"start":{"line":2,"column":0},"end":{"line":2,"column":57}},"2":{"start":{"line":3,"column":0},"end":{"line":3,"column":50}},"3":{"start":{"line":4,"column":0},"end":{"line":4,"column":3}},"4":{"start":{"line":5,"column":0},"end":{"line":5,"column":0}},"5":{"start":{"line":6,"column":0},"end":{"line":6,"column":29}},"6":{"start":{"line":7,"column":0},"end":{"line":7,"column":16}},"7":{"start":{"line":8,"column":0},"end":{"line":8,"column":72}},"8":{"start":{"line":9,"column":0},"end":{"line":9,"column":80}},"9":{"start":{"line":10,"column":0},"end":{"line":10,"column":80}},"10":{"start":{"line":11,"column":0},"end":{"line":11,"column":66}},"11":{"start":{"line":12,"column":0},"end":{"line":12,"column":67}},"12":{"start":{"line":13,"column":0},"end":{"line":13,"column":4}},"13":{"start":{"line":14,"column":0},"end":{"line":14,"column":2}},"14":{"start":{"line":15,"column":0},"end":{"line":15,"column":14}},"15":{"start":{"line":16,"column":0},"end":{"line":16,"column":69}},"16":{"start":{"line":17,"column":0},"end":{"line":17,"column":65}},"17":{"start":{"line":18,"column":0},"end":{"line":18,"column":66}},"18":{"start":{"line":19,"column":0},"end":{"line":19,"column":19}},"19":{"start":{"line":20,"column":0},"end":{"line":20,"column":65}},"20":{"start":{"line":21,"column":0},"end":{"line":21,"column":71}},"21":{"start":{"line":22,"column":0},"end":{"line":22,"column":68}},"22":{"start":{"line":23,"column":0},"end":{"line":23,"column":6}},"23":{"start":{"line":24,"column":0},"end":{"line":24,"column":4}},"24":{"start":{"line":25,"column":0},"end":{"line":25,"column":2}},"25":{"start":{"line":26,"column":0},"end":{"line":26,"column":13}},"26":{"start":{"line":27,"column":0},"end":{"line":27,"column":59}},"27":{"start":{"line":28,"column":0},"end":{"line":28,"column":61}},"28":{"start":{"line":29,"column":0},"end":{"line":29,"column":50}},"29":{"start":{"line":30,"column":0},"end":{"line":30,"column":72}},"30":{"start":{"line":31,"column":0},"end":{"line":31,"column":4}},"31":{"start":{"line":32,"column":0},"end":{"line":32,"column":2}},"32":{"start":{"line":33,"column":0},"end":{"line":33,"column":15}},"33":{"start":{"line":34,"column":0},"end":{"line":34,"column":66}},"34":{"start":{"line":35,"column":0},"end":{"line":35,"column":63}},"35":{"start":{"line":36,"column":0},"end":{"line":36,"column":67}},"36":{"start":{"line":37,"column":0},"end":{"line":37,"column":59}},"37":{"start":{"line":38,"column":0},"end":{"line":38,"column":4}},"38":{"start":{"line":39,"column":0},"end":{"line":39,"column":2}},"39":{"start":{"line":40,"column":0},"end":{"line":40,"column":15}},"40":{"start":{"line":41,"column":0},"end":{"line":41,"column":56}},"41":{"start":{"line":42,"column":0},"end":{"line":42,"column":32}},"42":{"start":{"line":43,"column":0},"end":{"line":43,"column":51}},"43":{"start":{"line":44,"column":0},"end":{"line":44,"column":35}},"44":{"start":{"line":45,"column":0},"end":{"line":45,"column":49}},"45":{"start":{"line":46,"column":0},"end":{"line":46,"column":4}},"46":{"start":{"line":47,"column":0},"end":{"line":47,"column":1}},"47":{"start":{"line":48,"column":0},"end":{"line":48,"column":0}},"48":{"start":{"line":49,"column":0},"end":{"line":49,"column":49}},"49":{"start":{"line":50,"column":0},"end":{"line":50,"column":46}},"50":{"start":{"line":51,"column":0},"end":{"line":51,"column":16}},"51":{"start":{"line":52,"column":0},"end":{"line":52,"column":50}},"52":{"start":{"line":53,"column":0},"end":{"line":53,"column":61}},"53":{"start":{"line":54,"column":0},"end":{"line":54,"column":56}},"54":{"start":{"line":55,"column":0},"end":{"line":55,"column":45}},"55":{"start":{"line":56,"column":0},"end":{"line":56,"column":46}},"56":{"start":{"line":57,"column":0},"end":{"line":57,"column":4}},"57":{"start":{"line":58,"column":0},"end":{"line":58,"column":14}},"58":{"start":{"line":59,"column":0},"end":{"line":59,"column":55}},"59":{"start":{"line":60,"column":0},"end":{"line":60,"column":32}},"60":{"start":{"line":61,"column":0},"end":{"line":61,"column":29}},"61":{"start":{"line":62,"column":0},"end":{"line":62,"column":19}},"62":{"start":{"line":63,"column":0},"end":{"line":63,"column":60}},"63":{"start":{"line":64,"column":0},"end":{"line":64,"column":49}},"64":{"start":{"line":65,"column":0},"end":{"line":65,"column":53}},"65":{"start":{"line":66,"column":0},"end":{"line":66,"column":6}},"66":{"start":{"line":67,"column":0},"end":{"line":67,"column":4}},"67":{"start":{"line":68,"column":0},"end":{"line":68,"column":13}},"68":{"start":{"line":69,"column":0},"end":{"line":69,"column":26}},"69":{"start":{"line":70,"column":0},"end":{"line":70,"column":49}},"70":{"start":{"line":71,"column":0},"end":{"line":71,"column":33}},"71":{"start":{"line":72,"column":0},"end":{"line":72,"column":50}},"72":{"start":{"line":73,"column":0},"end":{"line":73,"column":4}},"73":{"start":{"line":74,"column":0},"end":{"line":74,"column":15}},"74":{"start":{"line":75,"column":0},"end":{"line":75,"column":27}},"75":{"start":{"line":76,"column":0},"end":{"line":76,"column":51}},"76":{"start":{"line":77,"column":0},"end":{"line":77,"column":33}},"77":{"start":{"line":78,"column":0},"end":{"line":78,"column":56}},"78":{"start":{"line":79,"column":0},"end":{"line":79,"column":4}},"79":{"start":{"line":80,"column":0},"end":{"line":80,"column":15}},"80":{"start":{"line":81,"column":0},"end":{"line":81,"column":56}},"81":{"start":{"line":82,"column":0},"end":{"line":82,"column":32}},"82":{"start":{"line":83,"column":0},"end":{"line":83,"column":47}},"83":{"start":{"line":84,"column":0},"end":{"line":84,"column":35}},"84":{"start":{"line":85,"column":0},"end":{"line":85,"column":49}},"85":{"start":{"line":86,"column":0},"end":{"line":86,"column":4}},"86":{"start":{"line":87,"column":0},"end":{"line":87,"column":11}}},"s":{"0":1,"1":1,"2":1,"3":1,"4":1,"5":1,"6":1,"7":1,"8":1,"9":1,"10":1,"11":1,"12":1,"13":1,"14":1,"15":1,"16":1,"17":1,"18":1,"19":1,"20":1,"21":1,"22":1,"23":1,"24":1,"25":1,"26":1,"27":1,"28":1,"29":1,"30":1,"31":1,"32":1,"33":1,"34":1,"35":1,"36":1,"37":1,"38":1,"39":1,"40":1,"41":1,"42":1,"43":1,"44":1,"45":1,"46":1,"47":1,"48":1,"49":1,"50":1,"51":1,"52":1,"53":1,"54":1,"55":1,"56":1,"57":1,"58":1,"59":1,"60":1,"61":1,"62":1,"63":1,"64":1,"65":1,"66":1,"67":1,"68":1,"69":1,"70":1,"71":1,"72":1,"73":1,"74":1,"75":1,"76":1,"77":1,"78":1,"79":1,"80":1,"81":1,"82":1,"83":1,"84":1,"85":1,"86":1},"branchMap":{},"b":{},"fnMap":{},"f":{}}
}
