SF:/home/nathan/Projects/lens/src/adversarial/adversarial_orchestrator.rs
FN:201,_RNCNCNvMs_NtNtCscx2lCY9pHX3_9lens_core11adversarial24adversarial_orchestratorNtB8_23AdversarialOrchestrator22execute_parallel_audit00Bc_
FN:221,_RNCNCNvMs_NtNtCscx2lCY9pHX3_9lens_core11adversarial24adversarial_orchestratorNtB8_23AdversarialOrchestrator22execute_parallel_audit0s0_0Bc_
FN:231,_RNCNCNvMs_NtNtCscx2lCY9pHX3_9lens_core11adversarial24adversarial_orchestratorNtB8_23AdversarialOrchestrator22execute_parallel_audit0s1_0Bc_
FN:211,_RNCNCNvMs_NtNtCscx2lCY9pHX3_9lens_core11adversarial24adversarial_orchestratorNtB8_23AdversarialOrchestrator22execute_parallel_audit0s_0Bc_
FN:336,_RNCNvMs_NtNtCscx2lCY9pHX3_9lens_core11adversarial24adversarial_orchestratorNtB6_23AdversarialOrchestrator17aggregate_results0Ba_
FN:515,_RNCNvMs_NtNtCscx2lCY9pHX3_9lens_core11adversarial24adversarial_orchestratorNtB6_23AdversarialOrchestrator17log_audit_summary0Ba_
FN:84,_RNCNvMs_NtNtCscx2lCY9pHX3_9lens_core11adversarial24adversarial_orchestratorNtB6_23AdversarialOrchestrator18execute_full_audit0Ba_
FN:267,_RNCNvMs_NtNtCscx2lCY9pHX3_9lens_core11adversarial24adversarial_orchestratorNtB6_23AdversarialOrchestrator19execute_bloat_suite0Ba_
FN:258,_RNCNvMs_NtNtCscx2lCY9pHX3_9lens_core11adversarial24adversarial_orchestratorNtB6_23AdversarialOrchestrator19execute_clone_suite0Ba_
FN:276,_RNCNvMs_NtNtCscx2lCY9pHX3_9lens_core11adversarial24adversarial_orchestratorNtB6_23AdversarialOrchestrator19execute_noise_suite0Ba_
FN:544,_RNCNvMs_NtNtCscx2lCY9pHX3_9lens_core11adversarial24adversarial_orchestratorNtB6_23AdversarialOrchestrator22cleanup_test_artifacts0Ba_
FN:193,_RNCNvMs_NtNtCscx2lCY9pHX3_9lens_core11adversarial24adversarial_orchestratorNtB6_23AdversarialOrchestrator22execute_parallel_audit0Ba_
FN:285,_RNCNvMs_NtNtCscx2lCY9pHX3_9lens_core11adversarial24adversarial_orchestratorNtB6_23AdversarialOrchestrator22execute_stress_testing0Ba_
FN:114,_RNCNvMs_NtNtCscx2lCY9pHX3_9lens_core11adversarial24adversarial_orchestratorNtB6_23AdversarialOrchestrator24execute_sequential_audit0Ba_
FN:504,_RNCNvMs_NtNtCscx2lCY9pHX3_9lens_core11adversarial24adversarial_orchestratorNtB6_23AdversarialOrchestrator24setup_output_directories0Ba_
FN:330,_RNvMs_NtNtCscx2lCY9pHX3_9lens_core11adversarial24adversarial_orchestratorNtB4_23AdversarialOrchestrator17aggregate_results
FN:515,_RNvMs_NtNtCscx2lCY9pHX3_9lens_core11adversarial24adversarial_orchestratorNtB4_23AdversarialOrchestrator17log_audit_summary
FN:84,_RNvMs_NtNtCscx2lCY9pHX3_9lens_core11adversarial24adversarial_orchestratorNtB4_23AdversarialOrchestrator18execute_full_audit
FN:267,_RNvMs_NtNtCscx2lCY9pHX3_9lens_core11adversarial24adversarial_orchestratorNtB4_23AdversarialOrchestrator19execute_bloat_suite
FN:258,_RNvMs_NtNtCscx2lCY9pHX3_9lens_core11adversarial24adversarial_orchestratorNtB4_23AdversarialOrchestrator19execute_clone_suite
FN:276,_RNvMs_NtNtCscx2lCY9pHX3_9lens_core11adversarial24adversarial_orchestratorNtB4_23AdversarialOrchestrator19execute_noise_suite
FN:409,_RNvMs_NtNtCscx2lCY9pHX3_9lens_core11adversarial24adversarial_orchestratorNtB4_23AdversarialOrchestrator20calculate_sla_recall
FN:544,_RNvMs_NtNtCscx2lCY9pHX3_9lens_core11adversarial24adversarial_orchestratorNtB4_23AdversarialOrchestrator22cleanup_test_artifacts
FN:193,_RNvMs_NtNtCscx2lCY9pHX3_9lens_core11adversarial24adversarial_orchestratorNtB4_23AdversarialOrchestrator22execute_parallel_audit
FN:285,_RNvMs_NtNtCscx2lCY9pHX3_9lens_core11adversarial24adversarial_orchestratorNtB4_23AdversarialOrchestrator22execute_stress_testing
FN:403,_RNvMs_NtNtCscx2lCY9pHX3_9lens_core11adversarial24adversarial_orchestratorNtB4_23AdversarialOrchestrator23calculate_span_coverage
FN:481,_RNvMs_NtNtCscx2lCY9pHX3_9lens_core11adversarial24adversarial_orchestratorNtB4_23AdversarialOrchestrator23generate_stress_profile
FN:114,_RNvMs_NtNtCscx2lCY9pHX3_9lens_core11adversarial24adversarial_orchestratorNtB4_23AdversarialOrchestrator24execute_sequential_audit
FN:504,_RNvMs_NtNtCscx2lCY9pHX3_9lens_core11adversarial24adversarial_orchestratorNtB4_23AdversarialOrchestrator24setup_output_directories
FN:369,_RNvMs_NtNtCscx2lCY9pHX3_9lens_core11adversarial24adversarial_orchestratorNtB4_23AdversarialOrchestrator25calculate_overall_metrics
FN:424,_RNvMs_NtNtCscx2lCY9pHX3_9lens_core11adversarial24adversarial_orchestratorNtB4_23AdversarialOrchestrator28calculate_degradation_factor
FN:415,_RNvMs_NtNtCscx2lCY9pHX3_9lens_core11adversarial24adversarial_orchestratorNtB4_23AdversarialOrchestrator29calculate_latency_percentiles
FN:429,_RNvMs_NtNtCscx2lCY9pHX3_9lens_core11adversarial24adversarial_orchestratorNtB4_23AdversarialOrchestrator38calculate_preliminary_robustness_score
FN:439,_RNvMs_NtNtCscx2lCY9pHX3_9lens_core11adversarial24adversarial_orchestratorNtB4_23AdversarialOrchestrator18validate_all_gates
FN:307,_RNvMs_NtNtCscx2lCY9pHX3_9lens_core11adversarial24adversarial_orchestratorNtB4_23AdversarialOrchestrator19create_bloat_config
FN:296,_RNvMs_NtNtCscx2lCY9pHX3_9lens_core11adversarial24adversarial_orchestratorNtB4_23AdversarialOrchestrator19create_clone_config
FN:319,_RNvMs_NtNtCscx2lCY9pHX3_9lens_core11adversarial24adversarial_orchestratorNtB4_23AdversarialOrchestrator19create_noise_config
FN:76,_RNvMs_NtNtCscx2lCY9pHX3_9lens_core11adversarial24adversarial_orchestratorNtB4_23AdversarialOrchestrator3new
FN:54,_RNvXNtNtCscx2lCY9pHX3_9lens_core11adversarial24adversarial_orchestratorNtB2_17AdversarialConfigNtNtCs66KPHxksi63_4core7default7Default7default
FN:594,_RNvNtNtNtCscx2lCY9pHX3_9lens_core11adversarial24adversarial_orchestrator5testss_26test_gate_validation_logic
FN:579,_RNvNtNtNtCscx2lCY9pHX3_9lens_core11adversarial24adversarial_orchestrator5testss_26test_suite_config_creation
FN:559,_RNvNtNtNtCscx2lCY9pHX3_9lens_core11adversarial24adversarial_orchestrator5testss_32test_adversarial_config_creation
FN:571,_RNvNtNtNtCscx2lCY9pHX3_9lens_core11adversarial24adversarial_orchestrator5testss_32test_orchestrator_initialization
FNDA:0,_RNCNCNvMs_NtNtCscx2lCY9pHX3_9lens_core11adversarial24adversarial_orchestratorNtB8_23AdversarialOrchestrator22execute_parallel_audit00Bc_
FNDA:0,_RNCNCNvMs_NtNtCscx2lCY9pHX3_9lens_core11adversarial24adversarial_orchestratorNtB8_23AdversarialOrchestrator22execute_parallel_audit0s0_0Bc_
FNDA:0,_RNCNCNvMs_NtNtCscx2lCY9pHX3_9lens_core11adversarial24adversarial_orchestratorNtB8_23AdversarialOrchestrator22execute_parallel_audit0s1_0Bc_
FNDA:0,_RNCNCNvMs_NtNtCscx2lCY9pHX3_9lens_core11adversarial24adversarial_orchestratorNtB8_23AdversarialOrchestrator22execute_parallel_audit0s_0Bc_
FNDA:0,_RNCNvMs_NtNtCscx2lCY9pHX3_9lens_core11adversarial24adversarial_orchestratorNtB6_23AdversarialOrchestrator17aggregate_results0Ba_
FNDA:0,_RNCNvMs_NtNtCscx2lCY9pHX3_9lens_core11adversarial24adversarial_orchestratorNtB6_23AdversarialOrchestrator17log_audit_summary0Ba_
FNDA:0,_RNCNvMs_NtNtCscx2lCY9pHX3_9lens_core11adversarial24adversarial_orchestratorNtB6_23AdversarialOrchestrator18execute_full_audit0Ba_
FNDA:0,_RNCNvMs_NtNtCscx2lCY9pHX3_9lens_core11adversarial24adversarial_orchestratorNtB6_23AdversarialOrchestrator19execute_bloat_suite0Ba_
FNDA:0,_RNCNvMs_NtNtCscx2lCY9pHX3_9lens_core11adversarial24adversarial_orchestratorNtB6_23AdversarialOrchestrator19execute_clone_suite0Ba_
FNDA:0,_RNCNvMs_NtNtCscx2lCY9pHX3_9lens_core11adversarial24adversarial_orchestratorNtB6_23AdversarialOrchestrator19execute_noise_suite0Ba_
FNDA:0,_RNCNvMs_NtNtCscx2lCY9pHX3_9lens_core11adversarial24adversarial_orchestratorNtB6_23AdversarialOrchestrator22cleanup_test_artifacts0Ba_
FNDA:0,_RNCNvMs_NtNtCscx2lCY9pHX3_9lens_core11adversarial24adversarial_orchestratorNtB6_23AdversarialOrchestrator22execute_parallel_audit0Ba_
FNDA:0,_RNCNvMs_NtNtCscx2lCY9pHX3_9lens_core11adversarial24adversarial_orchestratorNtB6_23AdversarialOrchestrator22execute_stress_testing0Ba_
FNDA:0,_RNCNvMs_NtNtCscx2lCY9pHX3_9lens_core11adversarial24adversarial_orchestratorNtB6_23AdversarialOrchestrator24execute_sequential_audit0Ba_
FNDA:0,_RNCNvMs_NtNtCscx2lCY9pHX3_9lens_core11adversarial24adversarial_orchestratorNtB6_23AdversarialOrchestrator24setup_output_directories0Ba_
FNDA:0,_RNvMs_NtNtCscx2lCY9pHX3_9lens_core11adversarial24adversarial_orchestratorNtB4_23AdversarialOrchestrator17aggregate_results
FNDA:0,_RNvMs_NtNtCscx2lCY9pHX3_9lens_core11adversarial24adversarial_orchestratorNtB4_23AdversarialOrchestrator17log_audit_summary
FNDA:0,_RNvMs_NtNtCscx2lCY9pHX3_9lens_core11adversarial24adversarial_orchestratorNtB4_23AdversarialOrchestrator18execute_full_audit
FNDA:0,_RNvMs_NtNtCscx2lCY9pHX3_9lens_core11adversarial24adversarial_orchestratorNtB4_23AdversarialOrchestrator19execute_bloat_suite
FNDA:0,_RNvMs_NtNtCscx2lCY9pHX3_9lens_core11adversarial24adversarial_orchestratorNtB4_23AdversarialOrchestrator19execute_clone_suite
FNDA:0,_RNvMs_NtNtCscx2lCY9pHX3_9lens_core11adversarial24adversarial_orchestratorNtB4_23AdversarialOrchestrator19execute_noise_suite
FNDA:0,_RNvMs_NtNtCscx2lCY9pHX3_9lens_core11adversarial24adversarial_orchestratorNtB4_23AdversarialOrchestrator20calculate_sla_recall
FNDA:0,_RNvMs_NtNtCscx2lCY9pHX3_9lens_core11adversarial24adversarial_orchestratorNtB4_23AdversarialOrchestrator22cleanup_test_artifacts
FNDA:0,_RNvMs_NtNtCscx2lCY9pHX3_9lens_core11adversarial24adversarial_orchestratorNtB4_23AdversarialOrchestrator22execute_parallel_audit
FNDA:0,_RNvMs_NtNtCscx2lCY9pHX3_9lens_core11adversarial24adversarial_orchestratorNtB4_23AdversarialOrchestrator22execute_stress_testing
FNDA:0,_RNvMs_NtNtCscx2lCY9pHX3_9lens_core11adversarial24adversarial_orchestratorNtB4_23AdversarialOrchestrator23calculate_span_coverage
FNDA:0,_RNvMs_NtNtCscx2lCY9pHX3_9lens_core11adversarial24adversarial_orchestratorNtB4_23AdversarialOrchestrator23generate_stress_profile
FNDA:0,_RNvMs_NtNtCscx2lCY9pHX3_9lens_core11adversarial24adversarial_orchestratorNtB4_23AdversarialOrchestrator24execute_sequential_audit
FNDA:0,_RNvMs_NtNtCscx2lCY9pHX3_9lens_core11adversarial24adversarial_orchestratorNtB4_23AdversarialOrchestrator24setup_output_directories
FNDA:0,_RNvMs_NtNtCscx2lCY9pHX3_9lens_core11adversarial24adversarial_orchestratorNtB4_23AdversarialOrchestrator25calculate_overall_metrics
FNDA:0,_RNvMs_NtNtCscx2lCY9pHX3_9lens_core11adversarial24adversarial_orchestratorNtB4_23AdversarialOrchestrator28calculate_degradation_factor
FNDA:0,_RNvMs_NtNtCscx2lCY9pHX3_9lens_core11adversarial24adversarial_orchestratorNtB4_23AdversarialOrchestrator29calculate_latency_percentiles
FNDA:0,_RNvMs_NtNtCscx2lCY9pHX3_9lens_core11adversarial24adversarial_orchestratorNtB4_23AdversarialOrchestrator38calculate_preliminary_robustness_score
FNDA:2,_RNvMs_NtNtCscx2lCY9pHX3_9lens_core11adversarial24adversarial_orchestratorNtB4_23AdversarialOrchestrator18validate_all_gates
FNDA:1,_RNvMs_NtNtCscx2lCY9pHX3_9lens_core11adversarial24adversarial_orchestratorNtB4_23AdversarialOrchestrator19create_bloat_config
FNDA:1,_RNvMs_NtNtCscx2lCY9pHX3_9lens_core11adversarial24adversarial_orchestratorNtB4_23AdversarialOrchestrator19create_clone_config
FNDA:1,_RNvMs_NtNtCscx2lCY9pHX3_9lens_core11adversarial24adversarial_orchestratorNtB4_23AdversarialOrchestrator19create_noise_config
FNDA:3,_RNvMs_NtNtCscx2lCY9pHX3_9lens_core11adversarial24adversarial_orchestratorNtB4_23AdversarialOrchestrator3new
FNDA:4,_RNvXNtNtCscx2lCY9pHX3_9lens_core11adversarial24adversarial_orchestratorNtB2_17AdversarialConfigNtNtCs66KPHxksi63_4core7default7Default7default
FNDA:1,_RNvNtNtNtCscx2lCY9pHX3_9lens_core11adversarial24adversarial_orchestrator5testss_26test_gate_validation_logic
FNDA:1,_RNvNtNtNtCscx2lCY9pHX3_9lens_core11adversarial24adversarial_orchestrator5testss_26test_suite_config_creation
FNDA:1,_RNvNtNtNtCscx2lCY9pHX3_9lens_core11adversarial24adversarial_orchestrator5testss_32test_adversarial_config_creation
FNDA:1,_RNvNtNtNtCscx2lCY9pHX3_9lens_core11adversarial24adversarial_orchestrator5testss_32test_orchestrator_initialization
FNF:43
FNH:10
DA:54,4
DA:55,4
DA:56,4
DA:57,4
DA:58,4
DA:59,4
DA:60,4
DA:61,4
DA:62,4
DA:63,4
DA:64,4
DA:65,4
DA:66,4
DA:67,4
DA:76,3
DA:77,3
DA:78,3
DA:79,3
DA:80,3
DA:81,3
DA:84,0
DA:85,0
DA:86,0
DA:89,0
DA:91,0
DA:92,0
DA:94,0
DA:98,0
DA:101,0
DA:104,0
DA:105,0
DA:106,0
DA:108,0
DA:109,0
DA:111,0
DA:112,0
DA:114,0
DA:115,0
DA:118,0
DA:119,0
DA:120,0
DA:121,0
DA:122,0
DA:123,0
DA:125,0
DA:126,0
DA:127,0
DA:131,0
DA:132,0
DA:136,0
DA:137,0
DA:138,0
DA:139,0
DA:140,0
DA:141,0
DA:143,0
DA:144,0
DA:145,0
DA:149,0
DA:150,0
DA:154,0
DA:155,0
DA:156,0
DA:157,0
DA:158,0
DA:159,0
DA:161,0
DA:162,0
DA:163,0
DA:167,0
DA:168,0
DA:172,0
DA:173,0
DA:174,0
DA:175,0
DA:176,0
DA:177,0
DA:179,0
DA:180,0
DA:181,0
DA:185,0
DA:186,0
DA:190,0
DA:191,0
DA:193,0
DA:194,0
DA:196,0
DA:199,0
DA:200,0
DA:201,0
DA:202,0
DA:203,0
DA:204,0
DA:205,0
DA:206,0
DA:209,0
DA:210,0
DA:211,0
DA:212,0
DA:213,0
DA:214,0
DA:215,0
DA:216,0
DA:219,0
DA:220,0
DA:221,0
DA:222,0
DA:223,0
DA:224,0
DA:225,0
DA:226,0
DA:229,0
DA:231,0
DA:232,0
DA:233,0
DA:234,0
DA:237,0
DA:238,0
DA:239,0
DA:240,0
DA:242,0
DA:243,0
DA:244,0
DA:245,0
DA:246,0
DA:247,0
DA:248,0
DA:249,0
DA:250,0
DA:251,0
DA:255,0
DA:256,0
DA:258,0
DA:259,0
DA:260,0
DA:262,0
DA:263,0
DA:264,0
DA:265,0
DA:267,0
DA:268,0
DA:269,0
DA:271,0
DA:272,0
DA:273,0
DA:274,0
DA:276,0
DA:277,0
DA:278,0
DA:280,0
DA:281,0
DA:282,0
DA:283,0
DA:285,0
DA:286,0
DA:287,0
DA:288,0
DA:291,0
DA:292,0
DA:293,0
DA:294,0
DA:296,1
DA:297,1
DA:298,1
DA:299,1
DA:300,1
DA:301,1
DA:302,1
DA:303,1
DA:304,1
DA:305,1
DA:307,1
DA:308,1
DA:309,1
DA:310,1
DA:311,1
DA:312,1
DA:313,1
DA:314,1
DA:315,1
DA:316,1
DA:317,1
DA:319,1
DA:320,1
DA:321,1
DA:322,1
DA:323,1
DA:324,1
DA:325,1
DA:326,1
DA:327,1
DA:328,1
DA:330,0
DA:331,0
DA:332,0
DA:333,0
DA:334,0
DA:335,0
DA:336,0
DA:337,0
DA:340,0
DA:341,0
DA:342,0
DA:343,0
DA:344,0
DA:348,0
DA:351,0
DA:353,0
DA:354,0
DA:355,0
DA:356,0
DA:357,0
DA:358,0
DA:359,0
DA:360,0
DA:363,0
DA:364,0
DA:366,0
DA:367,0
DA:369,0
DA:370,0
DA:371,0
DA:372,0
DA:373,0
DA:374,0
DA:375,0
DA:377,0
DA:380,0
DA:383,0
DA:386,0
DA:389,0
DA:390,0
DA:393,0
DA:394,0
DA:395,0
DA:396,0
DA:397,0
DA:398,0
DA:399,0
DA:400,0
DA:401,0
DA:403,0
DA:406,0
DA:407,0
DA:409,0
DA:412,0
DA:413,0
DA:415,0
DA:417,0
DA:418,0
DA:419,0
DA:421,0
DA:422,0
DA:424,0
DA:426,0
DA:427,0
DA:429,0
DA:430,0
DA:431,0
DA:432,0
DA:433,0
DA:436,0
DA:437,0
DA:439,2
DA:440,2
DA:443,2
DA:444,2
DA:445,1
DA:446,1
DA:447,1
DA:448,1
DA:449,1
DA:452,2
DA:453,2
DA:454,1
DA:455,1
DA:456,1
DA:457,1
DA:458,1
DA:461,2
DA:462,2
DA:463,2
DA:464,1
DA:465,1
DA:466,1
DA:467,1
DA:468,1
DA:470,2
DA:472,2
DA:473,2
DA:474,2
DA:475,2
DA:476,2
DA:477,2
DA:478,2
DA:479,2
DA:481,0
DA:483,0
DA:484,0
DA:486,0
DA:487,0
DA:488,0
DA:489,0
DA:491,0
DA:494,0
DA:495,0
DA:496,0
DA:497,0
DA:498,0
DA:499,0
DA:500,0
DA:501,0
DA:502,0
DA:504,0
DA:505,0
DA:506,0
DA:507,0
DA:508,0
DA:509,0
DA:511,0
DA:512,0
DA:513,0
DA:515,0
DA:516,0
DA:518,0
DA:519,0
DA:520,0
DA:521,0
DA:522,0
DA:523,0
DA:524,0
DA:526,0
DA:527,0
DA:529,0
DA:530,0
DA:531,0
DA:536,0
DA:537,0
DA:538,0
DA:539,0
DA:541,0
DA:542,0
DA:544,0
DA:545,0
DA:546,0
DA:547,0
DA:548,0
DA:549,0
DA:550,0
DA:559,1
DA:560,1
DA:562,1
DA:563,1
DA:564,1
DA:565,1
DA:566,1
DA:567,1
DA:568,1
DA:571,1
DA:572,1
DA:573,1
DA:575,1
DA:576,1
DA:579,1
DA:580,1
DA:581,1
DA:583,1
DA:584,1
DA:586,1
DA:587,1
DA:589,1
DA:590,1
DA:591,1
DA:594,1
DA:595,1
DA:596,1
DA:599,1
DA:600,1
DA:601,1
DA:602,1
DA:603,1
DA:604,1
DA:605,1
DA:606,1
DA:608,1
DA:609,1
DA:610,1
DA:613,1
DA:614,1
DA:615,1
DA:616,1
DA:617,1
DA:618,1
DA:619,1
DA:620,1
DA:622,1
DA:623,1
DA:624,1
DA:625,1
BRF:0
BRH:0
LF:415
LH:134
end_of_record
SF:/home/nathan/Projects/lens/src/adversarial/bloat_suite.rs
FN:617,_RNCNvMs0_NtNtCscx2lCY9pHX3_9lens_core11adversarial11bloat_suiteNtB7_10BloatSuite17copy_signal_files0Bb_
FN:692,_RNCNvMs0_NtNtCscx2lCY9pHX3_9lens_core11adversarial11bloat_suiteNtB7_10BloatSuite17simulate_indexing0Bb_
FN:666,_RNCNvMs0_NtNtCscx2lCY9pHX3_9lens_core11adversarial11bloat_suiteNtB7_10BloatSuite18count_signal_files0Bb_
FN:225,_RNCNvMs0_NtNtCscx2lCY9pHX3_9lens_core11adversarial11bloat_suiteNtB7_10BloatSuite18establish_baseline0Bb_
FN:634,_RNCNvMs0_NtNtCscx2lCY9pHX3_9lens_core11adversarial11bloat_suiteNtB7_10BloatSuite19create_ratio_corpus0Bb_
FN:257,_RNCNvMs0_NtNtCscx2lCY9pHX3_9lens_core11adversarial11bloat_suiteNtB7_10BloatSuite19test_bloat_scenario0Bb_
FN:339,_RNCNvMs0_NtNtCscx2lCY9pHX3_9lens_core11adversarial11bloat_suiteNtB7_10BloatSuite21create_bloated_corpus0Bb_
FN:729,_RNCNvMs0_NtNtCscx2lCY9pHX3_9lens_core11adversarial11bloat_suiteNtB7_10BloatSuite21measure_indexing_time0Bb_
FN:798,_RNCNvMs0_NtNtCscx2lCY9pHX3_9lens_core11adversarial11bloat_suiteNtB7_10BloatSuite22cleanup_test_artifacts0Bb_
FN:704,_RNCNvMs0_NtNtCscx2lCY9pHX3_9lens_core11adversarial11bloat_suiteNtB7_10BloatSuite23measure_memory_baseline0Bb_
FN:713,_RNCNvMs0_NtNtCscx2lCY9pHX3_9lens_core11adversarial11bloat_suiteNtB7_10BloatSuite23measure_memory_overhead0Bb_
FN:679,_RNCNvMs0_NtNtCscx2lCY9pHX3_9lens_core11adversarial11bloat_suiteNtB7_10BloatSuite24calculate_directory_size0Bb_
FN:708,_RNCNvMs0_NtNtCscx2lCY9pHX3_9lens_core11adversarial11bloat_suiteNtB7_10BloatSuite24measure_search_precision0Bb_
FN:361,_RNCNvMs0_NtNtCscx2lCY9pHX3_9lens_core11adversarial11bloat_suiteNtB7_10BloatSuite25create_node_modules_bloat0Bb_
FN:532,_RNCNvMs0_NtNtCscx2lCY9pHX3_9lens_core11adversarial11bloat_suiteNtB7_10BloatSuite26create_binary_assets_bloat0Bb_
FN:698,_RNCNvMs0_NtNtCscx2lCY9pHX3_9lens_core11adversarial11bloat_suiteNtB7_10BloatSuite26measure_search_performance0Bb_
FN:308,_RNCNvMs0_NtNtCscx2lCY9pHX3_9lens_core11adversarial11bloat_suiteNtB7_10BloatSuite26test_noise_to_signal_ratio0Bb_
FN:493,_RNCNvMs0_NtNtCscx2lCY9pHX3_9lens_core11adversarial11bloat_suiteNtB7_10BloatSuite27create_generated_code_bloat0Bb_
FN:725,_RNCNvMs0_NtNtCscx2lCY9pHX3_9lens_core11adversarial11bloat_suiteNtB7_10BloatSuite27measure_false_positive_rate0Bb_
FN:759,_RNCNvMs0_NtNtCscx2lCY9pHX3_9lens_core11adversarial11bloat_suiteNtB7_10BloatSuite28calculate_performance_impact0Bb_
FN:767,_RNCNvMs0_NtNtCscx2lCY9pHX3_9lens_core11adversarial11bloat_suiteNtB7_10BloatSuite28calculate_performance_impacts0_0Bb_
FN:446,_RNCNvMs0_NtNtCscx2lCY9pHX3_9lens_core11adversarial11bloat_suiteNtB7_10BloatSuite28create_build_artifacts_bloat0Bb_
FN:407,_RNCNvMs0_NtNtCscx2lCY9pHX3_9lens_core11adversarial11bloat_suiteNtB7_10BloatSuite29create_vendor_libraries_bloat0Bb_
FN:721,_RNCNvMs0_NtNtCscx2lCY9pHX3_9lens_core11adversarial11bloat_suiteNtB7_10BloatSuite30calculate_relevant_results_pct0Bb_
FN:717,_RNCNvMs0_NtNtCscx2lCY9pHX3_9lens_core11adversarial11bloat_suiteNtB7_10BloatSuite33measure_search_quality_with_noise0Bb_
FN:163,_RNCNvMs0_NtNtCscx2lCY9pHX3_9lens_core11adversarial11bloat_suiteNtB7_10BloatSuite7execute0Bb_
FN:617,_RNvMs0_NtNtCscx2lCY9pHX3_9lens_core11adversarial11bloat_suiteNtB5_10BloatSuite17copy_signal_files
FN:692,_RNvMs0_NtNtCscx2lCY9pHX3_9lens_core11adversarial11bloat_suiteNtB5_10BloatSuite17simulate_indexing
FN:666,_RNvMs0_NtNtCscx2lCY9pHX3_9lens_core11adversarial11bloat_suiteNtB5_10BloatSuite18count_signal_files
FN:225,_RNvMs0_NtNtCscx2lCY9pHX3_9lens_core11adversarial11bloat_suiteNtB5_10BloatSuite18establish_baseline
FN:634,_RNvMs0_NtNtCscx2lCY9pHX3_9lens_core11adversarial11bloat_suiteNtB5_10BloatSuite19create_ratio_corpus
FN:257,_RNvMs0_NtNtCscx2lCY9pHX3_9lens_core11adversarial11bloat_suiteNtB5_10BloatSuite19test_bloat_scenario
FN:339,_RNvMs0_NtNtCscx2lCY9pHX3_9lens_core11adversarial11bloat_suiteNtB5_10BloatSuite21create_bloated_corpus
FN:729,_RNvMs0_NtNtCscx2lCY9pHX3_9lens_core11adversarial11bloat_suiteNtB5_10BloatSuite21measure_indexing_time
FN:798,_RNvMs0_NtNtCscx2lCY9pHX3_9lens_core11adversarial11bloat_suiteNtB5_10BloatSuite22cleanup_test_artifacts
FN:704,_RNvMs0_NtNtCscx2lCY9pHX3_9lens_core11adversarial11bloat_suiteNtB5_10BloatSuite23measure_memory_baseline
FN:713,_RNvMs0_NtNtCscx2lCY9pHX3_9lens_core11adversarial11bloat_suiteNtB5_10BloatSuite23measure_memory_overhead
FN:679,_RNvMs0_NtNtCscx2lCY9pHX3_9lens_core11adversarial11bloat_suiteNtB5_10BloatSuite24calculate_directory_size
FN:708,_RNvMs0_NtNtCscx2lCY9pHX3_9lens_core11adversarial11bloat_suiteNtB5_10BloatSuite24measure_search_precision
FN:361,_RNvMs0_NtNtCscx2lCY9pHX3_9lens_core11adversarial11bloat_suiteNtB5_10BloatSuite25create_node_modules_bloat
FN:532,_RNvMs0_NtNtCscx2lCY9pHX3_9lens_core11adversarial11bloat_suiteNtB5_10BloatSuite26create_binary_assets_bloat
FN:698,_RNvMs0_NtNtCscx2lCY9pHX3_9lens_core11adversarial11bloat_suiteNtB5_10BloatSuite26measure_search_performance
FN:308,_RNvMs0_NtNtCscx2lCY9pHX3_9lens_core11adversarial11bloat_suiteNtB5_10BloatSuite26test_noise_to_signal_ratio
FN:493,_RNvMs0_NtNtCscx2lCY9pHX3_9lens_core11adversarial11bloat_suiteNtB5_10BloatSuite27create_generated_code_bloat
FN:725,_RNvMs0_NtNtCscx2lCY9pHX3_9lens_core11adversarial11bloat_suiteNtB5_10BloatSuite27measure_false_positive_rate
FN:755,_RNvMs0_NtNtCscx2lCY9pHX3_9lens_core11adversarial11bloat_suiteNtB5_10BloatSuite28calculate_performance_impact
FN:446,_RNvMs0_NtNtCscx2lCY9pHX3_9lens_core11adversarial11bloat_suiteNtB5_10BloatSuite28create_build_artifacts_bloat
FN:778,_RNvMs0_NtNtCscx2lCY9pHX3_9lens_core11adversarial11bloat_suiteNtB5_10BloatSuite28measure_resource_consumption
FN:407,_RNvMs0_NtNtCscx2lCY9pHX3_9lens_core11adversarial11bloat_suiteNtB5_10BloatSuite29create_vendor_libraries_bloat
FN:721,_RNvMs0_NtNtCscx2lCY9pHX3_9lens_core11adversarial11bloat_suiteNtB5_10BloatSuite30calculate_relevant_results_pct
FN:733,_RNvMs0_NtNtCscx2lCY9pHX3_9lens_core11adversarial11bloat_suiteNtB5_10BloatSuite31analyze_filtering_effectiveness
FN:717,_RNvMs0_NtNtCscx2lCY9pHX3_9lens_core11adversarial11bloat_suiteNtB5_10BloatSuite33measure_search_quality_with_noise
FN:163,_RNvMs0_NtNtCscx2lCY9pHX3_9lens_core11adversarial11bloat_suiteNtB5_10BloatSuite7execute
FN:839,_RNCNvNtNtNtCscx2lCY9pHX3_9lens_core11adversarial11bloat_suite5testss_28test_bloat_config_validation0B9_
FN:656,_RNvMs0_NtNtCscx2lCY9pHX3_9lens_core11adversarial11bloat_suiteNtB5_10BloatSuite17get_scenario_name
FN:590,_RNvMs0_NtNtCscx2lCY9pHX3_9lens_core11adversarial11bloat_suiteNtB5_10BloatSuite24generate_graphql_content
FN:573,_RNvMs0_NtNtCscx2lCY9pHX3_9lens_core11adversarial11bloat_suiteNtB5_10BloatSuite25generate_protobuf_content
FN:155,_RNvMs0_NtNtCscx2lCY9pHX3_9lens_core11adversarial11bloat_suiteNtB5_10BloatSuite3new
FN:42,_RNvXNtNtCscx2lCY9pHX3_9lens_core11adversarial11bloat_suiteNtB2_15BloatTestConfigNtNtCs66KPHxksi63_4core7default7Default7default
FN:83,_RNvXs_NtNtCscx2lCY9pHX3_9lens_core11adversarial11bloat_suiteNtB4_11BloatResultNtNtCs66KPHxksi63_4core7default7Default7default
FN:812,_RNvNtNtNtCscx2lCY9pHX3_9lens_core11adversarial11bloat_suite5testss_26test_bloat_scenario_naming
FN:839,_RNvNtNtNtCscx2lCY9pHX3_9lens_core11adversarial11bloat_suite5testss_28test_bloat_config_validation
FN:826,_RNvNtNtNtCscx2lCY9pHX3_9lens_core11adversarial11bloat_suite5testss_30test_generated_content_quality
FNDA:0,_RNCNvMs0_NtNtCscx2lCY9pHX3_9lens_core11adversarial11bloat_suiteNtB7_10BloatSuite17copy_signal_files0Bb_
FNDA:0,_RNCNvMs0_NtNtCscx2lCY9pHX3_9lens_core11adversarial11bloat_suiteNtB7_10BloatSuite17simulate_indexing0Bb_
FNDA:0,_RNCNvMs0_NtNtCscx2lCY9pHX3_9lens_core11adversarial11bloat_suiteNtB7_10BloatSuite18count_signal_files0Bb_
FNDA:0,_RNCNvMs0_NtNtCscx2lCY9pHX3_9lens_core11adversarial11bloat_suiteNtB7_10BloatSuite18establish_baseline0Bb_
FNDA:0,_RNCNvMs0_NtNtCscx2lCY9pHX3_9lens_core11adversarial11bloat_suiteNtB7_10BloatSuite19create_ratio_corpus0Bb_
FNDA:0,_RNCNvMs0_NtNtCscx2lCY9pHX3_9lens_core11adversarial11bloat_suiteNtB7_10BloatSuite19test_bloat_scenario0Bb_
FNDA:0,_RNCNvMs0_NtNtCscx2lCY9pHX3_9lens_core11adversarial11bloat_suiteNtB7_10BloatSuite21create_bloated_corpus0Bb_
FNDA:0,_RNCNvMs0_NtNtCscx2lCY9pHX3_9lens_core11adversarial11bloat_suiteNtB7_10BloatSuite21measure_indexing_time0Bb_
FNDA:0,_RNCNvMs0_NtNtCscx2lCY9pHX3_9lens_core11adversarial11bloat_suiteNtB7_10BloatSuite22cleanup_test_artifacts0Bb_
FNDA:0,_RNCNvMs0_NtNtCscx2lCY9pHX3_9lens_core11adversarial11bloat_suiteNtB7_10BloatSuite23measure_memory_baseline0Bb_
FNDA:0,_RNCNvMs0_NtNtCscx2lCY9pHX3_9lens_core11adversarial11bloat_suiteNtB7_10BloatSuite23measure_memory_overhead0Bb_
FNDA:0,_RNCNvMs0_NtNtCscx2lCY9pHX3_9lens_core11adversarial11bloat_suiteNtB7_10BloatSuite24calculate_directory_size0Bb_
FNDA:0,_RNCNvMs0_NtNtCscx2lCY9pHX3_9lens_core11adversarial11bloat_suiteNtB7_10BloatSuite24measure_search_precision0Bb_
FNDA:0,_RNCNvMs0_NtNtCscx2lCY9pHX3_9lens_core11adversarial11bloat_suiteNtB7_10BloatSuite25create_node_modules_bloat0Bb_
FNDA:0,_RNCNvMs0_NtNtCscx2lCY9pHX3_9lens_core11adversarial11bloat_suiteNtB7_10BloatSuite26create_binary_assets_bloat0Bb_
FNDA:0,_RNCNvMs0_NtNtCscx2lCY9pHX3_9lens_core11adversarial11bloat_suiteNtB7_10BloatSuite26measure_search_performance0Bb_
FNDA:0,_RNCNvMs0_NtNtCscx2lCY9pHX3_9lens_core11adversarial11bloat_suiteNtB7_10BloatSuite26test_noise_to_signal_ratio0Bb_
FNDA:0,_RNCNvMs0_NtNtCscx2lCY9pHX3_9lens_core11adversarial11bloat_suiteNtB7_10BloatSuite27create_generated_code_bloat0Bb_
FNDA:0,_RNCNvMs0_NtNtCscx2lCY9pHX3_9lens_core11adversarial11bloat_suiteNtB7_10BloatSuite27measure_false_positive_rate0Bb_
FNDA:0,_RNCNvMs0_NtNtCscx2lCY9pHX3_9lens_core11adversarial11bloat_suiteNtB7_10BloatSuite28calculate_performance_impact0Bb_
FNDA:0,_RNCNvMs0_NtNtCscx2lCY9pHX3_9lens_core11adversarial11bloat_suiteNtB7_10BloatSuite28calculate_performance_impacts0_0Bb_
FNDA:0,_RNCNvMs0_NtNtCscx2lCY9pHX3_9lens_core11adversarial11bloat_suiteNtB7_10BloatSuite28create_build_artifacts_bloat0Bb_
FNDA:0,_RNCNvMs0_NtNtCscx2lCY9pHX3_9lens_core11adversarial11bloat_suiteNtB7_10BloatSuite29create_vendor_libraries_bloat0Bb_
FNDA:0,_RNCNvMs0_NtNtCscx2lCY9pHX3_9lens_core11adversarial11bloat_suiteNtB7_10BloatSuite30calculate_relevant_results_pct0Bb_
FNDA:0,_RNCNvMs0_NtNtCscx2lCY9pHX3_9lens_core11adversarial11bloat_suiteNtB7_10BloatSuite33measure_search_quality_with_noise0Bb_
FNDA:0,_RNCNvMs0_NtNtCscx2lCY9pHX3_9lens_core11adversarial11bloat_suiteNtB7_10BloatSuite7execute0Bb_
FNDA:0,_RNvMs0_NtNtCscx2lCY9pHX3_9lens_core11adversarial11bloat_suiteNtB5_10BloatSuite17copy_signal_files
FNDA:0,_RNvMs0_NtNtCscx2lCY9pHX3_9lens_core11adversarial11bloat_suiteNtB5_10BloatSuite17simulate_indexing
FNDA:0,_RNvMs0_NtNtCscx2lCY9pHX3_9lens_core11adversarial11bloat_suiteNtB5_10BloatSuite18count_signal_files
FNDA:0,_RNvMs0_NtNtCscx2lCY9pHX3_9lens_core11adversarial11bloat_suiteNtB5_10BloatSuite18establish_baseline
FNDA:0,_RNvMs0_NtNtCscx2lCY9pHX3_9lens_core11adversarial11bloat_suiteNtB5_10BloatSuite19create_ratio_corpus
FNDA:0,_RNvMs0_NtNtCscx2lCY9pHX3_9lens_core11adversarial11bloat_suiteNtB5_10BloatSuite19test_bloat_scenario
FNDA:0,_RNvMs0_NtNtCscx2lCY9pHX3_9lens_core11adversarial11bloat_suiteNtB5_10BloatSuite21create_bloated_corpus
FNDA:0,_RNvMs0_NtNtCscx2lCY9pHX3_9lens_core11adversarial11bloat_suiteNtB5_10BloatSuite21measure_indexing_time
FNDA:0,_RNvMs0_NtNtCscx2lCY9pHX3_9lens_core11adversarial11bloat_suiteNtB5_10BloatSuite22cleanup_test_artifacts
FNDA:0,_RNvMs0_NtNtCscx2lCY9pHX3_9lens_core11adversarial11bloat_suiteNtB5_10BloatSuite23measure_memory_baseline
FNDA:0,_RNvMs0_NtNtCscx2lCY9pHX3_9lens_core11adversarial11bloat_suiteNtB5_10BloatSuite23measure_memory_overhead
FNDA:0,_RNvMs0_NtNtCscx2lCY9pHX3_9lens_core11adversarial11bloat_suiteNtB5_10BloatSuite24calculate_directory_size
FNDA:0,_RNvMs0_NtNtCscx2lCY9pHX3_9lens_core11adversarial11bloat_suiteNtB5_10BloatSuite24measure_search_precision
FNDA:0,_RNvMs0_NtNtCscx2lCY9pHX3_9lens_core11adversarial11bloat_suiteNtB5_10BloatSuite25create_node_modules_bloat
FNDA:0,_RNvMs0_NtNtCscx2lCY9pHX3_9lens_core11adversarial11bloat_suiteNtB5_10BloatSuite26create_binary_assets_bloat
FNDA:0,_RNvMs0_NtNtCscx2lCY9pHX3_9lens_core11adversarial11bloat_suiteNtB5_10BloatSuite26measure_search_performance
FNDA:0,_RNvMs0_NtNtCscx2lCY9pHX3_9lens_core11adversarial11bloat_suiteNtB5_10BloatSuite26test_noise_to_signal_ratio
FNDA:0,_RNvMs0_NtNtCscx2lCY9pHX3_9lens_core11adversarial11bloat_suiteNtB5_10BloatSuite27create_generated_code_bloat
FNDA:0,_RNvMs0_NtNtCscx2lCY9pHX3_9lens_core11adversarial11bloat_suiteNtB5_10BloatSuite27measure_false_positive_rate
FNDA:0,_RNvMs0_NtNtCscx2lCY9pHX3_9lens_core11adversarial11bloat_suiteNtB5_10BloatSuite28calculate_performance_impact
FNDA:0,_RNvMs0_NtNtCscx2lCY9pHX3_9lens_core11adversarial11bloat_suiteNtB5_10BloatSuite28create_build_artifacts_bloat
FNDA:0,_RNvMs0_NtNtCscx2lCY9pHX3_9lens_core11adversarial11bloat_suiteNtB5_10BloatSuite28measure_resource_consumption
FNDA:0,_RNvMs0_NtNtCscx2lCY9pHX3_9lens_core11adversarial11bloat_suiteNtB5_10BloatSuite29create_vendor_libraries_bloat
FNDA:0,_RNvMs0_NtNtCscx2lCY9pHX3_9lens_core11adversarial11bloat_suiteNtB5_10BloatSuite30calculate_relevant_results_pct
FNDA:0,_RNvMs0_NtNtCscx2lCY9pHX3_9lens_core11adversarial11bloat_suiteNtB5_10BloatSuite31analyze_filtering_effectiveness
FNDA:0,_RNvMs0_NtNtCscx2lCY9pHX3_9lens_core11adversarial11bloat_suiteNtB5_10BloatSuite33measure_search_quality_with_noise
FNDA:0,_RNvMs0_NtNtCscx2lCY9pHX3_9lens_core11adversarial11bloat_suiteNtB5_10BloatSuite7execute
FNDA:1,_RNCNvNtNtNtCscx2lCY9pHX3_9lens_core11adversarial11bloat_suite5testss_28test_bloat_config_validation0B9_
FNDA:2,_RNvMs0_NtNtCscx2lCY9pHX3_9lens_core11adversarial11bloat_suiteNtB5_10BloatSuite17get_scenario_name
FNDA:1,_RNvMs0_NtNtCscx2lCY9pHX3_9lens_core11adversarial11bloat_suiteNtB5_10BloatSuite24generate_graphql_content
FNDA:1,_RNvMs0_NtNtCscx2lCY9pHX3_9lens_core11adversarial11bloat_suiteNtB5_10BloatSuite25generate_protobuf_content
FNDA:2,_RNvMs0_NtNtCscx2lCY9pHX3_9lens_core11adversarial11bloat_suiteNtB5_10BloatSuite3new
FNDA:4,_RNvXNtNtCscx2lCY9pHX3_9lens_core11adversarial11bloat_suiteNtB2_15BloatTestConfigNtNtCs66KPHxksi63_4core7default7Default7default
FNDA:3,_RNvXs_NtNtCscx2lCY9pHX3_9lens_core11adversarial11bloat_suiteNtB4_11BloatResultNtNtCs66KPHxksi63_4core7default7Default7default
FNDA:1,_RNvNtNtNtCscx2lCY9pHX3_9lens_core11adversarial11bloat_suite5testss_26test_bloat_scenario_naming
FNDA:1,_RNvNtNtNtCscx2lCY9pHX3_9lens_core11adversarial11bloat_suite5testss_28test_bloat_config_validation
FNDA:1,_RNvNtNtNtCscx2lCY9pHX3_9lens_core11adversarial11bloat_suite5testss_30test_generated_content_quality
FNF:63
FNH:10
DA:42,4
DA:43,4
DA:44,4
DA:45,4
DA:46,4
DA:47,4
DA:48,4
DA:49,4
DA:50,4
DA:51,4
DA:52,4
DA:53,4
DA:54,4
DA:55,4
DA:56,4
DA:57,4
DA:58,4
DA:59,4
DA:60,4
DA:61,4
DA:62,4
DA:63,4
DA:64,4
DA:65,4
DA:66,4
DA:67,4
DA:68,4
DA:69,4
DA:70,4
DA:83,3
DA:84,3
DA:85,3
DA:86,3
DA:87,3
DA:88,3
DA:89,3
DA:90,3
DA:91,3
DA:155,2
DA:156,2
DA:157,2
DA:158,2
DA:159,2
DA:160,2
DA:163,0
DA:164,0
DA:167,0
DA:169,0
DA:170,0
DA:173,0
DA:174,0
DA:175,0
DA:177,0
DA:178,0
DA:179,0
DA:180,0
DA:181,0
DA:182,0
DA:188,0
DA:189,0
DA:190,0
DA:192,0
DA:193,0
DA:194,0
DA:195,0
DA:196,0
DA:197,0
DA:203,0
DA:206,0
DA:209,0
DA:211,0
DA:212,0
DA:213,0
DA:214,0
DA:215,0
DA:216,0
DA:217,0
DA:219,0
DA:221,0
DA:222,0
DA:223,0
DA:225,0
DA:226,0
DA:229,0
DA:230,0
DA:233,0
DA:234,0
DA:235,0
DA:238,0
DA:241,0
DA:243,0
DA:244,0
DA:245,0
DA:246,0
DA:247,0
DA:248,0
DA:249,0
DA:251,0
DA:254,0
DA:255,0
DA:257,0
DA:258,0
DA:259,0
DA:262,0
DA:265,0
DA:266,0
DA:269,0
DA:270,0
DA:271,0
DA:272,0
DA:273,0
DA:275,0
DA:276,0
DA:278,0
DA:283,0
DA:286,0
DA:287,0
DA:288,0
DA:290,0
DA:294,0
DA:296,0
DA:297,0
DA:298,0
DA:299,0
DA:300,0
DA:301,0
DA:302,0
DA:303,0
DA:304,0
DA:305,0
DA:306,0
DA:308,0
DA:309,0
DA:312,0
DA:315,0
DA:316,0
DA:317,0
DA:320,0
DA:323,0
DA:326,0
DA:327,0
DA:328,0
DA:330,0
DA:331,0
DA:332,0
DA:333,0
DA:334,0
DA:335,0
DA:336,0
DA:337,0
DA:339,0
DA:340,0
DA:342,0
DA:343,0
DA:344,0
DA:346,0
DA:347,0
DA:349,0
DA:350,0
DA:352,0
DA:353,0
DA:355,0
DA:356,0
DA:359,0
DA:361,0
DA:362,0
DA:363,0
DA:365,0
DA:366,0
DA:368,0
DA:369,0
DA:370,0
DA:371,0
DA:374,0
DA:375,0
DA:376,0
DA:377,0
DA:378,0
DA:379,0
DA:380,0
DA:382,0
DA:383,0
DA:384,0
DA:385,0
DA:388,0
DA:389,0
DA:390,0
DA:392,0
DA:393,0
DA:394,0
DA:396,0
DA:397,0
DA:401,0
DA:402,0
DA:404,0
DA:405,0
DA:407,0
DA:408,0
DA:409,0
DA:411,0
DA:412,0
DA:413,0
DA:415,0
DA:416,0
DA:417,0
DA:419,0
DA:420,0
DA:421,0
DA:422,0
DA:423,0
DA:426,0
DA:427,0
DA:428,0
DA:429,0
DA:431,0
DA:432,0
DA:434,0
DA:435,0
DA:436,0
DA:440,0
DA:441,0
DA:443,0
DA:444,0
DA:446,0
DA:447,0
DA:448,0
DA:449,0
DA:451,0
DA:452,0
DA:453,0
DA:456,0
DA:457,0
DA:458,0
DA:459,0
DA:460,0
DA:463,0
DA:464,0
DA:465,0
DA:467,0
DA:468,0
DA:469,0
DA:471,0
DA:472,0
DA:473,0
DA:475,0
DA:476,0
DA:478,0
DA:479,0
DA:480,0
DA:481,0
DA:482,0
DA:487,0
DA:488,0
DA:490,0
DA:491,0
DA:493,0
DA:494,0
DA:495,0
DA:497,0
DA:498,0
DA:499,0
DA:501,0
DA:502,0
DA:503,0
DA:505,0
DA:506,0
DA:507,0
DA:508,0
DA:509,0
DA:512,0
DA:513,0
DA:514,0
DA:515,0
DA:518,0
DA:519,0
DA:521,0
DA:522,0
DA:526,0
DA:527,0
DA:529,0
DA:530,0
DA:532,0
DA:533,0
DA:534,0
DA:536,0
DA:537,0
DA:538,0
DA:539,0
DA:541,0
DA:542,0
DA:543,0
DA:545,0
DA:546,0
DA:548,0
DA:549,0
DA:550,0
DA:551,0
DA:552,0
DA:553,0
DA:556,0
DA:557,0
DA:559,0
DA:560,0
DA:561,0
DA:562,0
DA:563,0
DA:567,0
DA:568,0
DA:570,0
DA:571,0
DA:573,1
DA:574,1
DA:575,1
DA:576,1
DA:577,1
DA:578,1
DA:579,1
DA:580,1
DA:581,1
DA:582,1
DA:583,1
DA:584,1
DA:585,1
DA:586,1
DA:587,1
DA:588,1
DA:590,1
DA:591,1
DA:592,1
DA:593,1
DA:594,1
DA:595,1
DA:596,1
DA:597,1
DA:598,1
DA:599,1
DA:600,1
DA:601,1
DA:602,1
DA:603,1
DA:604,1
DA:605,1
DA:606,1
DA:607,1
DA:608,1
DA:609,1
DA:610,1
DA:611,1
DA:612,1
DA:613,1
DA:614,1
DA:615,1
DA:617,0
DA:618,0
DA:619,0
DA:621,0
DA:622,0
DA:623,0
DA:624,0
DA:625,0
DA:626,0
DA:627,0
DA:628,0
DA:631,0
DA:632,0
DA:634,0
DA:635,0
DA:638,0
DA:641,0
DA:642,0
DA:644,0
DA:645,0
DA:647,0
DA:648,0
DA:649,0
DA:650,0
DA:653,0
DA:654,0
DA:656,2
DA:657,2
DA:658,1
DA:659,1
DA:660,0
DA:661,0
DA:662,0
DA:664,2
DA:666,0
DA:667,0
DA:668,0
DA:670,0
DA:671,0
DA:672,0
DA:673,0
DA:676,0
DA:677,0
DA:679,0
DA:680,0
DA:681,0
DA:683,0
DA:684,0
DA:685,0
DA:686,0
DA:689,0
DA:690,0
DA:692,0
DA:694,0
DA:695,0
DA:696,0
DA:698,0
DA:700,0
DA:701,0
DA:702,0
DA:704,0
DA:705,0
DA:706,0
DA:708,0
DA:710,0
DA:711,0
DA:713,0
DA:714,0
DA:715,0
DA:717,0
DA:718,0
DA:719,0
DA:721,0
DA:722,0
DA:723,0
DA:725,0
DA:726,0
DA:727,0
DA:729,0
DA:730,0
DA:731,0
DA:733,0
DA:734,0
DA:735,0
DA:736,0
DA:738,0
DA:739,0
DA:740,0
DA:742,0
DA:743,0
DA:744,0
DA:746,0
DA:747,0
DA:748,0
DA:749,0
DA:750,0
DA:751,0
DA:752,0
DA:753,0
DA:755,0
DA:756,0
DA:758,0
DA:759,0
DA:760,0
DA:762,0
DA:763,0
DA:764,0
DA:766,0
DA:767,0
DA:768,0
DA:770,0
DA:771,0
DA:772,0
DA:773,0
DA:774,0
DA:775,0
DA:776,0
DA:778,0
DA:779,0
DA:780,0
DA:781,0
DA:783,0
DA:784,0
DA:785,0
DA:787,0
DA:788,0
DA:790,0
DA:791,0
DA:792,0
DA:793,0
DA:794,0
DA:795,0
DA:796,0
DA:798,0
DA:799,0
DA:800,0
DA:801,0
DA:802,0
DA:803,0
DA:804,0
DA:812,1
DA:813,1
DA:815,1
DA:816,1
DA:818,1
DA:819,1
DA:820,1
DA:821,1
DA:822,1
DA:823,1
DA:826,1
DA:827,1
DA:829,1
DA:830,1
DA:831,1
DA:833,1
DA:834,1
DA:835,1
DA:836,1
DA:839,1
DA:840,1
DA:841,1
DA:842,1
DA:843,1
DA:844,1
DA:845,1
BRF:0
BRH:0
LF:546
LH:119
end_of_record
SF:/home/nathan/Projects/lens/src/adversarial/clone_suite.rs
FN:379,_RNCNCNvMs0_NtNtCscx2lCY9pHX3_9lens_core11adversarial11clone_suiteNtB9_10CloneSuite22measure_search_latency00Bd_
FN:317,_RNCNvMs0_NtNtCscx2lCY9pHX3_9lens_core11adversarial11clone_suiteNtB7_10CloneSuite18count_corpus_files0Bb_
FN:167,_RNCNvMs0_NtNtCscx2lCY9pHX3_9lens_core11adversarial11clone_suiteNtB7_10CloneSuite18establish_baseline0Bb_
FN:396,_RNCNvMs0_NtNtCscx2lCY9pHX3_9lens_core11adversarial11clone_suiteNtB7_10CloneSuite20measure_memory_usage0Bb_
FN:476,_RNCNvMs0_NtNtCscx2lCY9pHX3_9lens_core11adversarial11clone_suiteNtB7_10CloneSuite22cleanup_test_artifacts0Bb_
FN:356,_RNCNvMs0_NtNtCscx2lCY9pHX3_9lens_core11adversarial11clone_suiteNtB7_10CloneSuite22measure_search_latency0Bb_
FN:199,_RNCNvMs0_NtNtCscx2lCY9pHX3_9lens_core11adversarial11clone_suiteNtB7_10CloneSuite23test_duplication_factor0Bb_
FN:241,_RNCNvMs0_NtNtCscx2lCY9pHX3_9lens_core11adversarial11clone_suiteNtB7_10CloneSuite24create_duplicated_corpus0Bb_
FN:420,_RNCNvMs0_NtNtCscx2lCY9pHX3_9lens_core11adversarial11clone_suiteNtB7_10CloneSuite25calculate_overall_metricss_0Bb_
FN:401,_RNCNvMs0_NtNtCscx2lCY9pHX3_9lens_core11adversarial11clone_suiteNtB7_10CloneSuite25measure_peak_memory_usage0Bb_
FN:330,_RNCNvMs0_NtNtCscx2lCY9pHX3_9lens_core11adversarial11clone_suiteNtB7_10CloneSuite25simulate_indexing_process0Bb_
FN:391,_RNCNvMs0_NtNtCscx2lCY9pHX3_9lens_core11adversarial11clone_suiteNtB7_10CloneSuite25simulate_search_operation0Bb_
FN:386,_RNCNvMs0_NtNtCscx2lCY9pHX3_9lens_core11adversarial11clone_suiteNtB7_10CloneSuite34measure_search_latency_with_corpus0Bb_
FN:120,_RNCNvMs0_NtNtCscx2lCY9pHX3_9lens_core11adversarial11clone_suiteNtB7_10CloneSuite7execute0Bb_
FN:317,_RNvMs0_NtNtCscx2lCY9pHX3_9lens_core11adversarial11clone_suiteNtB5_10CloneSuite18count_corpus_files
FN:167,_RNvMs0_NtNtCscx2lCY9pHX3_9lens_core11adversarial11clone_suiteNtB5_10CloneSuite18establish_baseline
FN:396,_RNvMs0_NtNtCscx2lCY9pHX3_9lens_core11adversarial11clone_suiteNtB5_10CloneSuite20measure_memory_usage
FN:476,_RNvMs0_NtNtCscx2lCY9pHX3_9lens_core11adversarial11clone_suiteNtB5_10CloneSuite22cleanup_test_artifacts
FN:356,_RNvMs0_NtNtCscx2lCY9pHX3_9lens_core11adversarial11clone_suiteNtB5_10CloneSuite22measure_search_latency
FN:199,_RNvMs0_NtNtCscx2lCY9pHX3_9lens_core11adversarial11clone_suiteNtB5_10CloneSuite23test_duplication_factor
FN:454,_RNvMs0_NtNtCscx2lCY9pHX3_9lens_core11adversarial11clone_suiteNtB5_10CloneSuite24assess_memory_efficiency
FN:241,_RNvMs0_NtNtCscx2lCY9pHX3_9lens_core11adversarial11clone_suiteNtB5_10CloneSuite24create_duplicated_corpus
FN:406,_RNvMs0_NtNtCscx2lCY9pHX3_9lens_core11adversarial11clone_suiteNtB5_10CloneSuite25calculate_overall_metrics
FN:401,_RNvMs0_NtNtCscx2lCY9pHX3_9lens_core11adversarial11clone_suiteNtB5_10CloneSuite25measure_peak_memory_usage
FN:330,_RNvMs0_NtNtCscx2lCY9pHX3_9lens_core11adversarial11clone_suiteNtB5_10CloneSuite25simulate_indexing_process
FN:391,_RNvMs0_NtNtCscx2lCY9pHX3_9lens_core11adversarial11clone_suiteNtB5_10CloneSuite25simulate_search_operation
FN:386,_RNvMs0_NtNtCscx2lCY9pHX3_9lens_core11adversarial11clone_suiteNtB5_10CloneSuite34measure_search_latency_with_corpus
FN:120,_RNvMs0_NtNtCscx2lCY9pHX3_9lens_core11adversarial11clone_suiteNtB5_10CloneSuite7execute
FN:502,_RNvNtNtNtCscx2lCY9pHX3_9lens_core11adversarial11clone_suite5testss_23test_fork_modifications
FN:491,_RNvNtNtNtCscx2lCY9pHX3_9lens_core11adversarial11clone_suite5testss_30test_clone_suite_configuration
FN:514,_RNvNtNtNtCscx2lCY9pHX3_9lens_core11adversarial11clone_suite5testss_37test_performance_degradation_analysis
FN:502,_RNCNvNtNtNtCscx2lCY9pHX3_9lens_core11adversarial11clone_suite5testss_23test_fork_modifications0B9_
FN:491,_RNCNvNtNtNtCscx2lCY9pHX3_9lens_core11adversarial11clone_suite5testss_30test_clone_suite_configuration0B9_
FN:514,_RNCNvNtNtNtCscx2lCY9pHX3_9lens_core11adversarial11clone_suite5testss_37test_performance_degradation_analysis0B9_
FN:302,_RNCNvMs0_NtNtCscx2lCY9pHX3_9lens_core11adversarial11clone_suiteNtB7_10CloneSuite24apply_fork_modifications0Bb_
FN:290,_RNvMs0_NtNtCscx2lCY9pHX3_9lens_core11adversarial11clone_suiteNtB5_10CloneSuite24apply_fork_modifications
FN:430,_RNvMs0_NtNtCscx2lCY9pHX3_9lens_core11adversarial11clone_suiteNtB5_10CloneSuite31analyze_performance_degradation
FN:112,_RNvMs0_NtNtCscx2lCY9pHX3_9lens_core11adversarial11clone_suiteNtB5_10CloneSuite3new
FN:32,_RNvXNtNtCscx2lCY9pHX3_9lens_core11adversarial11clone_suiteNtB2_15CloneTestConfigNtNtCs66KPHxksi63_4core7default7Default7default
FN:53,_RNvXs_NtNtCscx2lCY9pHX3_9lens_core11adversarial11clone_suiteNtB4_11CloneResultNtNtCs66KPHxksi63_4core7default7Default7default
FNDA:0,_RNCNCNvMs0_NtNtCscx2lCY9pHX3_9lens_core11adversarial11clone_suiteNtB9_10CloneSuite22measure_search_latency00Bd_
FNDA:0,_RNCNvMs0_NtNtCscx2lCY9pHX3_9lens_core11adversarial11clone_suiteNtB7_10CloneSuite18count_corpus_files0Bb_
FNDA:0,_RNCNvMs0_NtNtCscx2lCY9pHX3_9lens_core11adversarial11clone_suiteNtB7_10CloneSuite18establish_baseline0Bb_
FNDA:0,_RNCNvMs0_NtNtCscx2lCY9pHX3_9lens_core11adversarial11clone_suiteNtB7_10CloneSuite20measure_memory_usage0Bb_
FNDA:0,_RNCNvMs0_NtNtCscx2lCY9pHX3_9lens_core11adversarial11clone_suiteNtB7_10CloneSuite22cleanup_test_artifacts0Bb_
FNDA:0,_RNCNvMs0_NtNtCscx2lCY9pHX3_9lens_core11adversarial11clone_suiteNtB7_10CloneSuite22measure_search_latency0Bb_
FNDA:0,_RNCNvMs0_NtNtCscx2lCY9pHX3_9lens_core11adversarial11clone_suiteNtB7_10CloneSuite23test_duplication_factor0Bb_
FNDA:0,_RNCNvMs0_NtNtCscx2lCY9pHX3_9lens_core11adversarial11clone_suiteNtB7_10CloneSuite24create_duplicated_corpus0Bb_
FNDA:0,_RNCNvMs0_NtNtCscx2lCY9pHX3_9lens_core11adversarial11clone_suiteNtB7_10CloneSuite25calculate_overall_metricss_0Bb_
FNDA:0,_RNCNvMs0_NtNtCscx2lCY9pHX3_9lens_core11adversarial11clone_suiteNtB7_10CloneSuite25measure_peak_memory_usage0Bb_
FNDA:0,_RNCNvMs0_NtNtCscx2lCY9pHX3_9lens_core11adversarial11clone_suiteNtB7_10CloneSuite25simulate_indexing_process0Bb_
FNDA:0,_RNCNvMs0_NtNtCscx2lCY9pHX3_9lens_core11adversarial11clone_suiteNtB7_10CloneSuite25simulate_search_operation0Bb_
FNDA:0,_RNCNvMs0_NtNtCscx2lCY9pHX3_9lens_core11adversarial11clone_suiteNtB7_10CloneSuite34measure_search_latency_with_corpus0Bb_
FNDA:0,_RNCNvMs0_NtNtCscx2lCY9pHX3_9lens_core11adversarial11clone_suiteNtB7_10CloneSuite7execute0Bb_
FNDA:0,_RNvMs0_NtNtCscx2lCY9pHX3_9lens_core11adversarial11clone_suiteNtB5_10CloneSuite18count_corpus_files
FNDA:0,_RNvMs0_NtNtCscx2lCY9pHX3_9lens_core11adversarial11clone_suiteNtB5_10CloneSuite18establish_baseline
FNDA:0,_RNvMs0_NtNtCscx2lCY9pHX3_9lens_core11adversarial11clone_suiteNtB5_10CloneSuite20measure_memory_usage
FNDA:0,_RNvMs0_NtNtCscx2lCY9pHX3_9lens_core11adversarial11clone_suiteNtB5_10CloneSuite22cleanup_test_artifacts
FNDA:0,_RNvMs0_NtNtCscx2lCY9pHX3_9lens_core11adversarial11clone_suiteNtB5_10CloneSuite22measure_search_latency
FNDA:0,_RNvMs0_NtNtCscx2lCY9pHX3_9lens_core11adversarial11clone_suiteNtB5_10CloneSuite23test_duplication_factor
FNDA:0,_RNvMs0_NtNtCscx2lCY9pHX3_9lens_core11adversarial11clone_suiteNtB5_10CloneSuite24assess_memory_efficiency
FNDA:0,_RNvMs0_NtNtCscx2lCY9pHX3_9lens_core11adversarial11clone_suiteNtB5_10CloneSuite24create_duplicated_corpus
FNDA:0,_RNvMs0_NtNtCscx2lCY9pHX3_9lens_core11adversarial11clone_suiteNtB5_10CloneSuite25calculate_overall_metrics
FNDA:0,_RNvMs0_NtNtCscx2lCY9pHX3_9lens_core11adversarial11clone_suiteNtB5_10CloneSuite25measure_peak_memory_usage
FNDA:0,_RNvMs0_NtNtCscx2lCY9pHX3_9lens_core11adversarial11clone_suiteNtB5_10CloneSuite25simulate_indexing_process
FNDA:0,_RNvMs0_NtNtCscx2lCY9pHX3_9lens_core11adversarial11clone_suiteNtB5_10CloneSuite25simulate_search_operation
FNDA:0,_RNvMs0_NtNtCscx2lCY9pHX3_9lens_core11adversarial11clone_suiteNtB5_10CloneSuite34measure_search_latency_with_corpus
FNDA:0,_RNvMs0_NtNtCscx2lCY9pHX3_9lens_core11adversarial11clone_suiteNtB5_10CloneSuite7execute
FNDA:1,_RNvNtNtNtCscx2lCY9pHX3_9lens_core11adversarial11clone_suite5testss_23test_fork_modifications
FNDA:1,_RNvNtNtNtCscx2lCY9pHX3_9lens_core11adversarial11clone_suite5testss_30test_clone_suite_configuration
FNDA:1,_RNvNtNtNtCscx2lCY9pHX3_9lens_core11adversarial11clone_suite5testss_37test_performance_degradation_analysis
FNDA:1,_RNCNvNtNtNtCscx2lCY9pHX3_9lens_core11adversarial11clone_suite5testss_23test_fork_modifications0B9_
FNDA:1,_RNCNvNtNtNtCscx2lCY9pHX3_9lens_core11adversarial11clone_suite5testss_30test_clone_suite_configuration0B9_
FNDA:1,_RNCNvNtNtNtCscx2lCY9pHX3_9lens_core11adversarial11clone_suite5testss_37test_performance_degradation_analysis0B9_
FNDA:1,_RNCNvMs0_NtNtCscx2lCY9pHX3_9lens_core11adversarial11clone_suiteNtB7_10CloneSuite24apply_fork_modifications0Bb_
FNDA:1,_RNvMs0_NtNtCscx2lCY9pHX3_9lens_core11adversarial11clone_suiteNtB5_10CloneSuite24apply_fork_modifications
FNDA:1,_RNvMs0_NtNtCscx2lCY9pHX3_9lens_core11adversarial11clone_suiteNtB5_10CloneSuite31analyze_performance_degradation
FNDA:3,_RNvMs0_NtNtCscx2lCY9pHX3_9lens_core11adversarial11clone_suiteNtB5_10CloneSuite3new
FNDA:3,_RNvXNtNtCscx2lCY9pHX3_9lens_core11adversarial11clone_suiteNtB2_15CloneTestConfigNtNtCs66KPHxksi63_4core7default7Default7default
FNDA:3,_RNvXs_NtNtCscx2lCY9pHX3_9lens_core11adversarial11clone_suiteNtB4_11CloneResultNtNtCs66KPHxksi63_4core7default7Default7default
FNF:40
FNH:12
DA:32,3
DA:33,3
DA:34,3
DA:35,3
DA:36,3
DA:37,3
DA:38,3
DA:39,3
DA:40,3
DA:41,3
DA:53,3
DA:54,3
DA:55,3
DA:56,3
DA:57,3
DA:58,3
DA:59,3
DA:60,3
DA:112,3
DA:113,3
DA:114,3
DA:115,3
DA:116,3
DA:117,3
DA:120,0
DA:121,0
DA:124,0
DA:126,0
DA:127,0
DA:130,0
DA:131,0
DA:133,0
DA:134,0
DA:135,0
DA:136,0
DA:137,0
DA:138,0
DA:139,0
DA:140,0
DA:146,0
DA:149,0
DA:152,0
DA:154,0
DA:155,0
DA:156,0
DA:157,0
DA:158,0
DA:159,0
DA:161,0
DA:163,0
DA:164,0
DA:165,0
DA:167,0
DA:168,0
DA:170,0
DA:173,0
DA:176,0
DA:177,0
DA:178,0
DA:181,0
DA:184,0
DA:186,0
DA:187,0
DA:188,0
DA:189,0
DA:190,0
DA:191,0
DA:193,0
DA:196,0
DA:197,0
DA:199,0
DA:200,0
DA:203,0
DA:206,0
DA:207,0
DA:208,0
DA:209,0
DA:210,0
DA:212,0
DA:213,0
DA:215,0
DA:220,0
DA:223,0
DA:226,0
DA:227,0
DA:228,0
DA:230,0
DA:231,0
DA:232,0
DA:233,0
DA:234,0
DA:235,0
DA:236,0
DA:237,0
DA:238,0
DA:239,0
DA:241,0
DA:242,0
DA:244,0
DA:246,0
DA:247,0
DA:250,0
DA:251,0
DA:253,0
DA:254,0
DA:255,0
DA:256,0
DA:257,0
DA:261,0
DA:262,0
DA:263,0
DA:265,0
DA:266,0
DA:267,0
DA:269,0
DA:272,0
DA:273,0
DA:275,0
DA:277,0
DA:278,0
DA:282,0
DA:284,0
DA:287,0
DA:288,0
DA:290,1
DA:292,1
DA:295,1
DA:296,1
DA:299,1
DA:300,1
DA:301,1
DA:302,1
DA:303,1
DA:305,1
DA:306,1
DA:308,1
DA:311,1
DA:312,0
DA:314,1
DA:315,1
DA:317,0
DA:318,0
DA:319,0
DA:321,0
DA:322,0
DA:323,0
DA:324,0
DA:327,0
DA:328,0
DA:330,0
DA:332,0
DA:333,0
DA:335,0
DA:337,0
DA:338,0
DA:339,0
DA:341,0
DA:342,0
DA:345,0
DA:346,0
DA:349,0
DA:350,0
DA:351,0
DA:353,0
DA:354,0
DA:356,0
DA:358,0
DA:360,0
DA:361,0
DA:362,0
DA:363,0
DA:366,0
DA:368,0
DA:369,0
DA:372,0
DA:374,0
DA:375,0
DA:379,0
DA:380,0
DA:381,0
DA:383,0
DA:384,0
DA:386,0
DA:388,0
DA:389,0
DA:391,0
DA:393,0
DA:394,0
DA:396,0
DA:398,0
DA:399,0
DA:401,0
DA:403,0
DA:404,0
DA:406,0
DA:407,0
DA:408,0
DA:409,0
DA:412,0
DA:413,0
DA:414,0
DA:415,0
DA:418,0
DA:419,0
DA:420,0
DA:421,0
DA:422,0
DA:425,0
DA:426,0
DA:427,0
DA:428,0
DA:430,1
DA:431,1
DA:432,1
DA:434,1
DA:435,1
DA:436,1
DA:437,1
DA:438,1
DA:439,1
DA:440,1
DA:441,1
DA:442,1
DA:443,1
DA:444,1
DA:445,1
DA:446,1
DA:447,1
DA:448,1
DA:449,1
DA:451,1
DA:452,1
DA:454,0
DA:455,0
DA:456,0
DA:458,0
DA:459,0
DA:460,0
DA:461,0
DA:462,0
DA:463,0
DA:464,0
DA:465,0
DA:466,0
DA:467,0
DA:468,0
DA:469,0
DA:470,0
DA:471,0
DA:473,0
DA:474,0
DA:476,0
DA:477,0
DA:478,0
DA:479,0
DA:480,0
DA:481,0
DA:482,0
DA:491,1
DA:492,1
DA:493,1
DA:496,1
DA:497,1
DA:498,1
DA:499,1
DA:502,1
DA:503,1
DA:505,1
DA:506,1
DA:508,1
DA:509,1
DA:510,1
DA:511,1
DA:514,1
DA:515,1
DA:517,1
DA:518,1
DA:519,1
DA:520,1
DA:521,1
DA:522,1
DA:523,1
DA:524,1
DA:525,1
DA:526,1
DA:529,1
DA:530,1
DA:531,1
DA:532,1
DA:533,1
DA:534,1
DA:535,1
DA:536,1
DA:537,1
DA:539,1
DA:541,1
DA:542,1
DA:543,1
BRF:0
BRH:0
LF:319
LH:107
end_of_record
SF:/home/nathan/Projects/lens/src/adversarial/mod.rs
FN:133,_RNvNtCscx2lCY9pHX3_9lens_core11adversarial26calculate_robustness_score
FN:84,_RNvNtCscx2lCY9pHX3_9lens_core11adversarial26validate_adversarial_gates
FN:187,_RNvNtNtCscx2lCY9pHX3_9lens_core11adversarial5testss_31test_failing_span_coverage_gate
FN:153,_RNvNtNtCscx2lCY9pHX3_9lens_core11adversarial5testss_32test_adversarial_gate_validation
FN:221,_RNvNtNtCscx2lCY9pHX3_9lens_core11adversarial5testss_33test_robustness_score_calculation
FNDA:1,_RNvNtCscx2lCY9pHX3_9lens_core11adversarial26calculate_robustness_score
FNDA:2,_RNvNtCscx2lCY9pHX3_9lens_core11adversarial26validate_adversarial_gates
FNDA:1,_RNvNtNtCscx2lCY9pHX3_9lens_core11adversarial5testss_31test_failing_span_coverage_gate
FNDA:1,_RNvNtNtCscx2lCY9pHX3_9lens_core11adversarial5testss_32test_adversarial_gate_validation
FNDA:1,_RNvNtNtCscx2lCY9pHX3_9lens_core11adversarial5testss_33test_robustness_score_calculation
FNF:5
FNH:5
DA:84,2
DA:89,2
DA:90,2
DA:93,2
DA:94,2
DA:95,1
DA:96,1
DA:97,1
DA:98,1
DA:99,1
DA:102,2
DA:103,2
DA:104,0
DA:105,0
DA:106,0
DA:107,0
DA:108,2
DA:111,2
DA:112,2
DA:113,2
DA:114,0
DA:115,0
DA:116,0
DA:117,0
DA:118,2
DA:120,2
DA:122,2
DA:123,1
DA:124,0
DA:125,0
DA:127,1
DA:129,2
DA:130,2
DA:133,1
DA:134,1
DA:137,1
DA:138,1
DA:139,1
DA:140,1
DA:143,1
DA:145,1
DA:146,1
DA:153,1
DA:154,1
DA:155,1
DA:156,1
DA:157,1
DA:158,1
DA:159,1
DA:160,1
DA:161,1
DA:162,1
DA:163,1
DA:164,1
DA:165,1
DA:166,1
DA:167,1
DA:168,1
DA:169,1
DA:170,1
DA:171,1
DA:172,1
DA:173,1
DA:174,1
DA:175,1
DA:176,1
DA:177,1
DA:178,1
DA:179,1
DA:180,1
DA:181,1
DA:183,1
DA:184,1
DA:187,1
DA:188,1
DA:189,1
DA:190,1
DA:191,1
DA:192,1
DA:193,1
DA:194,1
DA:195,1
DA:196,1
DA:197,1
DA:198,1
DA:199,1
DA:200,1
DA:201,1
DA:202,1
DA:203,1
DA:204,1
DA:205,1
DA:206,1
DA:207,1
DA:208,1
DA:209,1
DA:210,1
DA:211,1
DA:212,1
DA:213,1
DA:214,1
DA:215,1
DA:217,1
DA:218,1
DA:221,1
DA:222,1
DA:223,1
DA:224,1
DA:225,1
DA:226,1
DA:227,1
DA:228,1
DA:229,1
DA:230,1
DA:231,1
DA:232,1
DA:233,1
DA:234,1
DA:235,1
DA:236,1
DA:237,1
DA:238,1
DA:239,1
DA:240,1
DA:241,1
DA:242,1
DA:243,1
DA:244,1
DA:245,1
DA:246,1
DA:247,1
DA:248,1
DA:249,1
DA:251,1
DA:252,1
DA:253,1
DA:254,1
BRF:0
BRH:0
LF:137
LH:127
end_of_record
SF:/home/nathan/Projects/lens/src/adversarial/noise_suite.rs
FN:576,_RNCNCNvMs0_NtNtCscx2lCY9pHX3_9lens_core11adversarial11noise_suiteNtB9_10NoiseSuite24create_binary_data_files00Bd_
FN:674,_RNCNvMs0_NtNtCscx2lCY9pHX3_9lens_core11adversarial11noise_suiteNtB7_10NoiseSuite16copy_clean_files0Bb_
FN:691,_RNCNvMs0_NtNtCscx2lCY9pHX3_9lens_core11adversarial11noise_suiteNtB7_10NoiseSuite17count_clean_files0Bb_
FN:717,_RNCNvMs0_NtNtCscx2lCY9pHX3_9lens_core11adversarial11noise_suiteNtB7_10NoiseSuite17simulate_indexing0Bb_
FN:238,_RNCNvMs0_NtNtCscx2lCY9pHX3_9lens_core11adversarial11noise_suiteNtB7_10NoiseSuite18establish_baseline0Bb_
FN:318,_RNCNvMs0_NtNtCscx2lCY9pHX3_9lens_core11adversarial11noise_suiteNtB7_10NoiseSuite19create_noisy_corpus0Bb_
FN:746,_RNCNvMs0_NtNtCscx2lCY9pHX3_9lens_core11adversarial11noise_suiteNtB7_10NoiseSuite19measure_memory_peak0Bb_
FN:267,_RNCNvMs0_NtNtCscx2lCY9pHX3_9lens_core11adversarial11noise_suiteNtB7_10NoiseSuite19test_noise_scenario0Bb_
FN:722,_RNCNvMs0_NtNtCscx2lCY9pHX3_9lens_core11adversarial11noise_suiteNtB7_10NoiseSuite20measure_memory_usage0Bb_
FN:741,_RNCNvMs0_NtNtCscx2lCY9pHX3_9lens_core11adversarial11noise_suiteNtB7_10NoiseSuite21measure_search_impact0Bb_
FN:834,_RNCNvMs0_NtNtCscx2lCY9pHX3_9lens_core11adversarial11noise_suiteNtB7_10NoiseSuite22cleanup_test_artifacts0Bb_
FN:398,_RNCNvMs0_NtNtCscx2lCY9pHX3_9lens_core11adversarial11noise_suiteNtB7_10NoiseSuite22create_large_csv_files0Bb_
FN:726,_RNCNvMs0_NtNtCscx2lCY9pHX3_9lens_core11adversarial11noise_suiteNtB7_10NoiseSuite22measure_search_quality0Bb_
FN:804,_RNCNvMs0_NtNtCscx2lCY9pHX3_9lens_core11adversarial11noise_suiteNtB7_10NoiseSuite24assess_memory_management0Bb_
FN:704,_RNCNvMs0_NtNtCscx2lCY9pHX3_9lens_core11adversarial11noise_suiteNtB7_10NoiseSuite24calculate_directory_size0Bb_
FN:565,_RNCNvMs0_NtNtCscx2lCY9pHX3_9lens_core11adversarial11noise_suiteNtB7_10NoiseSuite24create_binary_data_files0Bb_
FN:593,_RNCNvMs0_NtNtCscx2lCY9pHX3_9lens_core11adversarial11noise_suiteNtB7_10NoiseSuite24create_deep_nested_files0Bb_
FN:444,_RNCNvMs0_NtNtCscx2lCY9pHX3_9lens_core11adversarial11noise_suiteNtB7_10NoiseSuite24create_verbose_log_files0Bb_
FN:730,_RNCNvMs0_NtNtCscx2lCY9pHX3_9lens_core11adversarial11noise_suiteNtB7_10NoiseSuite24test_parsing_performance0Bb_
FN:343,_RNCNvMs0_NtNtCscx2lCY9pHX3_9lens_core11adversarial11noise_suiteNtB7_10NoiseSuite25create_massive_json_files0Bb_
FN:497,_RNCNvMs0_NtNtCscx2lCY9pHX3_9lens_core11adversarial11noise_suiteNtB7_10NoiseSuite26create_database_dump_files0Bb_
FN:761,_RNCNvMs0_NtNtCscx2lCY9pHX3_9lens_core11adversarial11noise_suiteNtB7_10NoiseSuite27analyze_parsing_performance0Bb_
FN:765,_RNCNvMs0_NtNtCscx2lCY9pHX3_9lens_core11adversarial11noise_suiteNtB7_10NoiseSuite27analyze_parsing_performances_0Bb_
FN:750,_RNCNvMs0_NtNtCscx2lCY9pHX3_9lens_core11adversarial11noise_suiteNtB7_10NoiseSuite28test_filtering_effectiveness0Bb_
FN:189,_RNCNvMs0_NtNtCscx2lCY9pHX3_9lens_core11adversarial11noise_suiteNtB7_10NoiseSuite7execute0Bb_
FN:674,_RNvMs0_NtNtCscx2lCY9pHX3_9lens_core11adversarial11noise_suiteNtB5_10NoiseSuite16copy_clean_files
FN:691,_RNvMs0_NtNtCscx2lCY9pHX3_9lens_core11adversarial11noise_suiteNtB5_10NoiseSuite17count_clean_files
FN:717,_RNvMs0_NtNtCscx2lCY9pHX3_9lens_core11adversarial11noise_suiteNtB5_10NoiseSuite17simulate_indexing
FN:238,_RNvMs0_NtNtCscx2lCY9pHX3_9lens_core11adversarial11noise_suiteNtB5_10NoiseSuite18establish_baseline
FN:318,_RNvMs0_NtNtCscx2lCY9pHX3_9lens_core11adversarial11noise_suiteNtB5_10NoiseSuite19create_noisy_corpus
FN:746,_RNvMs0_NtNtCscx2lCY9pHX3_9lens_core11adversarial11noise_suiteNtB5_10NoiseSuite19measure_memory_peak
FN:267,_RNvMs0_NtNtCscx2lCY9pHX3_9lens_core11adversarial11noise_suiteNtB5_10NoiseSuite19test_noise_scenario
FN:722,_RNvMs0_NtNtCscx2lCY9pHX3_9lens_core11adversarial11noise_suiteNtB5_10NoiseSuite20measure_memory_usage
FN:741,_RNvMs0_NtNtCscx2lCY9pHX3_9lens_core11adversarial11noise_suiteNtB5_10NoiseSuite21measure_search_impact
FN:834,_RNvMs0_NtNtCscx2lCY9pHX3_9lens_core11adversarial11noise_suiteNtB5_10NoiseSuite22cleanup_test_artifacts
FN:398,_RNvMs0_NtNtCscx2lCY9pHX3_9lens_core11adversarial11noise_suiteNtB5_10NoiseSuite22create_large_csv_files
FN:726,_RNvMs0_NtNtCscx2lCY9pHX3_9lens_core11adversarial11noise_suiteNtB5_10NoiseSuite22measure_search_quality
FN:800,_RNvMs0_NtNtCscx2lCY9pHX3_9lens_core11adversarial11noise_suiteNtB5_10NoiseSuite24assess_memory_management
FN:704,_RNvMs0_NtNtCscx2lCY9pHX3_9lens_core11adversarial11noise_suiteNtB5_10NoiseSuite24calculate_directory_size
FN:565,_RNvMs0_NtNtCscx2lCY9pHX3_9lens_core11adversarial11noise_suiteNtB5_10NoiseSuite24create_binary_data_files
FN:593,_RNvMs0_NtNtCscx2lCY9pHX3_9lens_core11adversarial11noise_suiteNtB5_10NoiseSuite24create_deep_nested_files
FN:444,_RNvMs0_NtNtCscx2lCY9pHX3_9lens_core11adversarial11noise_suiteNtB5_10NoiseSuite24create_verbose_log_files
FN:730,_RNvMs0_NtNtCscx2lCY9pHX3_9lens_core11adversarial11noise_suiteNtB5_10NoiseSuite24test_parsing_performance
FN:343,_RNvMs0_NtNtCscx2lCY9pHX3_9lens_core11adversarial11noise_suiteNtB5_10NoiseSuite25create_massive_json_files
FN:497,_RNvMs0_NtNtCscx2lCY9pHX3_9lens_core11adversarial11noise_suiteNtB5_10NoiseSuite26create_database_dump_files
FN:785,_RNvMs0_NtNtCscx2lCY9pHX3_9lens_core11adversarial11noise_suiteNtB5_10NoiseSuite26evaluate_content_filtering
FN:755,_RNvMs0_NtNtCscx2lCY9pHX3_9lens_core11adversarial11noise_suiteNtB5_10NoiseSuite27analyze_parsing_performance
FN:816,_RNvMs0_NtNtCscx2lCY9pHX3_9lens_core11adversarial11noise_suiteNtB5_10NoiseSuite28calculate_robustness_metrics
FN:750,_RNvMs0_NtNtCscx2lCY9pHX3_9lens_core11adversarial11noise_suiteNtB5_10NoiseSuite28test_filtering_effectiveness
FN:189,_RNvMs0_NtNtCscx2lCY9pHX3_9lens_core11adversarial11noise_suiteNtB5_10NoiseSuite7execute
FN:848,_RNvNtNtNtCscx2lCY9pHX3_9lens_core11adversarial11noise_suite5testss_26test_noise_scenario_naming
FN:870,_RNvNtNtNtCscx2lCY9pHX3_9lens_core11adversarial11noise_suite5testss_28test_noise_config_validation
FN:859,_RNvNtNtNtCscx2lCY9pHX3_9lens_core11adversarial11noise_suite5testss_32test_deep_nested_json_generation
FN:870,_RNCNvNtNtNtCscx2lCY9pHX3_9lens_core11adversarial11noise_suite5testss_28test_noise_config_validation0B9_
FN:663,_RNvMs0_NtNtCscx2lCY9pHX3_9lens_core11adversarial11noise_suiteNtB5_10NoiseSuite17get_scenario_name
FN:616,_RNvMs0_NtNtCscx2lCY9pHX3_9lens_core11adversarial11noise_suiteNtB5_10NoiseSuite27generate_deeply_nested_json
FN:181,_RNvMs0_NtNtCscx2lCY9pHX3_9lens_core11adversarial11noise_suiteNtB5_10NoiseSuite3new
FN:617,_RNvNvMs0_NtNtCscx2lCY9pHX3_9lens_core11adversarial11noise_suiteNtB7_10NoiseSuite27generate_deeply_nested_json14generate_level
FN:64,_RNvXNtNtCscx2lCY9pHX3_9lens_core11adversarial11noise_suiteNtB2_15NoiseTestConfigNtNtCs66KPHxksi63_4core7default7Default7default
FN:105,_RNvXs_NtNtCscx2lCY9pHX3_9lens_core11adversarial11noise_suiteNtB4_11NoiseResultNtNtCs66KPHxksi63_4core7default7Default7default
FNDA:0,_RNCNCNvMs0_NtNtCscx2lCY9pHX3_9lens_core11adversarial11noise_suiteNtB9_10NoiseSuite24create_binary_data_files00Bd_
FNDA:0,_RNCNvMs0_NtNtCscx2lCY9pHX3_9lens_core11adversarial11noise_suiteNtB7_10NoiseSuite16copy_clean_files0Bb_
FNDA:0,_RNCNvMs0_NtNtCscx2lCY9pHX3_9lens_core11adversarial11noise_suiteNtB7_10NoiseSuite17count_clean_files0Bb_
FNDA:0,_RNCNvMs0_NtNtCscx2lCY9pHX3_9lens_core11adversarial11noise_suiteNtB7_10NoiseSuite17simulate_indexing0Bb_
FNDA:0,_RNCNvMs0_NtNtCscx2lCY9pHX3_9lens_core11adversarial11noise_suiteNtB7_10NoiseSuite18establish_baseline0Bb_
FNDA:0,_RNCNvMs0_NtNtCscx2lCY9pHX3_9lens_core11adversarial11noise_suiteNtB7_10NoiseSuite19create_noisy_corpus0Bb_
FNDA:0,_RNCNvMs0_NtNtCscx2lCY9pHX3_9lens_core11adversarial11noise_suiteNtB7_10NoiseSuite19measure_memory_peak0Bb_
FNDA:0,_RNCNvMs0_NtNtCscx2lCY9pHX3_9lens_core11adversarial11noise_suiteNtB7_10NoiseSuite19test_noise_scenario0Bb_
FNDA:0,_RNCNvMs0_NtNtCscx2lCY9pHX3_9lens_core11adversarial11noise_suiteNtB7_10NoiseSuite20measure_memory_usage0Bb_
FNDA:0,_RNCNvMs0_NtNtCscx2lCY9pHX3_9lens_core11adversarial11noise_suiteNtB7_10NoiseSuite21measure_search_impact0Bb_
FNDA:0,_RNCNvMs0_NtNtCscx2lCY9pHX3_9lens_core11adversarial11noise_suiteNtB7_10NoiseSuite22cleanup_test_artifacts0Bb_
FNDA:0,_RNCNvMs0_NtNtCscx2lCY9pHX3_9lens_core11adversarial11noise_suiteNtB7_10NoiseSuite22create_large_csv_files0Bb_
FNDA:0,_RNCNvMs0_NtNtCscx2lCY9pHX3_9lens_core11adversarial11noise_suiteNtB7_10NoiseSuite22measure_search_quality0Bb_
FNDA:0,_RNCNvMs0_NtNtCscx2lCY9pHX3_9lens_core11adversarial11noise_suiteNtB7_10NoiseSuite24assess_memory_management0Bb_
FNDA:0,_RNCNvMs0_NtNtCscx2lCY9pHX3_9lens_core11adversarial11noise_suiteNtB7_10NoiseSuite24calculate_directory_size0Bb_
FNDA:0,_RNCNvMs0_NtNtCscx2lCY9pHX3_9lens_core11adversarial11noise_suiteNtB7_10NoiseSuite24create_binary_data_files0Bb_
FNDA:0,_RNCNvMs0_NtNtCscx2lCY9pHX3_9lens_core11adversarial11noise_suiteNtB7_10NoiseSuite24create_deep_nested_files0Bb_
FNDA:0,_RNCNvMs0_NtNtCscx2lCY9pHX3_9lens_core11adversarial11noise_suiteNtB7_10NoiseSuite24create_verbose_log_files0Bb_
FNDA:0,_RNCNvMs0_NtNtCscx2lCY9pHX3_9lens_core11adversarial11noise_suiteNtB7_10NoiseSuite24test_parsing_performance0Bb_
FNDA:0,_RNCNvMs0_NtNtCscx2lCY9pHX3_9lens_core11adversarial11noise_suiteNtB7_10NoiseSuite25create_massive_json_files0Bb_
FNDA:0,_RNCNvMs0_NtNtCscx2lCY9pHX3_9lens_core11adversarial11noise_suiteNtB7_10NoiseSuite26create_database_dump_files0Bb_
FNDA:0,_RNCNvMs0_NtNtCscx2lCY9pHX3_9lens_core11adversarial11noise_suiteNtB7_10NoiseSuite27analyze_parsing_performance0Bb_
FNDA:0,_RNCNvMs0_NtNtCscx2lCY9pHX3_9lens_core11adversarial11noise_suiteNtB7_10NoiseSuite27analyze_parsing_performances_0Bb_
FNDA:0,_RNCNvMs0_NtNtCscx2lCY9pHX3_9lens_core11adversarial11noise_suiteNtB7_10NoiseSuite28test_filtering_effectiveness0Bb_
FNDA:0,_RNCNvMs0_NtNtCscx2lCY9pHX3_9lens_core11adversarial11noise_suiteNtB7_10NoiseSuite7execute0Bb_
FNDA:0,_RNvMs0_NtNtCscx2lCY9pHX3_9lens_core11adversarial11noise_suiteNtB5_10NoiseSuite16copy_clean_files
FNDA:0,_RNvMs0_NtNtCscx2lCY9pHX3_9lens_core11adversarial11noise_suiteNtB5_10NoiseSuite17count_clean_files
FNDA:0,_RNvMs0_NtNtCscx2lCY9pHX3_9lens_core11adversarial11noise_suiteNtB5_10NoiseSuite17simulate_indexing
FNDA:0,_RNvMs0_NtNtCscx2lCY9pHX3_9lens_core11adversarial11noise_suiteNtB5_10NoiseSuite18establish_baseline
FNDA:0,_RNvMs0_NtNtCscx2lCY9pHX3_9lens_core11adversarial11noise_suiteNtB5_10NoiseSuite19create_noisy_corpus
FNDA:0,_RNvMs0_NtNtCscx2lCY9pHX3_9lens_core11adversarial11noise_suiteNtB5_10NoiseSuite19measure_memory_peak
FNDA:0,_RNvMs0_NtNtCscx2lCY9pHX3_9lens_core11adversarial11noise_suiteNtB5_10NoiseSuite19test_noise_scenario
FNDA:0,_RNvMs0_NtNtCscx2lCY9pHX3_9lens_core11adversarial11noise_suiteNtB5_10NoiseSuite20measure_memory_usage
FNDA:0,_RNvMs0_NtNtCscx2lCY9pHX3_9lens_core11adversarial11noise_suiteNtB5_10NoiseSuite21measure_search_impact
FNDA:0,_RNvMs0_NtNtCscx2lCY9pHX3_9lens_core11adversarial11noise_suiteNtB5_10NoiseSuite22cleanup_test_artifacts
FNDA:0,_RNvMs0_NtNtCscx2lCY9pHX3_9lens_core11adversarial11noise_suiteNtB5_10NoiseSuite22create_large_csv_files
FNDA:0,_RNvMs0_NtNtCscx2lCY9pHX3_9lens_core11adversarial11noise_suiteNtB5_10NoiseSuite22measure_search_quality
FNDA:0,_RNvMs0_NtNtCscx2lCY9pHX3_9lens_core11adversarial11noise_suiteNtB5_10NoiseSuite24assess_memory_management
FNDA:0,_RNvMs0_NtNtCscx2lCY9pHX3_9lens_core11adversarial11noise_suiteNtB5_10NoiseSuite24calculate_directory_size
FNDA:0,_RNvMs0_NtNtCscx2lCY9pHX3_9lens_core11adversarial11noise_suiteNtB5_10NoiseSuite24create_binary_data_files
FNDA:0,_RNvMs0_NtNtCscx2lCY9pHX3_9lens_core11adversarial11noise_suiteNtB5_10NoiseSuite24create_deep_nested_files
FNDA:0,_RNvMs0_NtNtCscx2lCY9pHX3_9lens_core11adversarial11noise_suiteNtB5_10NoiseSuite24create_verbose_log_files
FNDA:0,_RNvMs0_NtNtCscx2lCY9pHX3_9lens_core11adversarial11noise_suiteNtB5_10NoiseSuite24test_parsing_performance
FNDA:0,_RNvMs0_NtNtCscx2lCY9pHX3_9lens_core11adversarial11noise_suiteNtB5_10NoiseSuite25create_massive_json_files
FNDA:0,_RNvMs0_NtNtCscx2lCY9pHX3_9lens_core11adversarial11noise_suiteNtB5_10NoiseSuite26create_database_dump_files
FNDA:0,_RNvMs0_NtNtCscx2lCY9pHX3_9lens_core11adversarial11noise_suiteNtB5_10NoiseSuite26evaluate_content_filtering
FNDA:0,_RNvMs0_NtNtCscx2lCY9pHX3_9lens_core11adversarial11noise_suiteNtB5_10NoiseSuite27analyze_parsing_performance
FNDA:0,_RNvMs0_NtNtCscx2lCY9pHX3_9lens_core11adversarial11noise_suiteNtB5_10NoiseSuite28calculate_robustness_metrics
FNDA:0,_RNvMs0_NtNtCscx2lCY9pHX3_9lens_core11adversarial11noise_suiteNtB5_10NoiseSuite28test_filtering_effectiveness
FNDA:0,_RNvMs0_NtNtCscx2lCY9pHX3_9lens_core11adversarial11noise_suiteNtB5_10NoiseSuite7execute
FNDA:1,_RNvNtNtNtCscx2lCY9pHX3_9lens_core11adversarial11noise_suite5testss_26test_noise_scenario_naming
FNDA:1,_RNvNtNtNtCscx2lCY9pHX3_9lens_core11adversarial11noise_suite5testss_28test_noise_config_validation
FNDA:1,_RNvNtNtNtCscx2lCY9pHX3_9lens_core11adversarial11noise_suite5testss_32test_deep_nested_json_generation
FNDA:1,_RNCNvNtNtNtCscx2lCY9pHX3_9lens_core11adversarial11noise_suite5testss_28test_noise_config_validation0B9_
FNDA:2,_RNvMs0_NtNtCscx2lCY9pHX3_9lens_core11adversarial11noise_suiteNtB5_10NoiseSuite17get_scenario_name
FNDA:1,_RNvMs0_NtNtCscx2lCY9pHX3_9lens_core11adversarial11noise_suiteNtB5_10NoiseSuite27generate_deeply_nested_json
FNDA:2,_RNvMs0_NtNtCscx2lCY9pHX3_9lens_core11adversarial11noise_suiteNtB5_10NoiseSuite3new
FNDA:85,_RNvNvMs0_NtNtCscx2lCY9pHX3_9lens_core11adversarial11noise_suiteNtB7_10NoiseSuite27generate_deeply_nested_json14generate_level
FNDA:4,_RNvXNtNtCscx2lCY9pHX3_9lens_core11adversarial11noise_suiteNtB2_15NoiseTestConfigNtNtCs66KPHxksi63_4core7default7Default7default
FNDA:3,_RNvXs_NtNtCscx2lCY9pHX3_9lens_core11adversarial11noise_suiteNtB4_11NoiseResultNtNtCs66KPHxksi63_4core7default7Default7default
FNF:60
FNH:10
DA:64,4
DA:65,4
DA:66,4
DA:67,4
DA:68,4
DA:69,4
DA:70,4
DA:71,4
DA:72,4
DA:73,4
DA:74,4
DA:75,4
DA:76,4
DA:77,4
DA:78,4
DA:79,4
DA:80,4
DA:81,4
DA:82,4
DA:83,4
DA:84,4
DA:85,4
DA:86,4
DA:87,4
DA:88,4
DA:89,4
DA:90,4
DA:91,4
DA:92,4
DA:105,3
DA:106,3
DA:107,3
DA:108,3
DA:109,3
DA:110,3
DA:111,3
DA:112,3
DA:113,3
DA:181,2
DA:182,2
DA:183,2
DA:184,2
DA:185,2
DA:186,2
DA:189,0
DA:190,0
DA:193,0
DA:195,0
DA:198,0
DA:199,0
DA:200,0
DA:202,0
DA:203,0
DA:204,0
DA:205,0
DA:206,0
DA:207,0
DA:213,0
DA:216,0
DA:219,0
DA:222,0
DA:224,0
DA:225,0
DA:226,0
DA:227,0
DA:228,0
DA:229,0
DA:230,0
DA:232,0
DA:234,0
DA:235,0
DA:236,0
DA:238,0
DA:239,0
DA:241,0
DA:242,0
DA:245,0
DA:246,0
DA:247,0
DA:250,0
DA:251,0
DA:253,0
DA:254,0
DA:255,0
DA:256,0
DA:257,0
DA:258,0
DA:259,0
DA:261,0
DA:264,0
DA:265,0
DA:267,0
DA:268,0
DA:269,0
DA:272,0
DA:275,0
DA:278,0
DA:279,0
DA:280,0
DA:281,0
DA:282,0
DA:284,0
DA:285,0
DA:287,0
DA:288,0
DA:291,0
DA:292,0
DA:297,0
DA:300,0
DA:303,0
DA:305,0
DA:306,0
DA:307,0
DA:308,0
DA:309,0
DA:310,0
DA:311,0
DA:312,0
DA:313,0
DA:314,0
DA:315,0
DA:316,0
DA:318,0
DA:319,0
DA:321,0
DA:322,0
DA:323,0
DA:325,0
DA:326,0
DA:328,0
DA:329,0
DA:331,0
DA:332,0
DA:334,0
DA:335,0
DA:337,0
DA:338,0
DA:341,0
DA:343,0
DA:344,0
DA:345,0
DA:347,0
DA:348,0
DA:349,0
DA:351,0
DA:352,0
DA:353,0
DA:354,0
DA:355,0
DA:358,0
DA:359,0
DA:361,0
DA:362,0
DA:363,0
DA:364,0
DA:365,0
DA:366,0
DA:367,0
DA:368,0
DA:369,0
DA:370,0
DA:371,0
DA:372,0
DA:373,0
DA:374,0
DA:375,0
DA:376,0
DA:379,0
DA:380,0
DA:381,0
DA:382,0
DA:384,0
DA:385,0
DA:387,0
DA:388,0
DA:389,0
DA:392,0
DA:393,0
DA:395,0
DA:396,0
DA:398,0
DA:399,0
DA:400,0
DA:402,0
DA:403,0
DA:405,0
DA:406,0
DA:409,0
DA:412,0
DA:413,0
DA:414,0
DA:415,0
DA:416,0
DA:417,0
DA:418,0
DA:419,0
DA:420,0
DA:421,0
DA:422,0
DA:423,0
DA:424,0
DA:425,0
DA:426,0
DA:427,0
DA:428,0
DA:430,0
DA:431,0
DA:433,0
DA:434,0
DA:435,0
DA:438,0
DA:439,0
DA:441,0
DA:442,0
DA:444,0
DA:445,0
DA:446,0
DA:448,0
DA:449,0
DA:450,0
DA:452,0
DA:453,0
DA:454,0
DA:455,0
DA:457,0
DA:458,0
DA:459,0
DA:460,0
DA:461,0
DA:462,0
DA:463,0
DA:464,0
DA:465,0
DA:466,0
DA:467,0
DA:468,0
DA:469,0
DA:470,0
DA:471,0
DA:472,0
DA:473,0
DA:474,0
DA:475,0
DA:476,0
DA:477,0
DA:478,0
DA:479,0
DA:480,0
DA:481,0
DA:483,0
DA:484,0
DA:486,0
DA:487,0
DA:488,0
DA:491,0
DA:492,0
DA:494,0
DA:495,0
DA:497,0
DA:498,0
DA:499,0
DA:501,0
DA:502,0
DA:503,0
DA:505,0
DA:506,0
DA:509,0
DA:510,0
DA:511,0
DA:512,0
DA:514,0
DA:515,0
DA:517,0
DA:519,0
DA:520,0
DA:521,0
DA:524,0
DA:527,0
DA:529,0
DA:530,0
DA:531,0
DA:532,0
DA:533,0
DA:534,0
DA:535,0
DA:538,0
DA:539,0
DA:540,0
DA:541,0
DA:542,0
DA:545,0
DA:546,0
DA:549,0
DA:551,0
DA:552,0
DA:554,0
DA:555,0
DA:556,0
DA:559,0
DA:560,0
DA:562,0
DA:563,0
DA:565,0
DA:566,0
DA:567,0
DA:569,0
DA:570,0
DA:571,0
DA:573,0
DA:575,0
DA:576,0
DA:577,0
DA:579,0
DA:580,0
DA:582,0
DA:583,0
DA:584,0
DA:587,0
DA:588,0
DA:590,0
DA:591,0
DA:593,0
DA:594,0
DA:595,0
DA:597,0
DA:598,0
DA:601,0
DA:603,0
DA:604,0
DA:606,0
DA:607,0
DA:608,0
DA:610,0
DA:611,0
DA:613,0
DA:614,0
DA:616,1
DA:617,85
DA:618,85
DA:619,64
DA:620,21
DA:622,21
DA:623,21
DA:625,42
DA:626,42
DA:627,42
DA:629,42
DA:630,21
DA:631,21
DA:632,21
DA:634,21
DA:635,84
DA:636,63
DA:637,63
DA:638,63
DA:639,63
DA:640,42
DA:641,42
DA:642,63
DA:644,21
DA:645,21
DA:648,42
DA:649,21
DA:650,21
DA:651,42
DA:654,21
DA:655,21
DA:657,21
DA:658,85
DA:660,1
DA:661,1
DA:663,2
DA:664,2
DA:665,1
DA:666,1
DA:667,0
DA:668,0
DA:669,0
DA:670,0
DA:672,2
DA:674,0
DA:675,0
DA:676,0
DA:678,0
DA:679,0
DA:680,0
DA:681,0
DA:682,0
DA:683,0
DA:684,0
DA:685,0
DA:688,0
DA:689,0
DA:691,0
DA:692,0
DA:693,0
DA:695,0
DA:696,0
DA:697,0
DA:698,0
DA:701,0
DA:702,0
DA:704,0
DA:705,0
DA:706,0
DA:708,0
DA:709,0
DA:710,0
DA:711,0
DA:714,0
DA:715,0
DA:717,0
DA:718,0
DA:719,0
DA:720,0
DA:722,0
DA:723,0
DA:724,0
DA:726,0
DA:727,0
DA:728,0
DA:730,0
DA:732,0
DA:733,0
DA:734,0
DA:736,0
DA:738,0
DA:739,0
DA:741,0
DA:743,0
DA:744,0
DA:746,0
DA:747,0
DA:748,0
DA:750,0
DA:752,0
DA:753,0
DA:755,0
DA:756,0
DA:757,0
DA:758,0
DA:760,0
DA:761,0
DA:762,0
DA:764,0
DA:765,0
DA:766,0
DA:768,0
DA:769,0
DA:770,0
DA:772,0
DA:773,0
DA:774,0
DA:776,0
DA:777,0
DA:778,0
DA:779,0
DA:780,0
DA:781,0
DA:782,0
DA:783,0
DA:785,0
DA:786,0
DA:787,0
DA:788,0
DA:790,0
DA:791,0
DA:792,0
DA:793,0
DA:794,0
DA:795,0
DA:796,0
DA:797,0
DA:798,0
DA:800,0
DA:801,0
DA:803,0
DA:804,0
DA:805,0
DA:808,0
DA:809,0
DA:810,0
DA:811,0
DA:812,0
DA:814,0
DA:816,0
DA:817,0
DA:818,0
DA:819,0
DA:821,0
DA:822,0
DA:823,0
DA:825,0
DA:826,0
DA:827,0
DA:828,0
DA:829,0
DA:830,0
DA:831,0
DA:832,0
DA:834,0
DA:835,0
DA:836,0
DA:837,0
DA:838,0
DA:839,0
DA:840,0
DA:848,1
DA:849,1
DA:851,1
DA:852,1
DA:854,1
DA:855,1
DA:856,1
DA:859,1
DA:860,1
DA:861,1
DA:863,1
DA:864,1
DA:865,1
DA:866,1
DA:867,1
DA:870,1
DA:871,1
DA:872,1
DA:873,1
DA:874,1
DA:875,1
DA:876,1
DA:877,1
BRF:0
BRH:0
LF:557
LH:109
end_of_record
SF:/home/nathan/Projects/lens/src/adversarial/stress_harness.rs
FN:410,_RNCNCNvMs_NtNtCscx2lCY9pHX3_9lens_core11adversarial14stress_harnessNtB8_13StressHarness14test_io_stress00Bc_
FN:441,_RNCNCNvMs_NtNtCscx2lCY9pHX3_9lens_core11adversarial14stress_harnessNtB8_13StressHarness14test_io_stress0s_0Bc_
FN:327,_RNCNCNvMs_NtNtCscx2lCY9pHX3_9lens_core11adversarial14stress_harnessNtB8_13StressHarness15test_cpu_stress00Bc_
FN:372,_RNCNCNvMs_NtNtCscx2lCY9pHX3_9lens_core11adversarial14stress_harnessNtB8_13StressHarness15test_cpu_stress0s0_0Bc_
FN:353,_RNCNCNvMs_NtNtCscx2lCY9pHX3_9lens_core11adversarial14stress_harnessNtB8_13StressHarness15test_cpu_stress0s_0Bc_
FN:206,_RNCNCNvMs_NtNtCscx2lCY9pHX3_9lens_core11adversarial14stress_harnessNtB8_13StressHarness27test_concurrent_performance00Bc_
FN:249,_RNCNCNvMs_NtNtCscx2lCY9pHX3_9lens_core11adversarial14stress_harnessNtB8_13StressHarness27test_concurrent_performance0s0_0Bc_
FN:222,_RNCNCNvMs_NtNtCscx2lCY9pHX3_9lens_core11adversarial14stress_harnessNtB8_13StressHarness27test_concurrent_performance0s_0Bc_
FN:394,_RNCNvMs_NtNtCscx2lCY9pHX3_9lens_core11adversarial14stress_harnessNtB6_13StressHarness14test_io_stress0Ba_
FN:317,_RNCNvMs_NtNtCscx2lCY9pHX3_9lens_core11adversarial14stress_harnessNtB6_13StressHarness15test_cpu_stress0Ba_
FN:616,_RNCNvMs_NtNtCscx2lCY9pHX3_9lens_core11adversarial14stress_harnessNtB6_13StressHarness17wait_for_recovery0Ba_
FN:177,_RNCNvMs_NtNtCscx2lCY9pHX3_9lens_core11adversarial14stress_harnessNtB6_13StressHarness18establish_baseline0Ba_
FN:266,_RNCNvMs_NtNtCscx2lCY9pHX3_9lens_core11adversarial14stress_harnessNtB6_13StressHarness18test_memory_stress0Ba_
FN:131,_RNCNvMs_NtNtCscx2lCY9pHX3_9lens_core11adversarial14stress_harnessNtB6_13StressHarness19execute_stress_test0Ba_
FN:553,_RNCNvMs_NtNtCscx2lCY9pHX3_9lens_core11adversarial14stress_harnessNtB6_13StressHarness20measure_baseline_cpu0Ba_
FN:575,_RNCNvMs_NtNtCscx2lCY9pHX3_9lens_core11adversarial14stress_harnessNtB6_13StressHarness22measure_current_memory0Ba_
FN:549,_RNCNvMs_NtNtCscx2lCY9pHX3_9lens_core11adversarial14stress_harnessNtB6_13StressHarness23measure_baseline_memory0Ba_
FN:586,_RNCNvMs_NtNtCscx2lCY9pHX3_9lens_core11adversarial14stress_harnessNtB6_13StressHarness23measure_cpu_utilization0Ba_
FN:596,_RNCNvMs_NtNtCscx2lCY9pHX3_9lens_core11adversarial14stress_harnessNtB6_13StressHarness23simulate_cpu_exhaustion0Ba_
FN:611,_RNCNvMs_NtNtCscx2lCY9pHX3_9lens_core11adversarial14stress_harnessNtB6_13StressHarness24induce_controlled_stress0Ba_
FN:562,_RNCNvMs_NtNtCscx2lCY9pHX3_9lens_core11adversarial14stress_harnessNtB6_13StressHarness24simulate_query_execution0Ba_
FN:468,_RNCNvMs_NtNtCscx2lCY9pHX3_9lens_core11adversarial14stress_harnessNtB6_13StressHarness24test_resource_exhaustion0Ba_
FN:606,_RNCNvMs_NtNtCscx2lCY9pHX3_9lens_core11adversarial14stress_harnessNtB6_13StressHarness25test_resource_reclamation0Ba_
FN:591,_RNCNvMs_NtNtCscx2lCY9pHX3_9lens_core11adversarial14stress_harnessNtB6_13StressHarness26simulate_memory_exhaustion0Ba_
FN:501,_RNCNvMs_NtNtCscx2lCY9pHX3_9lens_core11adversarial14stress_harnessNtB6_13StressHarness26test_recovery_capabilities0Ba_
FN:601,_RNCNvMs_NtNtCscx2lCY9pHX3_9lens_core11adversarial14stress_harnessNtB6_13StressHarness27test_backpressure_mechanism0Ba_
FN:192,_RNCNvMs_NtNtCscx2lCY9pHX3_9lens_core11adversarial14stress_harnessNtB6_13StressHarness27test_concurrent_performance0Ba_
FN:621,_RNCNvMs_NtNtCscx2lCY9pHX3_9lens_core11adversarial14stress_harnessNtB6_13StressHarness30verify_performance_restoration0Ba_
FN:580,_RNCNvMs_NtNtCscx2lCY9pHX3_9lens_core11adversarial14stress_harnessNtB6_13StressHarness37test_memory_operations_under_pressure0Ba_
FN:394,_RNvMs_NtNtCscx2lCY9pHX3_9lens_core11adversarial14stress_harnessNtB4_13StressHarness14test_io_stress
FN:317,_RNvMs_NtNtCscx2lCY9pHX3_9lens_core11adversarial14stress_harnessNtB4_13StressHarness15test_cpu_stress
FN:616,_RNvMs_NtNtCscx2lCY9pHX3_9lens_core11adversarial14stress_harnessNtB4_13StressHarness17wait_for_recovery
FN:177,_RNvMs_NtNtCscx2lCY9pHX3_9lens_core11adversarial14stress_harnessNtB4_13StressHarness18establish_baseline
FN:266,_RNvMs_NtNtCscx2lCY9pHX3_9lens_core11adversarial14stress_harnessNtB4_13StressHarness18test_memory_stress
FN:131,_RNvMs_NtNtCscx2lCY9pHX3_9lens_core11adversarial14stress_harnessNtB4_13StressHarness19execute_stress_test
FN:553,_RNvMs_NtNtCscx2lCY9pHX3_9lens_core11adversarial14stress_harnessNtB4_13StressHarness20measure_baseline_cpu
FN:575,_RNvMs_NtNtCscx2lCY9pHX3_9lens_core11adversarial14stress_harnessNtB4_13StressHarness22measure_current_memory
FN:549,_RNvMs_NtNtCscx2lCY9pHX3_9lens_core11adversarial14stress_harnessNtB4_13StressHarness23measure_baseline_memory
FN:586,_RNvMs_NtNtCscx2lCY9pHX3_9lens_core11adversarial14stress_harnessNtB4_13StressHarness23measure_cpu_utilization
FN:596,_RNvMs_NtNtCscx2lCY9pHX3_9lens_core11adversarial14stress_harnessNtB4_13StressHarness23simulate_cpu_exhaustion
FN:611,_RNvMs_NtNtCscx2lCY9pHX3_9lens_core11adversarial14stress_harnessNtB4_13StressHarness24induce_controlled_stress
FN:562,_RNvMs_NtNtCscx2lCY9pHX3_9lens_core11adversarial14stress_harnessNtB4_13StressHarness24simulate_query_execution
FN:468,_RNvMs_NtNtCscx2lCY9pHX3_9lens_core11adversarial14stress_harnessNtB4_13StressHarness24test_resource_exhaustion
FN:606,_RNvMs_NtNtCscx2lCY9pHX3_9lens_core11adversarial14stress_harnessNtB4_13StressHarness25test_resource_reclamation
FN:591,_RNvMs_NtNtCscx2lCY9pHX3_9lens_core11adversarial14stress_harnessNtB4_13StressHarness26simulate_memory_exhaustion
FN:501,_RNvMs_NtNtCscx2lCY9pHX3_9lens_core11adversarial14stress_harnessNtB4_13StressHarness26test_recovery_capabilities
FN:601,_RNvMs_NtNtCscx2lCY9pHX3_9lens_core11adversarial14stress_harnessNtB4_13StressHarness27test_backpressure_mechanism
FN:192,_RNvMs_NtNtCscx2lCY9pHX3_9lens_core11adversarial14stress_harnessNtB4_13StressHarness27test_concurrent_performance
FN:621,_RNvMs_NtNtCscx2lCY9pHX3_9lens_core11adversarial14stress_harnessNtB4_13StressHarness30verify_performance_restoration
FN:580,_RNvMs_NtNtCscx2lCY9pHX3_9lens_core11adversarial14stress_harnessNtB4_13StressHarness37test_memory_operations_under_pressure
FN:557,_RNCNvMs_NtNtCscx2lCY9pHX3_9lens_core11adversarial14stress_harnessNtB6_13StressHarness21simulate_single_query0Ba_
FN:536,_RNCNvMs_NtNtCscx2lCY9pHX3_9lens_core11adversarial14stress_harnessNtB6_13StressHarness24measure_baseline_latency0Ba_
FN:125,_RNvMs_NtNtCscx2lCY9pHX3_9lens_core11adversarial14stress_harnessNtB4_13StressHarness11with_config
FN:557,_RNvMs_NtNtCscx2lCY9pHX3_9lens_core11adversarial14stress_harnessNtB4_13StressHarness21simulate_single_query
FN:536,_RNvMs_NtNtCscx2lCY9pHX3_9lens_core11adversarial14stress_harnessNtB4_13StressHarness24measure_baseline_latency
FN:117,_RNvMs_NtNtCscx2lCY9pHX3_9lens_core11adversarial14stress_harnessNtB4_13StressHarness3new
FN:33,_RNvXNtNtCscx2lCY9pHX3_9lens_core11adversarial14stress_harnessNtB2_12StressConfigNtNtCs66KPHxksi63_4core7default7Default7default
FN:679,_RNCNCNvNtNtNtCscx2lCY9pHX3_9lens_core11adversarial14stress_harness5testss_33test_baseline_latency_measurement00Bb_
FN:674,_RNCNvNtNtNtCscx2lCY9pHX3_9lens_core11adversarial14stress_harness5testss_33test_baseline_latency_measurement0B9_
FN:640,_RNvNtNtNtCscx2lCY9pHX3_9lens_core11adversarial14stress_harness5testss_27test_stress_config_creation
FN:656,_RNvNtNtNtCscx2lCY9pHX3_9lens_core11adversarial14stress_harness5testss_31test_stress_harness_with_config
FN:674,_RNvNtNtNtCscx2lCY9pHX3_9lens_core11adversarial14stress_harness5testss_33test_baseline_latency_measurement
FN:649,_RNvNtNtNtCscx2lCY9pHX3_9lens_core11adversarial14stress_harness5testss_34test_stress_harness_initialization
FNDA:0,_RNCNCNvMs_NtNtCscx2lCY9pHX3_9lens_core11adversarial14stress_harnessNtB8_13StressHarness14test_io_stress00Bc_
FNDA:0,_RNCNCNvMs_NtNtCscx2lCY9pHX3_9lens_core11adversarial14stress_harnessNtB8_13StressHarness14test_io_stress0s_0Bc_
FNDA:0,_RNCNCNvMs_NtNtCscx2lCY9pHX3_9lens_core11adversarial14stress_harnessNtB8_13StressHarness15test_cpu_stress00Bc_
FNDA:0,_RNCNCNvMs_NtNtCscx2lCY9pHX3_9lens_core11adversarial14stress_harnessNtB8_13StressHarness15test_cpu_stress0s0_0Bc_
FNDA:0,_RNCNCNvMs_NtNtCscx2lCY9pHX3_9lens_core11adversarial14stress_harnessNtB8_13StressHarness15test_cpu_stress0s_0Bc_
FNDA:0,_RNCNCNvMs_NtNtCscx2lCY9pHX3_9lens_core11adversarial14stress_harnessNtB8_13StressHarness27test_concurrent_performance00Bc_
FNDA:0,_RNCNCNvMs_NtNtCscx2lCY9pHX3_9lens_core11adversarial14stress_harnessNtB8_13StressHarness27test_concurrent_performance0s0_0Bc_
FNDA:0,_RNCNCNvMs_NtNtCscx2lCY9pHX3_9lens_core11adversarial14stress_harnessNtB8_13StressHarness27test_concurrent_performance0s_0Bc_
FNDA:0,_RNCNvMs_NtNtCscx2lCY9pHX3_9lens_core11adversarial14stress_harnessNtB6_13StressHarness14test_io_stress0Ba_
FNDA:0,_RNCNvMs_NtNtCscx2lCY9pHX3_9lens_core11adversarial14stress_harnessNtB6_13StressHarness15test_cpu_stress0Ba_
FNDA:0,_RNCNvMs_NtNtCscx2lCY9pHX3_9lens_core11adversarial14stress_harnessNtB6_13StressHarness17wait_for_recovery0Ba_
FNDA:0,_RNCNvMs_NtNtCscx2lCY9pHX3_9lens_core11adversarial14stress_harnessNtB6_13StressHarness18establish_baseline0Ba_
FNDA:0,_RNCNvMs_NtNtCscx2lCY9pHX3_9lens_core11adversarial14stress_harnessNtB6_13StressHarness18test_memory_stress0Ba_
FNDA:0,_RNCNvMs_NtNtCscx2lCY9pHX3_9lens_core11adversarial14stress_harnessNtB6_13StressHarness19execute_stress_test0Ba_
FNDA:0,_RNCNvMs_NtNtCscx2lCY9pHX3_9lens_core11adversarial14stress_harnessNtB6_13StressHarness20measure_baseline_cpu0Ba_
FNDA:0,_RNCNvMs_NtNtCscx2lCY9pHX3_9lens_core11adversarial14stress_harnessNtB6_13StressHarness22measure_current_memory0Ba_
FNDA:0,_RNCNvMs_NtNtCscx2lCY9pHX3_9lens_core11adversarial14stress_harnessNtB6_13StressHarness23measure_baseline_memory0Ba_
FNDA:0,_RNCNvMs_NtNtCscx2lCY9pHX3_9lens_core11adversarial14stress_harnessNtB6_13StressHarness23measure_cpu_utilization0Ba_
FNDA:0,_RNCNvMs_NtNtCscx2lCY9pHX3_9lens_core11adversarial14stress_harnessNtB6_13StressHarness23simulate_cpu_exhaustion0Ba_
FNDA:0,_RNCNvMs_NtNtCscx2lCY9pHX3_9lens_core11adversarial14stress_harnessNtB6_13StressHarness24induce_controlled_stress0Ba_
FNDA:0,_RNCNvMs_NtNtCscx2lCY9pHX3_9lens_core11adversarial14stress_harnessNtB6_13StressHarness24simulate_query_execution0Ba_
FNDA:0,_RNCNvMs_NtNtCscx2lCY9pHX3_9lens_core11adversarial14stress_harnessNtB6_13StressHarness24test_resource_exhaustion0Ba_
FNDA:0,_RNCNvMs_NtNtCscx2lCY9pHX3_9lens_core11adversarial14stress_harnessNtB6_13StressHarness25test_resource_reclamation0Ba_
FNDA:0,_RNCNvMs_NtNtCscx2lCY9pHX3_9lens_core11adversarial14stress_harnessNtB6_13StressHarness26simulate_memory_exhaustion0Ba_
FNDA:0,_RNCNvMs_NtNtCscx2lCY9pHX3_9lens_core11adversarial14stress_harnessNtB6_13StressHarness26test_recovery_capabilities0Ba_
FNDA:0,_RNCNvMs_NtNtCscx2lCY9pHX3_9lens_core11adversarial14stress_harnessNtB6_13StressHarness27test_backpressure_mechanism0Ba_
FNDA:0,_RNCNvMs_NtNtCscx2lCY9pHX3_9lens_core11adversarial14stress_harnessNtB6_13StressHarness27test_concurrent_performance0Ba_
FNDA:0,_RNCNvMs_NtNtCscx2lCY9pHX3_9lens_core11adversarial14stress_harnessNtB6_13StressHarness30verify_performance_restoration0Ba_
FNDA:0,_RNCNvMs_NtNtCscx2lCY9pHX3_9lens_core11adversarial14stress_harnessNtB6_13StressHarness37test_memory_operations_under_pressure0Ba_
FNDA:0,_RNvMs_NtNtCscx2lCY9pHX3_9lens_core11adversarial14stress_harnessNtB4_13StressHarness14test_io_stress
FNDA:0,_RNvMs_NtNtCscx2lCY9pHX3_9lens_core11adversarial14stress_harnessNtB4_13StressHarness15test_cpu_stress
FNDA:0,_RNvMs_NtNtCscx2lCY9pHX3_9lens_core11adversarial14stress_harnessNtB4_13StressHarness17wait_for_recovery
FNDA:0,_RNvMs_NtNtCscx2lCY9pHX3_9lens_core11adversarial14stress_harnessNtB4_13StressHarness18establish_baseline
FNDA:0,_RNvMs_NtNtCscx2lCY9pHX3_9lens_core11adversarial14stress_harnessNtB4_13StressHarness18test_memory_stress
FNDA:0,_RNvMs_NtNtCscx2lCY9pHX3_9lens_core11adversarial14stress_harnessNtB4_13StressHarness19execute_stress_test
FNDA:0,_RNvMs_NtNtCscx2lCY9pHX3_9lens_core11adversarial14stress_harnessNtB4_13StressHarness20measure_baseline_cpu
FNDA:0,_RNvMs_NtNtCscx2lCY9pHX3_9lens_core11adversarial14stress_harnessNtB4_13StressHarness22measure_current_memory
FNDA:0,_RNvMs_NtNtCscx2lCY9pHX3_9lens_core11adversarial14stress_harnessNtB4_13StressHarness23measure_baseline_memory
FNDA:0,_RNvMs_NtNtCscx2lCY9pHX3_9lens_core11adversarial14stress_harnessNtB4_13StressHarness23measure_cpu_utilization
FNDA:0,_RNvMs_NtNtCscx2lCY9pHX3_9lens_core11adversarial14stress_harnessNtB4_13StressHarness23simulate_cpu_exhaustion
FNDA:0,_RNvMs_NtNtCscx2lCY9pHX3_9lens_core11adversarial14stress_harnessNtB4_13StressHarness24induce_controlled_stress
[...]
DA:625,0
DA:626,0
DA:627,0
DA:628,0
DA:629,0
DA:630,0
DA:631,0
DA:634,0
DA:635,0
DA:636,0
DA:637,0
DA:638,0
DA:639,0
DA:640,0
DA:641,0
DA:642,0
DA:643,0
DA:646,0
DA:647,0
DA:648,0
DA:649,0
DA:650,0
DA:652,0
DA:670,1
DA:671,1
DA:672,1
DA:675,2
DA:677,1
DA:678,1
DA:679,1
DA:680,1
DA:681,1
DA:682,1
DA:684,1
DA:685,1
DA:686,1
DA:687,1
DA:688,1
DA:689,1
DA:691,1
DA:692,1
DA:693,1
DA:694,1
DA:697,1
DA:698,1
DA:700,1
DA:701,1
DA:702,1
DA:703,1
DA:704,1
DA:705,1
DA:706,1
DA:707,1
DA:708,1
DA:709,1
DA:710,1
DA:711,1
DA:712,1
DA:715,1
DA:716,1
DA:717,1
DA:718,1
DA:719,1
DA:720,1
DA:721,1
DA:722,1
DA:723,1
DA:724,1
DA:725,1
DA:726,1
DA:727,1
DA:730,1
DA:731,1
DA:732,1
DA:735,1
DA:736,1
DA:738,1
DA:739,1
DA:740,1
DA:741,1
DA:742,1
DA:743,1
DA:744,1
DA:745,1
DA:746,1
DA:747,1
DA:748,1
DA:751,1
DA:752,1
DA:753,1
DA:754,1
BRF:0
BRH:0
LF:468
LH:214
end_of_record
SF:/home/nathan/Projects/lens/src/semantic/validation.rs
FN:279,_RNCNCNvMs_NtNtCscx2lCY9pHX3_9lens_core8semantic10validationNtB8_15Phase3Validator23validate_coir_benchmark00Bc_
FN:336,_RNCNCNvMs_NtNtCscx2lCY9pHX3_9lens_core8semantic10validationNtB8_15Phase3Validator23validate_nl_improvement00Bc_
FN:390,_RNCNCNvMs_NtNtCscx2lCY9pHX3_9lens_core8semantic10validationNtB8_15Phase3Validator28validate_latency_performance00Bc_
FN:618,_RNCNvMs_NtNtCscx2lCY9pHX3_9lens_core8semantic10validationNtB6_15Phase3Validator14calculate_ndcgs_0Ba_
FN:488,_RNCNvMs_NtNtCscx2lCY9pHX3_9lens_core8semantic10validationNtB6_15Phase3Validator19analyze_performance0Ba_
FN:638,_RNCNvMs_NtNtCscx2lCY9pHX3_9lens_core8semantic10validationNtB6_15Phase3Validator20log_detailed_results0Ba_
FN:464,_RNCNvMs_NtNtCscx2lCY9pHX3_9lens_core8semantic10validationNtB6_15Phase3Validator20validate_integration0Ba_
FN:268,_RNCNvMs_NtNtCscx2lCY9pHX3_9lens_core8semantic10validationNtB6_15Phase3Validator23validate_coir_benchmark0Ba_
FN:322,_RNCNvMs_NtNtCscx2lCY9pHX3_9lens_core8semantic10validationNtB6_15Phase3Validator23validate_nl_improvement0Ba_
FN:379,_RNCNvMs_NtNtCscx2lCY9pHX3_9lens_core8semantic10validationNtB6_15Phase3Validator28validate_latency_performance0Ba_
FN:439,_RNCNvMs_NtNtCscx2lCY9pHX3_9lens_core8semantic10validationNtB6_15Phase3Validator33validate_calibration_preservation0Ba_
FN:189,_RNCNvMs_NtNtCscx2lCY9pHX3_9lens_core8semantic10validationNtB6_15Phase3Validator8validate0Ba_
FN:710,_RNCNvNtNtCscx2lCY9pHX3_9lens_core8semantic10validation30validate_phase3_implementation0B7_
FN:605,_RNvMs_NtNtCscx2lCY9pHX3_9lens_core8semantic10validationNtB4_15Phase3Validator14calculate_ndcg
FN:488,_RNvMs_NtNtCscx2lCY9pHX3_9lens_core8semantic10validationNtB4_15Phase3Validator19analyze_performance
FN:638,_RNvMs_NtNtCscx2lCY9pHX3_9lens_core8semantic10validationNtB4_15Phase3Validator20log_detailed_results
FN:464,_RNvMs_NtNtCscx2lCY9pHX3_9lens_core8semantic10validationNtB4_15Phase3Validator20validate_integration
FN:628,_RNvMs_NtNtCscx2lCY9pHX3_9lens_core8semantic10validationNtB4_15Phase3Validator23calculate_baseline_ndcg
FN:268,_RNvMs_NtNtCscx2lCY9pHX3_9lens_core8semantic10validationNtB4_15Phase3Validator23validate_coir_benchmark
FN:322,_RNvMs_NtNtCscx2lCY9pHX3_9lens_core8semantic10validationNtB4_15Phase3Validator23validate_nl_improvement
FN:633,_RNvMs_NtNtCscx2lCY9pHX3_9lens_core8semantic10validationNtB4_15Phase3Validator26calculate_ndcg_from_scores
FN:379,_RNvMs_NtNtCscx2lCY9pHX3_9lens_core8semantic10validationNtB4_15Phase3Validator28validate_latency_performance
FN:439,_RNvMs_NtNtCscx2lCY9pHX3_9lens_core8semantic10validationNtB4_15Phase3Validator33validate_calibration_preservation
FN:189,_RNvMs_NtNtCscx2lCY9pHX3_9lens_core8semantic10validationNtB4_15Phase3Validator8validate
FN:710,_RNvNtNtCscx2lCY9pHX3_9lens_core8semantic10validation30validate_phase3_implementation
FN:588,_RNCNCNvMs_NtNtCscx2lCY9pHX3_9lens_core8semantic10validationNtB8_15Phase3Validator18generate_test_data0s_0Bc_
FN:534,_RNCNvMs_NtNtCscx2lCY9pHX3_9lens_core8semantic10validationNtB6_15Phase3Validator18generate_test_data0Ba_
FN:175,_RNCNvMs_NtNtCscx2lCY9pHX3_9lens_core8semantic10validationNtB6_15Phase3Validator3new0Ba_
FN:743,_RNvNtNtNtCscx2lCY9pHX3_9lens_core8semantic10validation5testss_21test_ndcg_calculation
FN:733,_RNvNtNtNtCscx2lCY9pHX3_9lens_core8semantic10validation5testss_30test_phase3_validator_creation
FN:756,_RNvNtNtNtCscx2lCY9pHX3_9lens_core8semantic10validation5testss_31test_validation_config_defaults
FN:534,_RNvMs_NtNtCscx2lCY9pHX3_9lens_core8semantic10validationNtB4_15Phase3Validator18generate_test_data
FN:175,_RNvMs_NtNtCscx2lCY9pHX3_9lens_core8semantic10validationNtB4_15Phase3Validator3new
FN:49,_RNvXNtNtCscx2lCY9pHX3_9lens_core8semantic10validationNtB2_16ValidationConfigNtNtCs66KPHxksi63_4core7default7Default7default
FN:733,_RNCNvNtNtNtCscx2lCY9pHX3_9lens_core8semantic10validation5testss_30test_phase3_validator_creation0B9_
FN:756,_RNCNvNtNtNtCscx2lCY9pHX3_9lens_core8semantic10validation5testss_31test_validation_config_defaults0B9_
FNDA:0,_RNCNCNvMs_NtNtCscx2lCY9pHX3_9lens_core8semantic10validationNtB8_15Phase3Validator23validate_coir_benchmark00Bc_
FNDA:0,_RNCNCNvMs_NtNtCscx2lCY9pHX3_9lens_core8semantic10validationNtB8_15Phase3Validator23validate_nl_improvement00Bc_
FNDA:0,_RNCNCNvMs_NtNtCscx2lCY9pHX3_9lens_core8semantic10validationNtB8_15Phase3Validator28validate_latency_performance00Bc_
FNDA:0,_RNCNvMs_NtNtCscx2lCY9pHX3_9lens_core8semantic10validationNtB6_15Phase3Validator14calculate_ndcgs_0Ba_
FNDA:0,_RNCNvMs_NtNtCscx2lCY9pHX3_9lens_core8semantic10validationNtB6_15Phase3Validator19analyze_performance0Ba_
FNDA:0,_RNCNvMs_NtNtCscx2lCY9pHX3_9lens_core8semantic10validationNtB6_15Phase3Validator20log_detailed_results0Ba_
FNDA:0,_RNCNvMs_NtNtCscx2lCY9pHX3_9lens_core8semantic10validationNtB6_15Phase3Validator20validate_integration0Ba_
FNDA:0,_RNCNvMs_NtNtCscx2lCY9pHX3_9lens_core8semantic10validationNtB6_15Phase3Validator23validate_coir_benchmark0Ba_
FNDA:0,_RNCNvMs_NtNtCscx2lCY9pHX3_9lens_core8semantic10validationNtB6_15Phase3Validator23validate_nl_improvement0Ba_
FNDA:0,_RNCNvMs_NtNtCscx2lCY9pHX3_9lens_core8semantic10validationNtB6_15Phase3Validator28validate_latency_performance0Ba_
FNDA:0,_RNCNvMs_NtNtCscx2lCY9pHX3_9lens_core8semantic10validationNtB6_15Phase3Validator33validate_calibration_preservation0Ba_
FNDA:0,_RNCNvMs_NtNtCscx2lCY9pHX3_9lens_core8semantic10validationNtB6_15Phase3Validator8validate0Ba_
FNDA:0,_RNCNvNtNtCscx2lCY9pHX3_9lens_core8semantic10validation30validate_phase3_implementation0B7_
FNDA:0,_RNvMs_NtNtCscx2lCY9pHX3_9lens_core8semantic10validationNtB4_15Phase3Validator14calculate_ndcg
FNDA:0,_RNvMs_NtNtCscx2lCY9pHX3_9lens_core8semantic10validationNtB4_15Phase3Validator19analyze_performance
FNDA:0,_RNvMs_NtNtCscx2lCY9pHX3_9lens_core8semantic10validationNtB4_15Phase3Validator20log_detailed_results
FNDA:0,_RNvMs_NtNtCscx2lCY9pHX3_9lens_core8semantic10validationNtB4_15Phase3Validator20validate_integration
FNDA:0,_RNvMs_NtNtCscx2lCY9pHX3_9lens_core8semantic10validationNtB4_15Phase3Validator23calculate_baseline_ndcg
FNDA:0,_RNvMs_NtNtCscx2lCY9pHX3_9lens_core8semantic10validationNtB4_15Phase3Validator23validate_coir_benchmark
FNDA:0,_RNvMs_NtNtCscx2lCY9pHX3_9lens_core8semantic10validationNtB4_15Phase3Validator23validate_nl_improvement
FNDA:0,_RNvMs_NtNtCscx2lCY9pHX3_9lens_core8semantic10validationNtB4_15Phase3Validator26calculate_ndcg_from_scores
FNDA:0,_RNvMs_NtNtCscx2lCY9pHX3_9lens_core8semantic10validationNtB4_15Phase3Validator28validate_latency_performance
FNDA:0,_RNvMs_NtNtCscx2lCY9pHX3_9lens_core8semantic10validationNtB4_15Phase3Validator33validate_calibration_preservation
FNDA:0,_RNvMs_NtNtCscx2lCY9pHX3_9lens_core8semantic10validationNtB4_15Phase3Validator8validate
FNDA:0,_RNvNtNtCscx2lCY9pHX3_9lens_core8semantic10validation30validate_phase3_implementation
FNDA:20,_RNCNCNvMs_NtNtCscx2lCY9pHX3_9lens_core8semantic10validationNtB8_15Phase3Validator18generate_test_data0s_0Bc_
FNDA:1,_RNCNvMs_NtNtCscx2lCY9pHX3_9lens_core8semantic10validationNtB6_15Phase3Validator18generate_test_data0Ba_
FNDA:1,_RNCNvMs_NtNtCscx2lCY9pHX3_9lens_core8semantic10validationNtB6_15Phase3Validator3new0Ba_
FNDA:1,_RNvNtNtNtCscx2lCY9pHX3_9lens_core8semantic10validation5testss_21test_ndcg_calculation
FNDA:1,_RNvNtNtNtCscx2lCY9pHX3_9lens_core8semantic10validation5testss_30test_phase3_validator_creation
FNDA:1,_RNvNtNtNtCscx2lCY9pHX3_9lens_core8semantic10validation5testss_31test_validation_config_defaults
FNDA:1,_RNvMs_NtNtCscx2lCY9pHX3_9lens_core8semantic10validationNtB4_15Phase3Validator18generate_test_data
FNDA:1,_RNvMs_NtNtCscx2lCY9pHX3_9lens_core8semantic10validationNtB4_15Phase3Validator3new
FNDA:3,_RNvXNtNtCscx2lCY9pHX3_9lens_core8semantic10validationNtB2_16ValidationConfigNtNtCs66KPHxksi63_4core7default7Default7default
FNDA:1,_RNCNvNtNtNtCscx2lCY9pHX3_9lens_core8semantic10validation5testss_30test_phase3_validator_creation0B9_
FNDA:1,_RNCNvNtNtNtCscx2lCY9pHX3_9lens_core8semantic10validation5testss_31test_validation_config_defaults0B9_
FNF:36
FNH:11
DA:49,3
DA:50,3
DA:51,3
DA:52,3
DA:53,3
DA:54,3
DA:55,3
DA:56,3
DA:57,3
DA:58,3
DA:175,1
DA:176,1
DA:178,1
DA:179,1
DA:181,1
DA:182,1
DA:183,1
DA:184,1
DA:185,1
DA:186,1
DA:189,0
DA:190,0
DA:191,0
DA:197,0
DA:200,0
DA:201,0
DA:204,0
DA:205,0
DA:208,0
DA:209,0
DA:212,0
DA:213,0
DA:216,0
DA:217,0
DA:220,0
DA:221,0
DA:224,0
DA:225,0
DA:226,0
DA:227,0
DA:228,0
DA:229,0
DA:230,0
DA:232,0
DA:233,0
DA:234,0
DA:235,0
DA:236,0
DA:238,0
DA:239,0
DA:240,0
DA:241,0
DA:242,0
DA:243,0
DA:244,0
DA:245,0
DA:247,0
DA:249,0
DA:250,0
DA:251,0
DA:252,0
DA:253,0
DA:254,0
DA:255,0
DA:258,0
DA:259,0
DA:260,0
DA:262,0
DA:264,0
DA:265,0
DA:268,0
DA:269,0
DA:272,0
DA:273,0
DA:275,0
DA:277,0
DA:278,0
DA:279,0
DA:280,0
DA:281,0
DA:283,0
DA:284,0
DA:285,0
DA:286,0
DA:288,0
DA:289,0
DA:290,0
DA:291,0
DA:292,0
DA:293,0
DA:294,0
DA:295,0
DA:296,0
DA:299,0
DA:302,0
DA:303,0
DA:304,0
DA:307,0
DA:308,0
DA:310,0
DA:312,0
DA:314,0
DA:315,0
DA:316,0
DA:317,0
DA:318,0
DA:319,0
DA:322,0
DA:323,0
DA:326,0
DA:327,0
DA:329,0
DA:331,0
DA:334,0
DA:335,0
DA:336,0
DA:337,0
DA:338,0
DA:339,0
DA:340,0
DA:341,0
DA:342,0
DA:343,0
DA:345,0
DA:346,0
DA:347,0
DA:348,0
DA:349,0
DA:350,0
DA:351,0
DA:352,0
DA:353,0
DA:355,0
DA:356,0
DA:359,0
DA:360,0
DA:361,0
DA:364,0
DA:365,0
DA:367,0
DA:369,0
DA:371,0
DA:372,0
DA:373,0
DA:374,0
DA:375,0
DA:376,0
DA:379,0
DA:380,0
DA:383,0
DA:386,0
DA:387,0
DA:388,0
DA:389,0
DA:390,0
DA:391,0
DA:392,0
DA:393,0
DA:394,0
DA:395,0
DA:396,0
DA:397,0
DA:399,0
DA:400,0
DA:401,0
DA:402,0
DA:403,0
DA:404,0
DA:405,0
DA:406,0
DA:407,0
DA:409,0
DA:410,0
DA:411,0
DA:413,0
DA:418,0
DA:419,0
DA:420,0
DA:421,0
DA:423,0
DA:425,0
DA:427,0
DA:429,0
DA:430,0
DA:431,0
DA:432,0
DA:433,0
DA:434,0
DA:435,0
DA:436,0
DA:439,0
DA:440,0
DA:448,0
DA:449,0
DA:451,0
DA:453,0
DA:455,0
DA:456,0
DA:457,0
DA:458,0
DA:459,0
DA:460,0
DA:461,0
DA:464,0
DA:465,0
DA:468,0
DA:471,0
DA:472,0
DA:473,0
DA:475,0
DA:476,0
DA:478,0
DA:479,0
DA:480,0
DA:481,0
DA:482,0
DA:483,0
DA:484,0
DA:485,0
DA:488,0
DA:489,0
DA:492,0
DA:493,0
DA:494,0
DA:495,0
DA:496,0
DA:497,0
DA:498,0
DA:499,0
DA:500,0
DA:501,0
DA:502,0
DA:503,0
DA:504,0
DA:505,0
DA:506,0
DA:507,0
DA:508,0
DA:509,0
DA:510,0
DA:511,0
DA:512,0
DA:513,0
DA:514,0
DA:515,0
DA:516,0
DA:517,0
DA:518,0
DA:519,0
DA:520,0
DA:521,0
DA:522,0
DA:523,0
DA:524,0
DA:525,0
DA:526,0
DA:527,0
DA:529,0
DA:530,0
DA:534,1
DA:535,1
DA:538,1
DA:539,1
DA:540,1
DA:541,1
DA:542,1
DA:543,1
DA:544,1
DA:545,1
DA:546,1
DA:547,1
DA:548,1
DA:549,1
DA:550,1
DA:551,1
DA:552,1
DA:553,1
DA:554,1
DA:555,1
DA:556,1
DA:557,1
DA:558,1
DA:559,1
DA:560,1
DA:561,1
DA:562,1
DA:563,1
DA:567,1
DA:568,1
DA:569,1
DA:570,1
DA:571,1
DA:572,1
DA:573,1
DA:574,1
DA:575,1
DA:576,1
DA:577,1
DA:578,1
DA:579,1
DA:580,1
DA:584,1
DA:586,1
DA:587,1
DA:588,20
DA:589,20
DA:590,20
DA:592,20
DA:597,1
DA:598,1
DA:599,1
DA:600,1
DA:601,1
DA:602,1
DA:603,1
DA:605,0
DA:607,0
DA:608,0
DA:610,0
DA:611,0
DA:612,0
DA:613,0
DA:617,0
DA:618,0
DA:620,0
DA:621,0
DA:622,0
DA:623,0
DA:625,0
DA:626,0
DA:628,0
DA:630,0
DA:631,0
DA:633,0
DA:635,0
DA:636,0
DA:638,0
DA:639,0
DA:640,0
DA:641,0
DA:642,0
DA:643,0
DA:644,0
DA:646,0
DA:647,0
DA:649,0
DA:650,0
DA:652,0
DA:653,0
DA:655,0
DA:656,0
DA:657,0
DA:658,0
DA:659,0
DA:660,0
DA:661,0
DA:662,0
DA:663,0
DA:664,0
DA:710,0
DA:711,0
DA:713,0
DA:714,0
DA:716,0
DA:717,0
DA:718,0
DA:720,0
DA:721,0
DA:724,0
DA:725,0
DA:733,1
DA:734,1
DA:735,1
DA:736,1
DA:738,1
DA:739,1
DA:740,1
DA:743,1
DA:744,1
DA:745,1
DA:746,1
DA:752,1
DA:753,1
DA:756,1
DA:757,1
DA:759,1
DA:760,1
DA:761,1
DA:762,1
DA:763,1
BRF:0
BRH:0
LF:407
LH:103
end_of_record
SF:/home/nathan/Projects/lens/src/server/api_types.rs
FN:486,_RNvMNtNtCscx2lCY9pHX3_9lens_core6server9api_typesNtB2_13SearchRequest8validate
FN:548,_RNvMs0_NtNtCscx2lCY9pHX3_9lens_core6server9api_typesNtB5_18SymbolsNearRequest8validate
FN:523,_RNvMs_NtNtCscx2lCY9pHX3_9lens_core6server9api_typesNtB4_13StructRequest8validate
FNDA:0,_RNvMNtNtCscx2lCY9pHX3_9lens_core6server9api_typesNtB2_13SearchRequest8validate
FNDA:0,_RNvMs0_NtNtCscx2lCY9pHX3_9lens_core6server9api_typesNtB5_18SymbolsNearRequest8validate
FNDA:0,_RNvMs_NtNtCscx2lCY9pHX3_9lens_core6server9api_typesNtB4_13StructRequest8validate
FNF:3
FNH:0
DA:486,0
DA:487,0
DA:488,0
DA:489,0
DA:491,0
DA:492,0
DA:493,0
DA:495,0
DA:496,0
DA:497,0
DA:499,0
DA:500,0
DA:501,0
DA:503,0
DA:504,0
DA:505,0
DA:507,0
DA:508,0
DA:509,0
DA:511,0
DA:512,0
DA:513,0
DA:514,0
DA:515,0
DA:517,0
DA:518,0
DA:523,0
DA:524,0
DA:525,0
DA:526,0
DA:528,0
DA:529,0
DA:530,0
DA:532,0
DA:533,0
DA:534,0
DA:536,0
DA:537,0
DA:538,0
DA:539,0
DA:540,0
DA:542,0
DA:543,0
DA:548,0
DA:549,0
DA:550,0
DA:551,0
DA:553,0
DA:554,0
DA:555,0
DA:557,0
DA:558,0
DA:559,0
DA:560,0
DA:561,0
DA:563,0
DA:564,0
BRF:0
BRH:0
LF:57
LH:0
end_of_record
SF:/home/nathan/Projects/lens/src/server/mod.rs
FN:202,_RNCNCNCNvNtCscx2lCY9pHX3_9lens_core6server14search_handler000B9_
FN:274,_RNCNCNCNvNtCscx2lCY9pHX3_9lens_core6server20symbols_near_handler000B9_
FN:240,_RNCNCNCNvNtCscx2lCY9pHX3_9lens_core6server21struct_search_handler000B9_
FN:87,_RNCNCNvNtCscx2lCY9pHX3_9lens_core6server13create_server00B7_
FN:97,_RNCNCNvNtCscx2lCY9pHX3_9lens_core6server13create_server0s0_0B7_
FN:93,_RNCNCNvNtCscx2lCY9pHX3_9lens_core6server13create_server0s_0B7_
FN:103,_RNCNvNtCscx2lCY9pHX3_9lens_core6server10create_app0B5_
FN:74,_RNCNvNtCscx2lCY9pHX3_9lens_core6server13create_server0B5_
FN:301,_RNCNvNtCscx2lCY9pHX3_9lens_core6server14health_handler0B5_
FN:194,_RNCNvNtCscx2lCY9pHX3_9lens_core6server14search_handler0B5_
FN:315,_RNCNvNtCscx2lCY9pHX3_9lens_core6server16manifest_handler0B5_
FN:371,_RNCNvNtCscx2lCY9pHX3_9lens_core6server18spi_health_handler0B5_
FN:367,_RNCNvNtCscx2lCY9pHX3_9lens_core6server18spi_search_handler0B5_
FN:175,_RNCNvNtCscx2lCY9pHX3_9lens_core6server18timeout_middleware0B5_
FN:338,_RNCNvNtCscx2lCY9pHX3_9lens_core6server20compat_check_handler0B5_
FN:268,_RNCNvNtCscx2lCY9pHX3_9lens_core6server20symbols_near_handler0B5_
FN:234,_RNCNvNtCscx2lCY9pHX3_9lens_core6server21struct_search_handler0B5_
FN:363,_RNCNvNtCscx2lCY9pHX3_9lens_core6server22compat_bundles_handler0B5_
FN:143,_RNCNvNtCscx2lCY9pHX3_9lens_core6server26request_tracing_middleware0B5_
FN:103,_RNvNtCscx2lCY9pHX3_9lens_core6server10create_app
FN:68,_RNvNtCscx2lCY9pHX3_9lens_core6server13create_server
FN:299,_RNvNtCscx2lCY9pHX3_9lens_core6server14health_handler
FN:191,_RNvNtCscx2lCY9pHX3_9lens_core6server14search_handler
FN:313,_RNvNtCscx2lCY9pHX3_9lens_core6server16manifest_handler
FN:371,_RNvNtCscx2lCY9pHX3_9lens_core6server18spi_health_handler
FN:367,_RNvNtCscx2lCY9pHX3_9lens_core6server18spi_search_handler
FN:172,_RNvNtCscx2lCY9pHX3_9lens_core6server18timeout_middleware
FN:335,_RNvNtCscx2lCY9pHX3_9lens_core6server20compat_check_handler
FN:265,_RNvNtCscx2lCY9pHX3_9lens_core6server20symbols_near_handler
FN:231,_RNvNtCscx2lCY9pHX3_9lens_core6server21struct_search_handler
FN:363,_RNvNtCscx2lCY9pHX3_9lens_core6server22compat_bundles_handler
FN:139,_RNvNtCscx2lCY9pHX3_9lens_core6server26request_tracing_middleware
FN:55,_RNvXNtCscx2lCY9pHX3_9lens_core6serverNtB2_12ServerConfigNtNtCs66KPHxksi63_4core7default7Default7default
FN:406,_RNvXs0_NtCscx2lCY9pHX3_9lens_core6serverNtB5_8ApiErrorNtNtCs66KPHxksi63_4core3fmt7Display3fmt
FN:386,_RNvXs_NtCscx2lCY9pHX3_9lens_core6serverNtB4_8ApiErrorNtNtNtCsdM3UGmfgGeK_9axum_core8response13into_response12IntoResponse13into_response
FNDA:0,_RNCNCNCNvNtCscx2lCY9pHX3_9lens_core6server14search_handler000B9_
FNDA:0,_RNCNCNCNvNtCscx2lCY9pHX3_9lens_core6server20symbols_near_handler000B9_
FNDA:0,_RNCNCNCNvNtCscx2lCY9pHX3_9lens_core6server21struct_search_handler000B9_
FNDA:0,_RNCNCNvNtCscx2lCY9pHX3_9lens_core6server13create_server00B7_
FNDA:0,_RNCNCNvNtCscx2lCY9pHX3_9lens_core6server13create_server0s0_0B7_
FNDA:0,_RNCNCNvNtCscx2lCY9pHX3_9lens_core6server13create_server0s_0B7_
FNDA:0,_RNCNvNtCscx2lCY9pHX3_9lens_core6server10create_app0B5_
FNDA:0,_RNCNvNtCscx2lCY9pHX3_9lens_core6server13create_server0B5_
FNDA:0,_RNCNvNtCscx2lCY9pHX3_9lens_core6server14health_handler0B5_
FNDA:0,_RNCNvNtCscx2lCY9pHX3_9lens_core6server14search_handler0B5_
FNDA:0,_RNCNvNtCscx2lCY9pHX3_9lens_core6server16manifest_handler0B5_
FNDA:0,_RNCNvNtCscx2lCY9pHX3_9lens_core6server18spi_health_handler0B5_
FNDA:0,_RNCNvNtCscx2lCY9pHX3_9lens_core6server18spi_search_handler0B5_
FNDA:0,_RNCNvNtCscx2lCY9pHX3_9lens_core6server18timeout_middleware0B5_
FNDA:0,_RNCNvNtCscx2lCY9pHX3_9lens_core6server20compat_check_handler0B5_
FNDA:0,_RNCNvNtCscx2lCY9pHX3_9lens_core6server20symbols_near_handler0B5_
FNDA:0,_RNCNvNtCscx2lCY9pHX3_9lens_core6server21struct_search_handler0B5_
FNDA:0,_RNCNvNtCscx2lCY9pHX3_9lens_core6server22compat_bundles_handler0B5_
FNDA:0,_RNCNvNtCscx2lCY9pHX3_9lens_core6server26request_tracing_middleware0B5_
FNDA:0,_RNvNtCscx2lCY9pHX3_9lens_core6server10create_app
FNDA:0,_RNvNtCscx2lCY9pHX3_9lens_core6server13create_server
FNDA:0,_RNvNtCscx2lCY9pHX3_9lens_core6server14health_handler
FNDA:0,_RNvNtCscx2lCY9pHX3_9lens_core6server14search_handler
FNDA:0,_RNvNtCscx2lCY9pHX3_9lens_core6server16manifest_handler
FNDA:0,_RNvNtCscx2lCY9pHX3_9lens_core6server18spi_health_handler
FNDA:0,_RNvNtCscx2lCY9pHX3_9lens_core6server18spi_search_handler
FNDA:0,_RNvNtCscx2lCY9pHX3_9lens_core6server18timeout_middleware
FNDA:0,_RNvNtCscx2lCY9pHX3_9lens_core6server20compat_check_handler
FNDA:0,_RNvNtCscx2lCY9pHX3_9lens_core6server20symbols_near_handler
FNDA:0,_RNvNtCscx2lCY9pHX3_9lens_core6server21struct_search_handler
FNDA:0,_RNvNtCscx2lCY9pHX3_9lens_core6server22compat_bundles_handler
FNDA:0,_RNvNtCscx2lCY9pHX3_9lens_core6server26request_tracing_middleware
FNDA:0,_RNvXNtCscx2lCY9pHX3_9lens_core6serverNtB2_12ServerConfigNtNtCs66KPHxksi63_4core7default7Default7default
FNDA:0,_RNvXs0_NtCscx2lCY9pHX3_9lens_core6serverNtB5_8ApiErrorNtNtCs66KPHxksi63_4core3fmt7Display3fmt
FNDA:0,_RNvXs_NtCscx2lCY9pHX3_9lens_core6serverNtB4_8ApiErrorNtNtNtCsdM3UGmfgGeK_9axum_core8response13into_response12IntoResponse13into_response
FNF:35
FNH:0
DA:55,0
DA:56,0
DA:57,0
DA:58,0
DA:59,0
DA:60,0
DA:61,0
DA:62,0
DA:63,0
DA:64,0
DA:68,0
DA:69,0
DA:70,0
DA:71,0
DA:72,0
DA:73,0
DA:74,0
DA:75,0
DA:76,0
DA:77,0
DA:78,0
DA:79,0
DA:80,0
DA:81,0
DA:83,0
DA:85,0
DA:86,0
DA:87,0
DA:89,0
DA:91,0
DA:92,0
DA:93,0
DA:95,0
DA:96,0
DA:97,0
DA:99,0
DA:100,0
DA:103,0
DA:104,0
DA:105,0
DA:106,0
DA:107,0
DA:109,0
DA:111,0
DA:113,0
DA:114,0
DA:115,0
DA:118,0
DA:119,0
DA:120,0
DA:121,0
DA:124,0
DA:125,0
DA:128,0
DA:129,0
DA:130,0
DA:131,0
DA:132,0
DA:134,0
DA:135,0
DA:139,0
DA:140,0
DA:141,0
DA:142,0
DA:143,0
DA:150,0
DA:169,0
DA:172,0
DA:173,0
DA:174,0
DA:175,0
DA:176,0
DA:177,0
DA:179,0
DA:180,0
DA:183,0
DA:191,0
DA:192,0
DA:193,0
DA:194,0
DA:202,0
DA:227,0
DA:231,0
DA:232,0
DA:233,0
DA:234,0
DA:240,0
DA:261,0
DA:265,0
DA:266,0
DA:267,0
DA:268,0
DA:274,0
DA:295,0
DA:299,0
DA:300,0
DA:301,0
DA:309,0
DA:313,0
DA:314,0
DA:315,0
DA:331,0
DA:335,0
DA:336,0
DA:337,0
DA:338,0
DA:360,0
DA:363,0
DA:364,0
DA:365,0
DA:367,0
DA:368,0
DA:369,0
DA:371,0
DA:372,0
DA:373,0
DA:386,0
DA:387,0
DA:388,0
DA:389,0
DA:390,0
DA:391,0
DA:392,0
DA:395,0
DA:396,0
DA:397,0
DA:398,0
DA:399,0
DA:401,0
DA:402,0
DA:406,0
DA:407,0
DA:408,0
DA:409,0
DA:410,0
DA:411,0
DA:412,0
DA:414,0
BRF:0
BRH:0
LF:154
LH:0
end_of_record